Traceback (most recent call last):
  File "main.py", line 17, in <module>
    from src.model import check_model_params, build_modules
  File "/central/home/aypan/enc_dec/src/model/__init__.py", line 12, in <module>
    from .transformer import TransformerModel, TreeLSTM_Encoder
  File "/central/home/aypan/enc_dec/src/model/transformer.py", line 18, in <module>
Traceback (most recent call last):
  File "main.py", line 17, in <module>
    from src.envs.char_sp import BinaryEqnTree, SYMBOL_ENCODER, EOS, LEAF, VOCAB, BINARY, UNARY, \
  File "/central/home/aypan/enc_dec/src/envs/__init__.py", line 10, in <module>
    from src.model import check_model_params, build_modules
  File "/central/home/aypan/enc_dec/src/model/__init__.py", line 12, in <module>
    from .char_sp import CharSPEnvironment
  File "/central/home/aypan/enc_dec/src/envs/char_sp.py", line 18, in <module>
    from .transformer import TransformerModel, TreeLSTM_Encoder
  File "/central/home/aypan/enc_dec/src/model/transformer.py", line 18, in <module>
    import numexpr as ne
ModuleNotFoundError: No module named 'numexpr'
    from src.envs.char_sp import BinaryEqnTree, SYMBOL_ENCODER, EOS, LEAF, VOCAB, BINARY, UNARY, \
  File "/central/home/aypan/enc_dec/src/envs/__init__.py", line 10, in <module>
    from .char_sp import CharSPEnvironment
  File "/central/home/aypan/enc_dec/src/envs/char_sp.py", line 18, in <module>
    import numexpr as ne
ModuleNotFoundError: No module named 'numexpr'
Traceback (most recent call last):
  File "main.py", line 17, in <module>
    from src.model import check_model_params, build_modules
  File "/central/home/aypan/enc_dec/src/model/__init__.py", line 12, in <module>
    from .transformer import TransformerModel, TreeLSTM_Encoder
  File "/central/home/aypan/enc_dec/src/model/transformer.py", line 18, in <module>
Traceback (most recent call last):
  File "main.py", line 17, in <module>
    from src.envs.char_sp import BinaryEqnTree, SYMBOL_ENCODER, EOS, LEAF, VOCAB, BINARY, UNARY, \
  File "/central/home/aypan/enc_dec/src/envs/__init__.py", line 10, in <module>
    from src.model import check_model_params, build_modules
  File "/central/home/aypan/enc_dec/src/model/__init__.py", line 12, in <module>
    from .char_sp import CharSPEnvironment
  File "/central/home/aypan/enc_dec/src/envs/char_sp.py", line 18, in <module>
    from .transformer import TransformerModel, TreeLSTM_Encoder
  File "/central/home/aypan/enc_dec/src/model/transformer.py", line 18, in <module>
    import numexpr as ne
ModuleNotFoundError: No module named 'numexpr'
    from src.envs.char_sp import BinaryEqnTree, SYMBOL_ENCODER, EOS, LEAF, VOCAB, BINARY, UNARY, \
  File "/central/home/aypan/enc_dec/src/envs/__init__.py", line 10, in <module>
    from .char_sp import CharSPEnvironment
  File "/central/home/aypan/enc_dec/src/envs/char_sp.py", line 18, in <module>
    import numexpr as ne
ModuleNotFoundError: No module named 'numexpr'
Traceback (most recent call last):
  File "/home/aypan/miniconda3/lib/python3.7/runpy.py", line 193, in _run_module_as_main
    "__main__", mod_spec)
  File "/home/aypan/miniconda3/lib/python3.7/runpy.py", line 85, in _run_code
    exec(code, run_globals)
  File "/home/aypan/miniconda3/lib/python3.7/site-packages/torch/distributed/launch.py", line 263, in <module>
    main()
  File "/home/aypan/miniconda3/lib/python3.7/site-packages/torch/distributed/launch.py", line 259, in main
    cmd=cmd)
subprocess.CalledProcessError: Command '['/home/aypan/miniconda3/bin/python3', '-u', 'main.py', '--local_rank=3', '--exp_name', 'treelstm_noinit']' returned non-zero exit status 1.
*****************************************
Setting OMP_NUM_THREADS environment variable for each process to be 1 in default, to avoid your system being overloaded, please further tune the variable for optimal performance in your application as needed. 
*****************************************
/var/spool/slurmd/job10967705/slurm_script: line 22: --tasks: command not found
/var/spool/slurmd/job10967705/slurm_script: line 26: --emb_dim: command not found
/var/spool/slurmd/job10967705/slurm_script: line 34: --optimizer: command not found
done
