0 - SLURM_JOB_ID: 11095316
0 - SLURM_JOB_NODELIST: hpc-25-17
0 - SLURM_JOB_NUM_NODES: 1
0 - SLURM_NTASKS: 1
0 - SLURM_TASKS_PER_NODE: 4
0 - SLURM_MEM_PER_NODE: None
0 - SLURM_MEM_PER_CPU: 4096
0 - SLURM_NODEID: 0
0 - SLURM_PROCID: 0
0 - SLURM_LOCALID: 0
0 - SLURM_TASK_PID: 11323
0 - Master address: 127.0.0.1
0 - Master port   : 29500
0 - Number of nodes: 1
0 - Node ID					   : 0
0 - Local rank				   : 0
0 - Global rank    : 0
0 - World size				   : 1
0 - GPUs per node  : 1
0 - Master					   : True
0 - Multi-node				   : False
0 - Multi-GPU				   : False
0 - Hostname				   : hpc-25-17.cm.cluster
INFO - 08/25/20 15:06:15 - 0:00:00 - ============ Initialized logger ============
INFO - 08/25/20 15:06:15 - 0:00:00 - accumulate_gradients: 1
                                     amp: -1
                                     attention_dropout: 0
                                     balanced: False
                                     batch_size: 32
                                     beam_early_stopping: True
                                     beam_eval: True
                                     beam_length_penalty: 1.0
                                     beam_size: 10
                                     clean_prefix_expr: True
                                     clip_grad_norm: 5
                                     command: python main.py --local_rank=0 --exp_name treelstm_noparaminit_eval --eval_only true --reload_model 'dumped/treelstm_noinit/10976003/best-valid_ode2_acc.pth' --beam_eval true --beam_size 10 --beam_length_penalty '1.0' --beam_early_stopping 1 --eval_verbose 1 --eval_verbose_print false --emb_dim 256 --n_dec_layers 6 --n_heads 8 --dropout '0.1' --treelstm --symmetric --num_bit 10 --optimizer 'adam,lr=0.0001' --batch_size 32 --tasks ode2 --reload_data 'ode2,ode2.train,ode2.valid,ode2.test' --exp_id "11095316"
                                     cpu: False
                                     debug: False
                                     debug_slurm: False
                                     dropout: 0.1
                                     dump_path: ./dumped/treelstm_noparaminit_eval/11095316
                                     emb_dim: 256
                                     env_base_seed: 0
                                     env_name: char_sp
                                     epoch_size: 300000
                                     eval_only: True
                                     eval_verbose: 1
                                     eval_verbose_print: False
                                     exp_id: 11095316
                                     exp_name: treelstm_noparaminit_eval
                                     export_data: False
                                     fp16: False
                                     global_rank: 0
                                     int_base: 10
                                     is_master: True
                                     is_slurm_job: True
                                     leaf_probs: 0.75,0,0.25,0
                                     local_rank: 0
                                     master_addr: 127.0.0.1
                                     master_port: 29500
                                     max_epoch: 100000
                                     max_int: 10000
                                     max_len: 512
                                     max_ops: 10
                                     max_ops_G: 4
                                     multi_gpu: False
                                     multi_node: False
                                     n_coefficients: 0
                                     n_dec_layers: 6
                                     n_enc_layers: 4
                                     n_gpu_per_node: 1
                                     n_heads: 8
                                     n_nodes: 1
                                     n_variables: 1
                                     node_id: 0
                                     num_bit: 10
                                     num_workers: 10
                                     operators: add:2,sub:1
                                     optimizer: adam,lr=0.0001
                                     order: 1
                                     positive: False
                                     precision: 10
                                     reload_checkpoint: 
                                     reload_data: ode2,ode2.train,ode2.valid,ode2.test
                                     reload_model: dumped/treelstm_noinit/10976003/best-valid_ode2_acc.pth
                                     reload_size: -1
                                     rewrite_functions: 
                                     same_nb_ops_per_batch: False
                                     save_periodic: 0
                                     share_inout_emb: True
                                     sinusoidal_embeddings: False
                                     stopping_criterion: 
                                     symmetric: True
                                     tasks: ode2
                                     treelstm: True
                                     validation_metrics: 
                                     vars: 1
                                     world_size: 1
INFO - 08/25/20 15:06:15 - 0:00:00 - The experiment will be stored in ./dumped/treelstm_noparaminit_eval/11095316
                                     
INFO - 08/25/20 15:06:15 - 0:00:00 - Running command: python main.py --local_rank=0 --exp_name treelstm_noparaminit_eval --eval_only true --reload_model 'dumped/treelstm_noinit/10976003/best-valid_ode2_acc.pth' --beam_eval true --beam_size 10 --beam_length_penalty '1.0' --beam_early_stopping 1 --eval_verbose 1 --eval_verbose_print false --emb_dim 256 --n_dec_layers 6 --n_heads 8 --dropout '0.1' --treelstm --symmetric --num_bit 10 --optimizer 'adam,lr=0.0001' --batch_size 32 --tasks ode2 --reload_data 'ode2,ode2.train,ode2.valid,ode2.test'

WARNING - 08/25/20 15:06:15 - 0:00:00 - Signal handler installed.
INFO - 08/25/20 15:06:15 - 0:00:00 - Unary operators: []
INFO - 08/25/20 15:06:15 - 0:00:00 - Binary operators: ['add', 'sub']
INFO - 08/25/20 15:06:15 - 0:00:00 - words: {'<s>': 0, '</s>': 1, '<pad>': 2, '(': 3, ')': 4, '<SPECIAL_5>': 5, '<SPECIAL_6>': 6, '<SPECIAL_7>': 7, '<SPECIAL_8>': 8, '<SPECIAL_9>': 9, 'pi': 10, 'E': 11, 'x': 12, 'y': 13, 'z': 14, 't': 15, 'a0': 16, 'a1': 17, 'a2': 18, 'a3': 19, 'a4': 20, 'a5': 21, 'a6': 22, 'a7': 23, 'a8': 24, 'a9': 25, 'abs': 26, 'acos': 27, 'acosh': 28, 'acot': 29, 'acoth': 30, 'acsc': 31, 'acsch': 32, 'add': 33, 'asec': 34, 'asech': 35, 'asin': 36, 'asinh': 37, 'atan': 38, 'atanh': 39, 'cos': 40, 'cosh': 41, 'cot': 42, 'coth': 43, 'csc': 44, 'csch': 45, 'derivative': 46, 'div': 47, 'exp': 48, 'f': 49, 'g': 50, 'h': 51, 'inv': 52, 'ln': 53, 'mul': 54, 'pow': 55, 'pow2': 56, 'pow3': 57, 'pow4': 58, 'pow5': 59, 'rac': 60, 'sec': 61, 'sech': 62, 'sign': 63, 'sin': 64, 'sinh': 65, 'sqrt': 66, 'sub': 67, 'tan': 68, 'tanh': 69, 'I': 70, 'INT+': 71, 'INT-': 72, 'INT': 73, 'FLOAT': 74, '-': 75, '.': 76, '10^': 77, 'Y': 78, "Y'": 79, "Y''": 80, '0': 81, '1': 82, '2': 83, '3': 84, '4': 85, '5': 86, '6': 87, '7': 88, '8': 89, '9': 90}
INFO - 08/25/20 15:06:15 - 0:00:00 - 20001 possible leaves.
INFO - 08/25/20 15:06:15 - 0:00:00 - Checking expressions in [0.01, 0.1, 0.3, 0.5, 0.7, 0.9, 1.1, 2.1, 3.1, -0.01, -0.1, -0.3, -0.5, -0.7, -0.9, -1.1, -2.1, -3.1]
INFO - 08/25/20 15:06:15 - 0:00:00 - Training tasks: ode2
INFO - 08/25/20 15:06:16 - 0:00:00 - Reloading modules from dumped/treelstm_noinit/10976003/best-valid_ode2_acc.pth ...
INFO - 08/25/20 15:06:17 - 0:00:02 - Number of parameters (encoder): 14867712
INFO - 08/25/20 15:06:17 - 0:00:02 - Number of parameters (decoder): 7393115
INFO - 08/25/20 15:06:17 - 0:00:02 - Found 583 parameters in model.
INFO - 08/25/20 15:06:17 - 0:00:02 - Optimizers: model
INFO - 08/25/20 15:06:17 - 0:00:02 - Writing evaluation results in ./dumped/treelstm_noparaminit_eval/11095316/eval.ode2.0 ...
INFO - 08/25/20 15:06:17 - 0:00:02 - Creating valid iterator for ode2 ...
INFO - 08/25/20 15:06:17 - 0:00:02 - Loading data from ode2.valid ...
INFO - 08/25/20 15:06:17 - 0:00:02 - Loaded 8941 equations from the disk.
INFO - 08/25/20 15:06:19 - 0:00:03 - (32/8941) Found 0/32 valid top-1 predictions. Generating solutions ...
INFO - 08/25/20 15:06:20 - 0:00:05 - check hypothesis
INFO - 08/25/20 15:11:14 - 0:04:58 - 	  Found 0/32 solutions in beam hypotheses.
INFO - 08/25/20 15:11:15 - 0:04:59 - (64/8941) Found 0/32 valid top-1 predictions. Generating solutions ...
INFO - 08/25/20 15:11:16 - 0:05:00 - check hypothesis
INFO - 08/25/20 15:15:49 - 0:09:33 - 	  Found 1/32 solutions in beam hypotheses.
INFO - 08/25/20 15:15:49 - 0:09:34 - (95/8941) Found 0/31 valid top-1 predictions. Generating solutions ...
INFO - 08/25/20 15:15:51 - 0:09:35 - check hypothesis
INFO - 08/25/20 15:21:12 - 0:14:57 - 	  Found 0/31 solutions in beam hypotheses.
INFO - 08/25/20 15:21:13 - 0:14:58 - (127/8941) Found 0/32 valid top-1 predictions. Generating solutions ...
INFO - 08/25/20 15:21:15 - 0:14:59 - check hypothesis
INFO - 08/25/20 15:26:06 - 0:19:50 - 	  Found 0/32 solutions in beam hypotheses.
INFO - 08/25/20 15:26:07 - 0:19:51 - (159/8941) Found 0/32 valid top-1 predictions. Generating solutions ...
INFO - 08/25/20 15:26:08 - 0:19:52 - check hypothesis
INFO - 08/25/20 15:31:19 - 0:25:04 - 	  Found 0/32 solutions in beam hypotheses.
INFO - 08/25/20 15:31:20 - 0:25:05 - (191/8941) Found 0/32 valid top-1 predictions. Generating solutions ...
INFO - 08/25/20 15:31:22 - 0:25:06 - check hypothesis
INFO - 08/25/20 15:37:06 - 0:30:51 - 	  Found 0/32 solutions in beam hypotheses.
INFO - 08/25/20 15:37:07 - 0:30:52 - (223/8941) Found 0/32 valid top-1 predictions. Generating solutions ...
INFO - 08/25/20 15:37:09 - 0:30:53 - check hypothesis
INFO - 08/25/20 15:42:26 - 0:36:10 - 	  Found 1/32 solutions in beam hypotheses.
INFO - 08/25/20 15:42:27 - 0:36:11 - (255/8941) Found 0/32 valid top-1 predictions. Generating solutions ...
INFO - 08/25/20 15:42:28 - 0:36:13 - check hypothesis
INFO - 08/25/20 15:48:20 - 0:42:05 - 	  Found 1/32 solutions in beam hypotheses.
INFO - 08/25/20 15:48:21 - 0:42:06 - (286/8941) Found 0/31 valid top-1 predictions. Generating solutions ...
INFO - 08/25/20 15:48:23 - 0:42:07 - check hypothesis
INFO - 08/25/20 15:53:12 - 0:46:57 - 	  Found 1/31 solutions in beam hypotheses.
INFO - 08/25/20 15:53:13 - 0:46:58 - (318/8941) Found 0/32 valid top-1 predictions. Generating solutions ...
INFO - 08/25/20 15:53:14 - 0:46:59 - check hypothesis
INFO - 08/25/20 15:58:45 - 0:52:30 - 	  Found 0/32 solutions in beam hypotheses.
INFO - 08/25/20 15:58:46 - 0:52:31 - (346/8941) Found 0/28 valid top-1 predictions. Generating solutions ...
INFO - 08/25/20 15:58:47 - 0:52:32 - check hypothesis
INFO - 08/25/20 16:03:38 - 0:57:23 - 	  Found 0/28 solutions in beam hypotheses.
INFO - 08/25/20 16:03:39 - 0:57:24 - (377/8941) Found 0/31 valid top-1 predictions. Generating solutions ...
INFO - 08/25/20 16:03:40 - 0:57:25 - check hypothesis
INFO - 08/25/20 16:08:50 - 1:02:34 - 	  Found 0/31 solutions in beam hypotheses.
INFO - 08/25/20 16:08:51 - 1:02:36 - (407/8941) Found 0/30 valid top-1 predictions. Generating solutions ...
INFO - 08/25/20 16:08:52 - 1:02:37 - check hypothesis
INFO - 08/25/20 16:14:11 - 1:07:55 - 	  Found 0/30 solutions in beam hypotheses.
INFO - 08/25/20 16:14:12 - 1:07:57 - (439/8941) Found 0/32 valid top-1 predictions. Generating solutions ...
INFO - 08/25/20 16:14:13 - 1:07:58 - check hypothesis
INFO - 08/25/20 16:20:17 - 1:14:02 - 	  Found 0/32 solutions in beam hypotheses.
INFO - 08/25/20 16:20:18 - 1:14:03 - (470/8941) Found 0/31 valid top-1 predictions. Generating solutions ...
INFO - 08/25/20 16:20:19 - 1:14:04 - check hypothesis
INFO - 08/25/20 16:24:48 - 1:18:33 - 	  Found 0/31 solutions in beam hypotheses.
INFO - 08/25/20 16:24:49 - 1:18:34 - (502/8941) Found 0/32 valid top-1 predictions. Generating solutions ...
INFO - 08/25/20 16:24:50 - 1:18:35 - check hypothesis
INFO - 08/25/20 16:30:45 - 1:24:30 - 	  Found 0/32 solutions in beam hypotheses.
INFO - 08/25/20 16:30:46 - 1:24:31 - (532/8941) Found 0/30 valid top-1 predictions. Generating solutions ...
INFO - 08/25/20 16:30:47 - 1:24:32 - check hypothesis
INFO - 08/25/20 16:36:15 - 1:29:59 - 	  Found 0/30 solutions in beam hypotheses.
INFO - 08/25/20 16:36:16 - 1:30:00 - (563/8941) Found 0/31 valid top-1 predictions. Generating solutions ...
INFO - 08/25/20 16:36:17 - 1:30:02 - check hypothesis
INFO - 08/25/20 16:42:03 - 1:35:48 - 	  Found 0/31 solutions in beam hypotheses.
INFO - 08/25/20 16:42:05 - 1:35:49 - (595/8941) Found 0/32 valid top-1 predictions. Generating solutions ...
INFO - 08/25/20 16:42:06 - 1:35:50 - check hypothesis
INFO - 08/25/20 16:48:27 - 1:42:12 - 	  Found 0/32 solutions in beam hypotheses.
INFO - 08/25/20 16:48:28 - 1:42:13 - (627/8941) Found 0/32 valid top-1 predictions. Generating solutions ...
INFO - 08/25/20 16:48:29 - 1:42:14 - check hypothesis
INFO - 08/25/20 16:54:04 - 1:47:49 - 	  Found 0/32 solutions in beam hypotheses.
INFO - 08/25/20 16:54:05 - 1:47:50 - (658/8941) Found 0/31 valid top-1 predictions. Generating solutions ...
INFO - 08/25/20 16:54:06 - 1:47:51 - check hypothesis
INFO - 08/25/20 16:59:39 - 1:53:24 - 	  Found 0/31 solutions in beam hypotheses.
INFO - 08/25/20 16:59:40 - 1:53:25 - (688/8941) Found 0/30 valid top-1 predictions. Generating solutions ...
INFO - 08/25/20 16:59:41 - 1:53:26 - check hypothesis
INFO - 08/25/20 17:04:47 - 1:58:32 - 	  Found 1/30 solutions in beam hypotheses.
INFO - 08/25/20 17:04:48 - 1:58:33 - (718/8941) Found 0/30 valid top-1 predictions. Generating solutions ...
INFO - 08/25/20 17:04:50 - 1:58:34 - check hypothesis
INFO - 08/25/20 17:09:49 - 2:03:33 - 	  Found 0/30 solutions in beam hypotheses.
INFO - 08/25/20 17:09:50 - 2:03:34 - (747/8941) Found 0/29 valid top-1 predictions. Generating solutions ...
INFO - 08/25/20 17:09:51 - 2:03:35 - check hypothesis
INFO - 08/25/20 17:15:29 - 2:09:13 - 	  Found 0/29 solutions in beam hypotheses.
INFO - 08/25/20 17:15:30 - 2:09:14 - (777/8941) Found 0/30 valid top-1 predictions. Generating solutions ...
INFO - 08/25/20 17:15:31 - 2:09:16 - check hypothesis
INFO - 08/25/20 17:21:14 - 2:14:59 - 	  Found 0/30 solutions in beam hypotheses.
INFO - 08/25/20 17:21:15 - 2:15:00 - (807/8941) Found 0/30 valid top-1 predictions. Generating solutions ...
INFO - 08/25/20 17:21:16 - 2:15:01 - check hypothesis
INFO - 08/25/20 17:26:36 - 2:20:21 - 	  Found 0/30 solutions in beam hypotheses.
INFO - 08/25/20 17:26:37 - 2:20:22 - (838/8941) Found 0/31 valid top-1 predictions. Generating solutions ...
INFO - 08/25/20 17:26:38 - 2:20:23 - check hypothesis
INFO - 08/25/20 17:31:50 - 2:25:34 - 	  Found 0/31 solutions in beam hypotheses.
INFO - 08/25/20 17:31:51 - 2:25:35 - (869/8941) Found 0/31 valid top-1 predictions. Generating solutions ...
INFO - 08/25/20 17:31:52 - 2:25:36 - check hypothesis
INFO - 08/25/20 17:37:23 - 2:31:08 - 	  Found 0/31 solutions in beam hypotheses.
INFO - 08/25/20 17:37:24 - 2:31:09 - (900/8941) Found 0/31 valid top-1 predictions. Generating solutions ...
INFO - 08/25/20 17:37:25 - 2:31:10 - check hypothesis
INFO - 08/25/20 17:43:11 - 2:36:55 - 	  Found 0/31 solutions in beam hypotheses.
INFO - 08/25/20 17:43:12 - 2:36:56 - (932/8941) Found 0/32 valid top-1 predictions. Generating solutions ...
INFO - 08/25/20 17:43:13 - 2:36:57 - check hypothesis
INFO - 08/25/20 17:49:08 - 2:42:53 - 	  Found 1/32 solutions in beam hypotheses.
INFO - 08/25/20 17:49:09 - 2:42:54 - (963/8941) Found 0/31 valid top-1 predictions. Generating solutions ...
INFO - 08/25/20 17:49:11 - 2:42:55 - check hypothesis
INFO - 08/25/20 17:53:59 - 2:47:44 - 	  Found 0/31 solutions in beam hypotheses.
INFO - 08/25/20 17:54:00 - 2:47:45 - (994/8941) Found 0/31 valid top-1 predictions. Generating solutions ...
INFO - 08/25/20 17:54:01 - 2:47:46 - check hypothesis
INFO - 08/25/20 18:00:32 - 2:54:17 - 	  Found 0/31 solutions in beam hypotheses.
INFO - 08/25/20 18:00:34 - 2:54:18 - (1026/8941) Found 0/32 valid top-1 predictions. Generating solutions ...
INFO - 08/25/20 18:00:35 - 2:54:20 - check hypothesis
INFO - 08/25/20 18:06:20 - 3:00:05 - 	  Found 0/32 solutions in beam hypotheses.
INFO - 08/25/20 18:06:21 - 3:00:06 - (1054/8941) Found 0/28 valid top-1 predictions. Generating solutions ...
INFO - 08/25/20 18:06:22 - 3:00:07 - check hypothesis
INFO - 08/25/20 18:11:23 - 3:05:07 - 	  Found 0/28 solutions in beam hypotheses.
INFO - 08/25/20 18:11:24 - 3:05:08 - (1086/8941) Found 0/32 valid top-1 predictions. Generating solutions ...
INFO - 08/25/20 18:11:25 - 3:05:10 - check hypothesis
INFO - 08/25/20 18:17:06 - 3:10:51 - 	  Found 0/32 solutions in beam hypotheses.
INFO - 08/25/20 18:17:07 - 3:10:52 - (1113/8941) Found 0/27 valid top-1 predictions. Generating solutions ...
INFO - 08/25/20 18:17:08 - 3:10:53 - check hypothesis
INFO - 08/25/20 18:21:36 - 3:15:20 - 	  Found 0/27 solutions in beam hypotheses.
INFO - 08/25/20 18:21:37 - 3:15:21 - (1143/8941) Found 0/30 valid top-1 predictions. Generating solutions ...
INFO - 08/25/20 18:21:38 - 3:15:22 - check hypothesis
INFO - 08/25/20 18:27:25 - 3:21:10 - 	  Found 1/30 solutions in beam hypotheses.
INFO - 08/25/20 18:27:27 - 3:21:11 - (1174/8941) Found 0/31 valid top-1 predictions. Generating solutions ...
INFO - 08/25/20 18:27:28 - 3:21:12 - check hypothesis
INFO - 08/25/20 18:33:14 - 3:26:59 - 	  Found 0/31 solutions in beam hypotheses.
INFO - 08/25/20 18:33:15 - 3:27:00 - (1204/8941) Found 0/30 valid top-1 predictions. Generating solutions ...
INFO - 08/25/20 18:33:16 - 3:27:01 - check hypothesis
INFO - 08/25/20 18:38:47 - 3:32:31 - 	  Found 0/30 solutions in beam hypotheses.
INFO - 08/25/20 18:38:48 - 3:32:32 - (1235/8941) Found 0/31 valid top-1 predictions. Generating solutions ...
INFO - 08/25/20 18:38:49 - 3:32:34 - check hypothesis
INFO - 08/25/20 18:44:43 - 3:38:28 - 	  Found 0/31 solutions in beam hypotheses.
INFO - 08/25/20 18:44:44 - 3:38:29 - (1265/8941) Found 0/30 valid top-1 predictions. Generating solutions ...
INFO - 08/25/20 18:44:46 - 3:38:30 - check hypothesis
INFO - 08/25/20 18:49:44 - 3:43:29 - 	  Found 0/30 solutions in beam hypotheses.
INFO - 08/25/20 18:49:45 - 3:43:30 - (1297/8941) Found 0/32 valid top-1 predictions. Generating solutions ...
INFO - 08/25/20 18:49:46 - 3:43:31 - check hypothesis
INFO - 08/25/20 18:55:23 - 3:49:08 - 	  Found 0/32 solutions in beam hypotheses.
INFO - 08/25/20 18:55:24 - 3:49:09 - (1328/8941) Found 0/31 valid top-1 predictions. Generating solutions ...
INFO - 08/25/20 18:55:26 - 3:49:10 - check hypothesis
INFO - 08/25/20 19:00:56 - 3:54:41 - 	  Found 0/31 solutions in beam hypotheses.
INFO - 08/25/20 19:00:57 - 3:54:42 - (1358/8941) Found 0/30 valid top-1 predictions. Generating solutions ...
INFO - 08/25/20 19:00:58 - 3:54:43 - check hypothesis
INFO - 08/25/20 19:06:38 - 4:00:23 - 	  Found 0/30 solutions in beam hypotheses.
INFO - 08/25/20 19:06:39 - 4:00:24 - (1387/8941) Found 0/29 valid top-1 predictions. Generating solutions ...
INFO - 08/25/20 19:06:40 - 4:00:25 - check hypothesis
INFO - 08/25/20 19:11:35 - 4:05:19 - 	  Found 0/29 solutions in beam hypotheses.
INFO - 08/25/20 19:11:36 - 4:05:20 - (1418/8941) Found 0/31 valid top-1 predictions. Generating solutions ...
INFO - 08/25/20 19:11:37 - 4:05:22 - check hypothesis
INFO - 08/25/20 19:16:49 - 4:10:34 - 	  Found 0/31 solutions in beam hypotheses.
INFO - 08/25/20 19:16:50 - 4:10:35 - (1448/8941) Found 0/30 valid top-1 predictions. Generating solutions ...
INFO - 08/25/20 19:16:51 - 4:10:36 - check hypothesis
INFO - 08/25/20 19:22:31 - 4:16:15 - 	  Found 0/30 solutions in beam hypotheses.
INFO - 08/25/20 19:22:32 - 4:16:16 - (1478/8941) Found 0/30 valid top-1 predictions. Generating solutions ...
INFO - 08/25/20 19:22:33 - 4:16:18 - check hypothesis
INFO - 08/25/20 19:28:08 - 4:21:52 - 	  Found 0/30 solutions in beam hypotheses.
INFO - 08/25/20 19:28:09 - 4:21:53 - (1510/8941) Found 0/32 valid top-1 predictions. Generating solutions ...
INFO - 08/25/20 19:28:10 - 4:21:54 - check hypothesis
INFO - 08/25/20 19:33:31 - 4:27:15 - 	  Found 1/32 solutions in beam hypotheses.
INFO - 08/25/20 19:33:32 - 4:27:16 - (1539/8941) Found 0/29 valid top-1 predictions. Generating solutions ...
INFO - 08/25/20 19:33:33 - 4:27:18 - check hypothesis
INFO - 08/25/20 19:39:24 - 4:33:09 - 	  Found 0/29 solutions in beam hypotheses.
INFO - 08/25/20 19:39:25 - 4:33:10 - (1571/8941) Found 0/32 valid top-1 predictions. Generating solutions ...
INFO - 08/25/20 19:39:27 - 4:33:11 - check hypothesis
INFO - 08/25/20 19:45:09 - 4:38:54 - 	  Found 0/32 solutions in beam hypotheses.
INFO - 08/25/20 19:45:10 - 4:38:55 - (1602/8941) Found 0/31 valid top-1 predictions. Generating solutions ...
INFO - 08/25/20 19:45:11 - 4:38:56 - check hypothesis
INFO - 08/25/20 19:51:17 - 4:45:01 - 	  Found 0/31 solutions in beam hypotheses.
INFO - 08/25/20 19:51:18 - 4:45:02 - (1634/8941) Found 0/32 valid top-1 predictions. Generating solutions ...
INFO - 08/25/20 19:51:19 - 4:45:04 - check hypothesis
INFO - 08/25/20 19:57:08 - 4:50:52 - 	  Found 0/32 solutions in beam hypotheses.
INFO - 08/25/20 19:57:09 - 4:50:53 - (1665/8941) Found 0/31 valid top-1 predictions. Generating solutions ...
INFO - 08/25/20 19:57:10 - 4:50:54 - check hypothesis
INFO - 08/25/20 20:03:04 - 4:56:48 - 	  Found 0/31 solutions in beam hypotheses.
INFO - 08/25/20 20:03:06 - 4:56:50 - (1697/8941) Found 0/32 valid top-1 predictions. Generating solutions ...
INFO - 08/25/20 20:03:07 - 4:56:51 - check hypothesis
INFO - 08/25/20 20:08:37 - 5:02:22 - 	  Found 0/32 solutions in beam hypotheses.
INFO - 08/25/20 20:08:38 - 5:02:23 - (1728/8941) Found 0/31 valid top-1 predictions. Generating solutions ...
INFO - 08/25/20 20:08:39 - 5:02:24 - check hypothesis
INFO - 08/25/20 20:13:05 - 5:06:50 - 	  Found 0/31 solutions in beam hypotheses.
INFO - 08/25/20 20:13:06 - 5:06:51 - (1760/8941) Found 0/32 valid top-1 predictions. Generating solutions ...
INFO - 08/25/20 20:13:07 - 5:06:52 - check hypothesis
INFO - 08/25/20 20:18:45 - 5:12:29 - 	  Found 0/32 solutions in beam hypotheses.
INFO - 08/25/20 20:18:46 - 5:12:30 - (1791/8941) Found 0/31 valid top-1 predictions. Generating solutions ...
INFO - 08/25/20 20:18:47 - 5:12:32 - check hypothesis
INFO - 08/25/20 20:24:05 - 5:17:50 - 	  Found 0/31 solutions in beam hypotheses.
INFO - 08/25/20 20:24:06 - 5:17:51 - (1821/8941) Found 0/30 valid top-1 predictions. Generating solutions ...
INFO - 08/25/20 20:24:07 - 5:17:52 - check hypothesis
INFO - 08/25/20 20:29:42 - 5:23:27 - 	  Found 0/30 solutions in beam hypotheses.
INFO - 08/25/20 20:29:43 - 5:23:28 - (1849/8941) Found 0/28 valid top-1 predictions. Generating solutions ...
INFO - 08/25/20 20:29:44 - 5:23:29 - check hypothesis
INFO - 08/25/20 20:34:42 - 5:28:27 - 	  Found 0/28 solutions in beam hypotheses.
INFO - 08/25/20 20:34:43 - 5:28:28 - (1880/8941) Found 0/31 valid top-1 predictions. Generating solutions ...
INFO - 08/25/20 20:34:45 - 5:28:29 - check hypothesis
INFO - 08/25/20 20:39:55 - 5:33:39 - 	  Found 0/31 solutions in beam hypotheses.
INFO - 08/25/20 20:39:56 - 5:33:41 - (1911/8941) Found 0/31 valid top-1 predictions. Generating solutions ...
INFO - 08/25/20 20:39:57 - 5:33:42 - check hypothesis
INFO - 08/25/20 20:45:15 - 5:39:00 - 	  Found 0/31 solutions in beam hypotheses.
INFO - 08/25/20 20:45:16 - 5:39:01 - (1942/8941) Found 0/31 valid top-1 predictions. Generating solutions ...
INFO - 08/25/20 20:45:17 - 5:39:02 - check hypothesis
INFO - 08/25/20 20:51:00 - 5:44:44 - 	  Found 0/31 solutions in beam hypotheses.
INFO - 08/25/20 20:51:01 - 5:44:45 - (1974/8941) Found 0/32 valid top-1 predictions. Generating solutions ...
INFO - 08/25/20 20:51:02 - 5:44:47 - check hypothesis
INFO - 08/25/20 20:56:37 - 5:50:22 - 	  Found 1/32 solutions in beam hypotheses.
INFO - 08/25/20 20:56:38 - 5:50:23 - (2003/8941) Found 0/29 valid top-1 predictions. Generating solutions ...
INFO - 08/25/20 20:56:39 - 5:50:24 - check hypothesis
INFO - 08/25/20 21:01:22 - 5:55:06 - 	  Found 0/29 solutions in beam hypotheses.
INFO - 08/25/20 21:01:22 - 5:55:07 - (2032/8941) Found 0/29 valid top-1 predictions. Generating solutions ...
INFO - 08/25/20 21:01:24 - 5:55:08 - check hypothesis
INFO - 08/25/20 21:06:11 - 5:59:56 - 	  Found 1/29 solutions in beam hypotheses.
INFO - 08/25/20 21:06:12 - 5:59:57 - (2064/8941) Found 0/32 valid top-1 predictions. Generating solutions ...
INFO - 08/25/20 21:06:13 - 5:59:58 - check hypothesis
INFO - 08/25/20 21:12:25 - 6:06:10 - 	  Found 1/32 solutions in beam hypotheses.
INFO - 08/25/20 21:12:27 - 6:06:11 - (2095/8941) Found 0/31 valid top-1 predictions. Generating solutions ...
INFO - 08/25/20 21:12:28 - 6:06:12 - check hypothesis
WARNING - 08/25/20 21:15:41 - 6:09:26 - TypeError exception when simplifying a9*(cos(a8 + x) + 2) - sqrt(a8 + exp((a9 - 2*x)*acos(E)))
INFO - 08/25/20 21:17:41 - 6:11:26 - 	  Found 0/31 solutions in beam hypotheses.
INFO - 08/25/20 21:17:42 - 6:11:27 - (2126/8941) Found 0/31 valid top-1 predictions. Generating solutions ...
INFO - 08/25/20 21:17:43 - 6:11:28 - check hypothesis
INFO - 08/25/20 21:22:39 - 6:16:24 - 	  Found 0/31 solutions in beam hypotheses.
INFO - 08/25/20 21:22:40 - 6:16:25 - (2158/8941) Found 0/32 valid top-1 predictions. Generating solutions ...
INFO - 08/25/20 21:22:42 - 6:16:26 - check hypothesis
INFO - 08/25/20 21:28:44 - 6:22:28 - 	  Found 0/32 solutions in beam hypotheses.
INFO - 08/25/20 21:28:45 - 6:22:30 - (2189/8941) Found 0/31 valid top-1 predictions. Generating solutions ...
INFO - 08/25/20 21:28:46 - 6:22:31 - check hypothesis
INFO - 08/25/20 21:34:20 - 6:28:04 - 	  Found 1/31 solutions in beam hypotheses.
INFO - 08/25/20 21:34:21 - 6:28:06 - (2220/8941) Found 0/31 valid top-1 predictions. Generating solutions ...
INFO - 08/25/20 21:34:22 - 6:28:07 - check hypothesis
INFO - 08/25/20 21:39:38 - 6:33:23 - 	  Found 0/31 solutions in beam hypotheses.
INFO - 08/25/20 21:39:39 - 6:33:24 - (2252/8941) Found 0/32 valid top-1 predictions. Generating solutions ...
INFO - 08/25/20 21:39:41 - 6:33:25 - check hypothesis
INFO - 08/25/20 21:45:12 - 6:38:57 - 	  Found 0/32 solutions in beam hypotheses.
INFO - 08/25/20 21:45:13 - 6:38:58 - (2281/8941) Found 0/29 valid top-1 predictions. Generating solutions ...
INFO - 08/25/20 21:45:14 - 6:38:59 - check hypothesis
INFO - 08/25/20 21:50:40 - 6:44:25 - 	  Found 0/29 solutions in beam hypotheses.
INFO - 08/25/20 21:50:41 - 6:44:26 - (2312/8941) Found 0/31 valid top-1 predictions. Generating solutions ...
INFO - 08/25/20 21:50:43 - 6:44:27 - check hypothesis
INFO - 08/25/20 21:56:07 - 6:49:51 - 	  Found 0/31 solutions in beam hypotheses.
INFO - 08/25/20 21:56:08 - 6:49:52 - (2342/8941) Found 0/30 valid top-1 predictions. Generating solutions ...
INFO - 08/25/20 21:56:09 - 6:49:54 - check hypothesis
INFO - 08/25/20 22:01:23 - 6:55:07 - 	  Found 0/30 solutions in beam hypotheses.
INFO - 08/25/20 22:01:24 - 6:55:08 - (2371/8941) Found 0/29 valid top-1 predictions. Generating solutions ...
INFO - 08/25/20 22:01:25 - 6:55:09 - check hypothesis
INFO - 08/25/20 22:06:32 - 7:00:17 - 	  Found 0/29 solutions in beam hypotheses.
INFO - 08/25/20 22:06:33 - 7:00:18 - (2401/8941) Found 0/30 valid top-1 predictions. Generating solutions ...
INFO - 08/25/20 22:06:34 - 7:00:19 - check hypothesis
INFO - 08/25/20 22:11:19 - 7:05:04 - 	  Found 0/30 solutions in beam hypotheses.
INFO - 08/25/20 22:11:20 - 7:05:05 - (2431/8941) Found 0/30 valid top-1 predictions. Generating solutions ...
INFO - 08/25/20 22:11:22 - 7:05:06 - check hypothesis
INFO - 08/25/20 22:17:51 - 7:11:35 - 	  Found 0/30 solutions in beam hypotheses.
INFO - 08/25/20 22:17:52 - 7:11:36 - (2462/8941) Found 0/31 valid top-1 predictions. Generating solutions ...
INFO - 08/25/20 22:17:53 - 7:11:37 - check hypothesis
INFO - 08/25/20 22:23:05 - 7:16:50 - 	  Found 1/31 solutions in beam hypotheses.
INFO - 08/25/20 22:23:06 - 7:16:51 - (2493/8941) Found 0/31 valid top-1 predictions. Generating solutions ...
INFO - 08/25/20 22:23:08 - 7:16:52 - check hypothesis
INFO - 08/25/20 22:28:19 - 7:22:04 - 	  Found 0/31 solutions in beam hypotheses.
INFO - 08/25/20 22:28:20 - 7:22:05 - (2523/8941) Found 0/30 valid top-1 predictions. Generating solutions ...
INFO - 08/25/20 22:28:21 - 7:22:06 - check hypothesis
INFO - 08/25/20 22:33:43 - 7:27:28 - 	  Found 0/30 solutions in beam hypotheses.
INFO - 08/25/20 22:33:44 - 7:27:29 - (2555/8941) Found 0/32 valid top-1 predictions. Generating solutions ...
INFO - 08/25/20 22:33:45 - 7:27:30 - check hypothesis
INFO - 08/25/20 22:39:01 - 7:32:45 - 	  Found 0/32 solutions in beam hypotheses.
INFO - 08/25/20 22:39:02 - 7:32:46 - (2586/8941) Found 0/31 valid top-1 predictions. Generating solutions ...
INFO - 08/25/20 22:39:03 - 7:32:47 - check hypothesis
INFO - 08/25/20 22:45:03 - 7:38:48 - 	  Found 0/31 solutions in beam hypotheses.
INFO - 08/25/20 22:45:05 - 7:38:49 - (2617/8941) Found 0/31 valid top-1 predictions. Generating solutions ...
INFO - 08/25/20 22:45:06 - 7:38:51 - check hypothesis
INFO - 08/25/20 22:50:30 - 7:44:14 - 	  Found 0/31 solutions in beam hypotheses.
INFO - 08/25/20 22:50:31 - 7:44:15 - (2649/8941) Found 0/32 valid top-1 predictions. Generating solutions ...
INFO - 08/25/20 22:50:32 - 7:44:17 - check hypothesis
INFO - 08/25/20 22:56:24 - 7:50:08 - 	  Found 0/32 solutions in beam hypotheses.
INFO - 08/25/20 22:56:25 - 7:50:09 - (2680/8941) Found 0/31 valid top-1 predictions. Generating solutions ...
INFO - 08/25/20 22:56:26 - 7:50:11 - check hypothesis
INFO - 08/25/20 23:02:23 - 7:56:08 - 	  Found 0/31 solutions in beam hypotheses.
INFO - 08/25/20 23:02:24 - 7:56:09 - (2710/8941) Found 0/30 valid top-1 predictions. Generating solutions ...
INFO - 08/25/20 23:02:25 - 7:56:10 - check hypothesis
INFO - 08/25/20 23:08:07 - 8:01:51 - 	  Found 0/30 solutions in beam hypotheses.
INFO - 08/25/20 23:08:08 - 8:01:52 - (2740/8941) Found 0/30 valid top-1 predictions. Generating solutions ...
INFO - 08/25/20 23:08:09 - 8:01:53 - check hypothesis
INFO - 08/25/20 23:13:34 - 8:07:19 - 	  Found 0/30 solutions in beam hypotheses.
INFO - 08/25/20 23:13:35 - 8:07:20 - (2771/8941) Found 0/31 valid top-1 predictions. Generating solutions ...
INFO - 08/25/20 23:13:37 - 8:07:21 - check hypothesis
INFO - 08/25/20 23:19:16 - 8:13:01 - 	  Found 0/31 solutions in beam hypotheses.
INFO - 08/25/20 23:19:17 - 8:13:02 - (2799/8941) Found 0/28 valid top-1 predictions. Generating solutions ...
INFO - 08/25/20 23:19:18 - 8:13:03 - check hypothesis
INFO - 08/25/20 23:23:33 - 8:17:18 - 	  Found 0/28 solutions in beam hypotheses.
INFO - 08/25/20 23:23:34 - 8:17:19 - (2827/8941) Found 0/28 valid top-1 predictions. Generating solutions ...
INFO - 08/25/20 23:23:35 - 8:17:20 - check hypothesis
INFO - 08/25/20 23:28:39 - 8:22:24 - 	  Found 0/28 solutions in beam hypotheses.
INFO - 08/25/20 23:28:40 - 8:22:25 - (2856/8941) Found 0/29 valid top-1 predictions. Generating solutions ...
INFO - 08/25/20 23:28:41 - 8:22:26 - check hypothesis
INFO - 08/25/20 23:33:41 - 8:27:25 - 	  Found 1/29 solutions in beam hypotheses.
INFO - 08/25/20 23:33:41 - 8:27:26 - (2886/8941) Found 0/30 valid top-1 predictions. Generating solutions ...
INFO - 08/25/20 23:33:43 - 8:27:27 - check hypothesis
INFO - 08/25/20 23:38:21 - 8:32:05 - 	  Found 0/30 solutions in beam hypotheses.
INFO - 08/25/20 23:38:22 - 8:32:06 - (2914/8941) Found 0/28 valid top-1 predictions. Generating solutions ...
INFO - 08/25/20 23:38:23 - 8:32:07 - check hypothesis
INFO - 08/25/20 23:42:48 - 8:36:33 - 	  Found 0/28 solutions in beam hypotheses.
INFO - 08/25/20 23:42:49 - 8:36:34 - (2944/8941) Found 0/30 valid top-1 predictions. Generating solutions ...
INFO - 08/25/20 23:42:50 - 8:36:35 - check hypothesis
INFO - 08/25/20 23:48:50 - 8:42:35 - 	  Found 1/30 solutions in beam hypotheses.
INFO - 08/25/20 23:48:51 - 8:42:36 - (2974/8941) Found 0/30 valid top-1 predictions. Generating solutions ...
INFO - 08/25/20 23:48:52 - 8:42:37 - check hypothesis
INFO - 08/25/20 23:53:49 - 8:47:34 - 	  Found 0/30 solutions in beam hypotheses.
INFO - 08/25/20 23:53:50 - 8:47:35 - (3005/8941) Found 0/31 valid top-1 predictions. Generating solutions ...
INFO - 08/25/20 23:53:51 - 8:47:36 - check hypothesis
INFO - 08/25/20 23:58:46 - 8:52:31 - 	  Found 0/31 solutions in beam hypotheses.
INFO - 08/25/20 23:58:47 - 8:52:32 - (3037/8941) Found 0/32 valid top-1 predictions. Generating solutions ...
INFO - 08/25/20 23:58:48 - 8:52:33 - check hypothesis
INFO - 08/26/20 00:03:18 - 8:57:03 - 	  Found 0/32 solutions in beam hypotheses.
INFO - 08/26/20 00:03:20 - 8:57:05 - (3068/8941) Found 0/31 valid top-1 predictions. Generating solutions ...
INFO - 08/26/20 00:03:21 - 8:57:06 - check hypothesis
INFO - 08/26/20 00:08:25 - 9:02:10 - 	  Found 0/31 solutions in beam hypotheses.
INFO - 08/26/20 00:08:27 - 9:02:11 - (3098/8941) Found 0/30 valid top-1 predictions. Generating solutions ...
INFO - 08/26/20 00:08:28 - 9:02:12 - check hypothesis
INFO - 08/26/20 00:14:13 - 9:07:57 - 	  Found 0/30 solutions in beam hypotheses.
INFO - 08/26/20 00:14:14 - 9:07:58 - (3130/8941) Found 0/32 valid top-1 predictions. Generating solutions ...
INFO - 08/26/20 00:14:15 - 9:07:59 - check hypothesis
INFO - 08/26/20 00:20:10 - 9:13:54 - 	  Found 0/32 solutions in beam hypotheses.
INFO - 08/26/20 00:20:11 - 9:13:56 - (3160/8941) Found 0/30 valid top-1 predictions. Generating solutions ...
INFO - 08/26/20 00:20:12 - 9:13:57 - check hypothesis
INFO - 08/26/20 00:25:18 - 9:19:03 - 	  Found 0/30 solutions in beam hypotheses.
INFO - 08/26/20 00:25:19 - 9:19:04 - (3192/8941) Found 0/32 valid top-1 predictions. Generating solutions ...
INFO - 08/26/20 00:25:20 - 9:19:05 - check hypothesis
INFO - 08/26/20 00:30:49 - 9:24:34 - 	  Found 0/32 solutions in beam hypotheses.
INFO - 08/26/20 00:30:51 - 9:24:35 - (3224/8941) Found 0/32 valid top-1 predictions. Generating solutions ...
INFO - 08/26/20 00:30:52 - 9:24:36 - check hypothesis
INFO - 08/26/20 00:36:23 - 9:30:08 - 	  Found 0/32 solutions in beam hypotheses.
INFO - 08/26/20 00:36:24 - 9:30:09 - (3252/8941) Found 0/28 valid top-1 predictions. Generating solutions ...
INFO - 08/26/20 00:36:25 - 9:30:10 - check hypothesis
INFO - 08/26/20 00:41:53 - 9:35:37 - 	  Found 0/28 solutions in beam hypotheses.
INFO - 08/26/20 00:41:54 - 9:35:38 - (3284/8941) Found 0/32 valid top-1 predictions. Generating solutions ...
INFO - 08/26/20 00:41:55 - 9:35:39 - check hypothesis
INFO - 08/26/20 00:47:26 - 9:41:11 - 	  Found 0/32 solutions in beam hypotheses.
INFO - 08/26/20 00:47:27 - 9:41:12 - (3313/8941) Found 0/29 valid top-1 predictions. Generating solutions ...
INFO - 08/26/20 00:47:28 - 9:41:13 - check hypothesis
INFO - 08/26/20 00:52:21 - 9:46:06 - 	  Found 1/29 solutions in beam hypotheses.
INFO - 08/26/20 00:52:22 - 9:46:07 - (3344/8941) Found 0/31 valid top-1 predictions. Generating solutions ...
INFO - 08/26/20 00:52:23 - 9:46:08 - check hypothesis
INFO - 08/26/20 00:57:56 - 9:51:40 - 	  Found 0/31 solutions in beam hypotheses.
INFO - 08/26/20 00:57:57 - 9:51:42 - (3373/8941) Found 0/29 valid top-1 predictions. Generating solutions ...
INFO - 08/26/20 00:57:58 - 9:51:43 - check hypothesis
INFO - 08/26/20 01:03:52 - 9:57:36 - 	  Found 0/29 solutions in beam hypotheses.
INFO - 08/26/20 01:03:53 - 9:57:37 - (3402/8941) Found 0/29 valid top-1 predictions. Generating solutions ...
INFO - 08/26/20 01:03:54 - 9:57:38 - check hypothesis
slurmstepd: error: *** JOB 11095316 ON hpc-25-17 CANCELLED AT 2020-08-26T01:06:26 DUE TO TIME LIMIT ***
