0 - SLURM_JOB_ID: 11241559
0 - SLURM_JOB_NODELIST: hpc-25-17
0 - SLURM_JOB_NUM_NODES: 1
0 - SLURM_NTASKS: 28
0 - SLURM_TASKS_PER_NODE: 28
0 - SLURM_MEM_PER_NODE: None
0 - SLURM_MEM_PER_CPU: 4096
0 - SLURM_NODEID: 0
0 - SLURM_PROCID: 0
0 - SLURM_LOCALID: 0
0 - SLURM_TASK_PID: 31567
Traceback (most recent call last):
  File "main.py", line 242, in <module>
    main(params)
  File "main.py", line 165, in main
    init_distributed_mode(params)
  File "/central/home/aypan/enc_dec/src/slurm.py", line 82, in init_distributed_mode
    params.local_rank = int(os.environ['LOCAL_RANK'])#int(os.environ['SLURM_LOCALID'])
  File "/home/aypan/miniconda3/lib/python3.7/os.py", line 679, in __getitem__
    raise KeyError(key) from None
KeyError: 'LOCAL_RANK'
/var/spool/slurmd/job11241559/slurm_script: line 21: --batch_size: command not found
/var/spool/slurmd/job11241559/slurm_script: line 28: --n_variables: command not found
done
