0 - SLURM_JOB_ID: 11089502
0 - SLURM_JOB_NODELIST: hpc-25-17
0 - SLURM_JOB_NUM_NODES: 1
0 - SLURM_NTASKS: 1
0 - SLURM_TASKS_PER_NODE: 4
0 - SLURM_MEM_PER_NODE: None
0 - SLURM_MEM_PER_CPU: 4096
0 - SLURM_NODEID: 0
0 - SLURM_PROCID: 0
0 - SLURM_LOCALID: 0
0 - SLURM_TASK_PID: 20732
0 - Master address: 127.0.0.1
0 - Master port   : 29500
0 - Number of nodes: 1
0 - Node ID					   : 0
0 - Local rank				   : 0
0 - Global rank    : 0
0 - World size				   : 1
0 - GPUs per node  : 1
0 - Master					   : True
0 - Multi-node				   : False
0 - Multi-GPU				   : False
0 - Hostname				   : hpc-25-17.cm.cluster
INFO - 08/24/20 20:15:40 - 0:00:00 - ============ Initialized logger ============
INFO - 08/24/20 20:15:40 - 0:00:00 - accumulate_gradients: 1
                                     amp: -1
                                     attention_dropout: 0
                                     balanced: False
                                     batch_size: 32
                                     beam_early_stopping: True
                                     beam_eval: True
                                     beam_length_penalty: 1.0
                                     beam_size: 1
                                     clean_prefix_expr: True
                                     clip_grad_norm: 5
                                     command: python main.py --local_rank=0 --exp_name treelstm_noparaminit_eval --eval_only true --reload_model 'dumped/treelstm_noinit/10976003/best-valid_ode2_acc.pth' --beam_eval true --beam_size 1 --beam_length_penalty '1.0' --beam_early_stopping 1 --eval_verbose 1 --eval_verbose_print false --emb_dim 256 --n_dec_layers 6 --n_heads 8 --dropout '0.1' --treelstm --symmetric --num_bit 10 --optimizer 'adam,lr=0.0001' --batch_size 32 --tasks ode2 --reload_data 'ode2,ode2.train,ode2.valid,ode2.test' --exp_id "11089502"
                                     cpu: False
                                     debug: False
                                     debug_slurm: False
                                     dropout: 0.1
                                     dump_path: ./dumped/treelstm_noparaminit_eval/11089502
                                     emb_dim: 256
                                     env_base_seed: 0
                                     env_name: char_sp
                                     epoch_size: 300000
                                     eval_only: True
                                     eval_verbose: 1
                                     eval_verbose_print: False
                                     exp_id: 11089502
                                     exp_name: treelstm_noparaminit_eval
                                     export_data: False
                                     fp16: False
                                     global_rank: 0
                                     int_base: 10
                                     is_master: True
                                     is_slurm_job: True
                                     leaf_probs: 0.75,0,0.25,0
                                     local_rank: 0
                                     master_addr: 127.0.0.1
                                     master_port: 29500
                                     max_epoch: 100000
                                     max_int: 10000
                                     max_len: 512
                                     max_ops: 10
                                     max_ops_G: 4
                                     multi_gpu: False
                                     multi_node: False
                                     n_coefficients: 0
                                     n_dec_layers: 6
                                     n_enc_layers: 4
                                     n_gpu_per_node: 1
                                     n_heads: 8
                                     n_nodes: 1
                                     n_variables: 1
                                     node_id: 0
                                     num_bit: 10
                                     num_workers: 10
                                     operators: add:2,sub:1
                                     optimizer: adam,lr=0.0001
                                     order: 1
                                     positive: False
                                     precision: 10
                                     reload_checkpoint: 
                                     reload_data: ode2,ode2.train,ode2.valid,ode2.test
                                     reload_model: dumped/treelstm_noinit/10976003/best-valid_ode2_acc.pth
                                     reload_size: -1
                                     rewrite_functions: 
                                     same_nb_ops_per_batch: False
                                     save_periodic: 0
                                     share_inout_emb: True
                                     sinusoidal_embeddings: False
                                     stopping_criterion: 
                                     symmetric: True
                                     tasks: ode2
                                     treelstm: True
                                     validation_metrics: 
                                     vars: 1
                                     world_size: 1
INFO - 08/24/20 20:15:40 - 0:00:00 - The experiment will be stored in ./dumped/treelstm_noparaminit_eval/11089502
                                     
INFO - 08/24/20 20:15:40 - 0:00:00 - Running command: python main.py --local_rank=0 --exp_name treelstm_noparaminit_eval --eval_only true --reload_model 'dumped/treelstm_noinit/10976003/best-valid_ode2_acc.pth' --beam_eval true --beam_size 1 --beam_length_penalty '1.0' --beam_early_stopping 1 --eval_verbose 1 --eval_verbose_print false --emb_dim 256 --n_dec_layers 6 --n_heads 8 --dropout '0.1' --treelstm --symmetric --num_bit 10 --optimizer 'adam,lr=0.0001' --batch_size 32 --tasks ode2 --reload_data 'ode2,ode2.train,ode2.valid,ode2.test'

WARNING - 08/24/20 20:15:40 - 0:00:00 - Signal handler installed.
INFO - 08/24/20 20:15:40 - 0:00:00 - Unary operators: []
INFO - 08/24/20 20:15:40 - 0:00:00 - Binary operators: ['add', 'sub']
INFO - 08/24/20 20:15:40 - 0:00:00 - words: {'<s>': 0, '</s>': 1, '<pad>': 2, '(': 3, ')': 4, '<SPECIAL_5>': 5, '<SPECIAL_6>': 6, '<SPECIAL_7>': 7, '<SPECIAL_8>': 8, '<SPECIAL_9>': 9, 'pi': 10, 'E': 11, 'x': 12, 'y': 13, 'z': 14, 't': 15, 'a0': 16, 'a1': 17, 'a2': 18, 'a3': 19, 'a4': 20, 'a5': 21, 'a6': 22, 'a7': 23, 'a8': 24, 'a9': 25, 'abs': 26, 'acos': 27, 'acosh': 28, 'acot': 29, 'acoth': 30, 'acsc': 31, 'acsch': 32, 'add': 33, 'asec': 34, 'asech': 35, 'asin': 36, 'asinh': 37, 'atan': 38, 'atanh': 39, 'cos': 40, 'cosh': 41, 'cot': 42, 'coth': 43, 'csc': 44, 'csch': 45, 'derivative': 46, 'div': 47, 'exp': 48, 'f': 49, 'g': 50, 'h': 51, 'inv': 52, 'ln': 53, 'mul': 54, 'pow': 55, 'pow2': 56, 'pow3': 57, 'pow4': 58, 'pow5': 59, 'rac': 60, 'sec': 61, 'sech': 62, 'sign': 63, 'sin': 64, 'sinh': 65, 'sqrt': 66, 'sub': 67, 'tan': 68, 'tanh': 69, 'I': 70, 'INT+': 71, 'INT-': 72, 'INT': 73, 'FLOAT': 74, '-': 75, '.': 76, '10^': 77, 'Y': 78, "Y'": 79, "Y''": 80, '0': 81, '1': 82, '2': 83, '3': 84, '4': 85, '5': 86, '6': 87, '7': 88, '8': 89, '9': 90}
INFO - 08/24/20 20:15:40 - 0:00:00 - 20001 possible leaves.
INFO - 08/24/20 20:15:40 - 0:00:00 - Checking expressions in [0.01, 0.1, 0.3, 0.5, 0.7, 0.9, 1.1, 2.1, 3.1, -0.01, -0.1, -0.3, -0.5, -0.7, -0.9, -1.1, -2.1, -3.1]
INFO - 08/24/20 20:15:40 - 0:00:00 - Training tasks: ode2
INFO - 08/24/20 20:15:40 - 0:00:00 - Reloading modules from dumped/treelstm_noinit/10976003/best-valid_ode2_acc.pth ...
INFO - 08/24/20 20:15:42 - 0:00:02 - Number of parameters (encoder): 14867712
INFO - 08/24/20 20:15:42 - 0:00:02 - Number of parameters (decoder): 7393115
INFO - 08/24/20 20:15:42 - 0:00:02 - Found 583 parameters in model.
INFO - 08/24/20 20:15:42 - 0:00:02 - Optimizers: model
INFO - 08/24/20 20:15:42 - 0:00:02 - Writing evaluation results in ./dumped/treelstm_noparaminit_eval/11089502/eval.ode2.0 ...
INFO - 08/24/20 20:15:42 - 0:00:02 - Creating valid iterator for ode2 ...
INFO - 08/24/20 20:15:42 - 0:00:02 - Loading data from ode2.valid ...
INFO - 08/24/20 20:15:42 - 0:00:02 - Loaded 8941 equations from the disk.
INFO - 08/24/20 20:15:43 - 0:00:03 - (32/8941) Found 0/32 valid top-1 predictions. Generating solutions ...
attempting to generate
we are getting the hypotheses
current length: 1
now entering forward pass
just finished forward pass with time: 0.011502504348754883
not all done with time 0.00900888442993164
current length: 2
now entering forward pass
just finished forward pass with time: 0.01041102409362793
not all done with time 0.00850677490234375
current length: 3
now entering forward pass
just finished forward pass with time: 0.010429143905639648
not all done with time 0.008476734161376953
current length: 4
now entering forward pass
just finished forward pass with time: 0.010408163070678711
not all done with time 0.008511781692504883
current length: 5
now entering forward pass
just finished forward pass with time: 0.010422229766845703
not all done with time 0.008468866348266602
current length: 6
now entering forward pass
just finished forward pass with time: 0.010410308837890625
not all done with time 0.008475780487060547
current length: 7
now entering forward pass
just finished forward pass with time: 0.010421037673950195
not all done with time 0.008951425552368164
current length: 8
now entering forward pass
just finished forward pass with time: 0.01039433479309082
not all done with time 0.008430719375610352
current length: 9
now entering forward pass
just finished forward pass with time: 0.010435342788696289
not all done with time 0.008801698684692383
current length: 10
now entering forward pass
just finished forward pass with time: 0.010467052459716797
not all done with time 0.009340524673461914
current length: 11
now entering forward pass
just finished forward pass with time: 0.010524749755859375
not all done with time 0.0065021514892578125
current length: 12
now entering forward pass
just finished forward pass with time: 0.010544538497924805
not all done with time 0.007032871246337891
current length: 13
now entering forward pass
just finished forward pass with time: 0.010388374328613281
not all done with time 0.003197908401489258
current length: 14
now entering forward pass
just finished forward pass with time: 0.010540485382080078
not all done with time 0.002821683883666992
current length: 15
now entering forward pass
just finished forward pass with time: 0.010380268096923828
not all done with time 0.0015666484832763672
current length: 16
now entering forward pass
just finished forward pass with time: 0.010377883911132812
not all done with time 0.0018091201782226562
current length: 17
now entering forward pass
just finished forward pass with time: 0.010405778884887695
not all done with time 0.00098419189453125
finished generation
INFO - 08/24/20 20:15:44 - 0:00:04 - now checking hypotheses
slurmstepd: error: *** JOB 11089502 ON hpc-25-17 CANCELLED AT 2020-08-24T20:25:12 ***
