add:2,sub:1
0 - SLURM_JOB_ID: 11626685
0 - SLURM_JOB_NODELIST: hpc-25-17
0 - SLURM_JOB_NUM_NODES: 1
0 - SLURM_NTASKS: 1
0 - SLURM_TASKS_PER_NODE: 1
0 - SLURM_MEM_PER_NODE: None
0 - SLURM_MEM_PER_CPU: 4096
0 - SLURM_NODEID: 0
0 - SLURM_PROCID: 0
0 - SLURM_LOCALID: 0
0 - SLURM_TASK_PID: 1758
add:2,sub:1
0 - SLURM_JOB_ID: 11626685
0 - SLURM_JOB_NODELIST: hpc-25-17
0 - SLURM_JOB_NUM_NODES: 1
0 - SLURM_NTASKS: 1
0 - SLURM_TASKS_PER_NODE: 1
0 - SLURM_MEM_PER_NODE: None
0 - SLURM_MEM_PER_CPU: 4096
0 - SLURM_NODEID: 0
0 - SLURM_PROCID: 0
0 - SLURM_LOCALID: 0
0 - SLURM_TASK_PID: 1758
add:2,sub:1
0 - SLURM_JOB_ID: 11626685
0 - SLURM_JOB_NODELIST: hpc-25-17
0 - SLURM_JOB_NUM_NODES: 1
0 - SLURM_NTASKS: 1
0 - SLURM_TASKS_PER_NODE: 1
0 - SLURM_MEM_PER_NODE: None
0 - SLURM_MEM_PER_CPU: 4096
0 - SLURM_NODEID: 0
0 - SLURM_PROCID: 0
0 - SLURM_LOCALID: 0
0 - SLURM_TASK_PID: 1758
add:2,sub:1
0 - SLURM_JOB_ID: 11626685
0 - SLURM_JOB_NODELIST: hpc-25-17
0 - SLURM_JOB_NUM_NODES: 1
0 - SLURM_NTASKS: 1
0 - SLURM_TASKS_PER_NODE: 1
0 - SLURM_MEM_PER_NODE: None
0 - SLURM_MEM_PER_CPU: 4096
0 - SLURM_NODEID: 0
0 - SLURM_PROCID: 0
0 - SLURM_LOCALID: 0
0 - SLURM_TASK_PID: 1758
0 - Master address: 127.0.0.1
0 - Master port   : 29500
1 - Number of nodes: 1
1 - Node ID					   : 0
1 - Local rank				   : 1
1 - Global rank    : 1
1 - World size				   : 4
1 - GPUs per node  : 4
1 - Master					   : False
1 - Multi-node				   : False
1 - Multi-GPU				   : True
1 - Hostname				   : hpc-25-17.cm.cluster
Initializing PyTorch distributed ...
0 - Master address: 127.0.0.1
0 - Master port   : 29500
0 - Number of nodes: 1
0 - Node ID					   : 0
0 - Local rank				   : 0
0 - Global rank    : 0
0 - World size				   : 4
0 - GPUs per node  : 4
0 - Master					   : True
0 - Multi-node				   : False
0 - Multi-GPU				   : True
0 - Hostname				   : hpc-25-17.cm.cluster
Initializing PyTorch distributed ...
0 - Master address: 127.0.0.1
0 - Master port   : 29500
2 - Number of nodes: 1
2 - Node ID					   : 0
2 - Local rank				   : 2
2 - Global rank    : 2
2 - World size				   : 4
2 - GPUs per node  : 4
2 - Master					   : False
2 - Multi-node				   : False
2 - Multi-GPU				   : True
2 - Hostname				   : hpc-25-17.cm.cluster
Initializing PyTorch distributed ...
0 - Master address: 127.0.0.1
0 - Master port   : 29500
3 - Number of nodes: 1
3 - Node ID					   : 0
3 - Local rank				   : 3
3 - Global rank    : 3
3 - World size				   : 4
3 - GPUs per node  : 4
3 - Master					   : False
3 - Multi-node				   : False
3 - Multi-GPU				   : True
3 - Hostname				   : hpc-25-17.cm.cluster
Initializing PyTorch distributed ...
INFO - 09/21/20 12:06:22 - 0:00:00 - ============ Initialized logger ============
INFO - 09/21/20 12:06:22 - 0:00:00 - accumulate_gradients: 1
                                     amp: -1
                                     attention_dropout: 0
                                     balanced: False
                                     batch_size: 64
                                     beam_early_stopping: True
                                     beam_eval: False
                                     beam_length_penalty: 1
                                     beam_size: 1
                                     character_rnn: True
                                     clean_prefix_expr: True
                                     clip_grad_norm: 5
                                     command: python main.py --local_rank=3 --exp_name treelstm_50k_numenc --emb_dim 128 --n_dec_layers 6 --n_heads 8 --dropout '0.1' --symmetric --treelstm --character_rnn --optimizer 'adam,lr=0.0001' --batch_size 64 --tasks prim_fwd --reload_data 'prim_fwd,fwd_small/fwd_small.train,fwd_small/fwd_small.valid,fwd_small/fwd_small.test' --reload_size 50000 --epoch_size 50000 --max_epoch 50 --exp_id "11626685"
                                     cpu: False
                                     debug: False
                                     debug_slurm: False
                                     dropout: 0.1
                                     dump_path: ./dumped/treelstm_50k_numenc/11626685
                                     emb_dim: 128
                                     env_base_seed: 0
                                     env_name: char_sp
                                     epoch_size: 50000
                                     eval_only: False
                                     eval_verbose: 0
                                     eval_verbose_print: False
                                     exp_id: 11626685
                                     exp_name: treelstm_50k_numenc
                                     export_data: False
                                     fp16: False
                                     global_rank: 3
                                     int_base: 10
                                     is_master: False
                                     is_slurm_job: True
                                     leaf_probs: 0.75,0,0.25,0
                                     local_rank: 3
                                     master_addr: 127.0.0.1
                                     master_port: 29500
                                     max_epoch: 50
                                     max_int: 10000
                                     max_len: 512
                                     max_ops: 10
                                     max_ops_G: 4
                                     multi_gpu: True
                                     multi_node: False
                                     n_coefficients: 0
                                     n_dec_layers: 6
                                     n_enc_layers: 4
                                     n_gpu_per_node: 4
                                     n_heads: 8
                                     n_nodes: 1
                                     n_variables: 1
                                     node_id: 0
                                     num_bit: 10
                                     num_workers: 10
                                     operators: add:2,sub:1
                                     optimizer: adam,lr=0.0001
                                     order: 1
                                     positive: False
                                     precision: 10
                                     reload_checkpoint: 
                                     reload_data: prim_fwd,fwd_small/fwd_small.train,fwd_small/fwd_small.valid,fwd_small/fwd_small.test
                                     reload_model: 
                                     reload_size: 50000
                                     rewrite_functions: 
                                     same_nb_ops_per_batch: False
                                     save_periodic: 0
                                     share_inout_emb: True
                                     sinusoidal_embeddings: False
                                     stopping_criterion: 
                                     symmetric: True
                                     tasks: prim_fwd
                                     treelstm: True
                                     treesmu: False
                                     validation_metrics: 
                                     vars: 1
                                     world_size: 4
INFO - 09/21/20 12:06:22 - 0:00:00 - The experiment will be stored in ./dumped/treelstm_50k_numenc/11626685
                                     
INFO - 09/21/20 12:06:22 - 0:00:00 - Running command: python main.py --local_rank=3 --exp_name treelstm_50k_numenc --emb_dim 128 --n_dec_layers 6 --n_heads 8 --dropout '0.1' --symmetric --treelstm --character_rnn --optimizer 'adam,lr=0.0001' --batch_size 64 --tasks prim_fwd --reload_data 'prim_fwd,fwd_small/fwd_small.train,fwd_small/fwd_small.valid,fwd_small/fwd_small.test' --reload_size 50000 --epoch_size 50000 --max_epoch 50

WARNING - 09/21/20 12:06:22 - 0:00:00 - Signal handler installed.
dict_items([('add', 2), ('sub', 2), ('mul', 2), ('div', 2), ('pow', 2), ('rac', 2), ('inv', 1), ('pow2', 1), ('pow3', 1), ('pow4', 1), ('pow5', 1), ('sqrt', 1), ('exp', 1), ('ln', 1), ('abs', 1), ('sign', 1), ('sin', 1), ('cos', 1), ('tan', 1), ('cot', 1), ('sec', 1), ('csc', 1), ('asin', 1), ('acos', 1), ('atan', 1), ('acot', 1), ('asec', 1), ('acsc', 1), ('sinh', 1), ('cosh', 1), ('tanh', 1), ('coth', 1), ('sech', 1), ('csch', 1), ('asinh', 1), ('acosh', 1), ('atanh', 1), ('acoth', 1), ('asech', 1), ('acsch', 1), ('derivative', 2), ('f', 1), ('g', 2)])
INFO - 09/21/20 12:06:22 - 0:00:00 - Unary operators: ['inv', 'pow2', 'pow3', 'pow4', 'pow5', 'sqrt', 'exp', 'ln', 'abs', 'sign', 'sin', 'cos', 'tan', 'cot', 'sec', 'csc', 'asin', 'acos', 'atan', 'acot', 'asec', 'acsc', 'sinh', 'cosh', 'tanh', 'coth', 'sech', 'csch', 'asinh', 'acosh', 'atanh', 'acoth', 'asech', 'acsch', 'f']
INFO - 09/21/20 12:06:22 - 0:00:00 - Binary operators: ['add', 'sub', 'mul', 'div', 'pow', 'rac', 'derivative', 'g']
INFO - 09/21/20 12:06:22 - 0:00:00 - ============ Initialized logger ============
INFO - 09/21/20 12:06:22 - 0:00:00 - words: {'<s>': 0, '</s>': 1, '<pad>': 2, '(': 3, ')': 4, '<SPECIAL_5>': 5, '<SPECIAL_6>': 6, '<SPECIAL_7>': 7, '<SPECIAL_8>': 8, '<SPECIAL_9>': 9, 'pi': 10, 'E': 11, 'x': 12, 'y': 13, 'z': 14, 't': 15, 'a0': 16, 'a1': 17, 'a2': 18, 'a3': 19, 'a4': 20, 'a5': 21, 'a6': 22, 'a7': 23, 'a8': 24, 'a9': 25, 'abs': 26, 'acos': 27, 'acosh': 28, 'acot': 29, 'acoth': 30, 'acsc': 31, 'acsch': 32, 'add': 33, 'asec': 34, 'asech': 35, 'asin': 36, 'asinh': 37, 'atan': 38, 'atanh': 39, 'cos': 40, 'cosh': 41, 'cot': 42, 'coth': 43, 'csc': 44, 'csch': 45, 'derivative': 46, 'div': 47, 'exp': 48, 'f': 49, 'g': 50, 'inv': 51, 'ln': 52, 'mul': 53, 'pow': 54, 'pow2': 55, 'pow3': 56, 'pow4': 57, 'pow5': 58, 'rac': 59, 'sec': 60, 'sech': 61, 'sign': 62, 'sin': 63, 'sinh': 64, 'sqrt': 65, 'sub': 66, 'tan': 67, 'tanh': 68, 'I': 69, 'INT+': 70, 'INT-': 71, 'INT': 72, 'FLOAT': 73, '-': 74, '.': 75, '10^': 76, 'Y': 77, "Y'": 78, "Y''": 79, '0': 80, '1': 81, '2': 82, '3': 83, '4': 84, '5': 85, '6': 86, '7': 87, '8': 88, '9': 89}
INFO - 09/21/20 12:06:22 - 0:00:00 - 20001 possible leaves.
INFO - 09/21/20 12:06:22 - 0:00:00 - Checking expressions in [0.01, 0.1, 0.3, 0.5, 0.7, 0.9, 1.1, 2.1, 3.1, -0.01, -0.1, -0.3, -0.5, -0.7, -0.9, -1.1, -2.1, -3.1]
INFO - 09/21/20 12:06:22 - 0:00:00 - Training tasks: prim_fwd
INFO - 09/21/20 12:06:22 - 0:00:00 - accumulate_gradients: 1
                                     amp: -1
                                     attention_dropout: 0
                                     balanced: False
                                     batch_size: 64
                                     beam_early_stopping: True
                                     beam_eval: False
                                     beam_length_penalty: 1
                                     beam_size: 1
                                     character_rnn: True
                                     clean_prefix_expr: True
                                     clip_grad_norm: 5
                                     command: python main.py --local_rank=2 --exp_name treelstm_50k_numenc --emb_dim 128 --n_dec_layers 6 --n_heads 8 --dropout '0.1' --symmetric --treelstm --character_rnn --optimizer 'adam,lr=0.0001' --batch_size 64 --tasks prim_fwd --reload_data 'prim_fwd,fwd_small/fwd_small.train,fwd_small/fwd_small.valid,fwd_small/fwd_small.test' --reload_size 50000 --epoch_size 50000 --max_epoch 50 --exp_id "11626685"
                                     cpu: False
                                     debug: False
                                     debug_slurm: False
                                     dropout: 0.1
                                     dump_path: ./dumped/treelstm_50k_numenc/11626685
                                     emb_dim: 128
                                     env_base_seed: 0
                                     env_name: char_sp
                                     epoch_size: 50000
                                     eval_only: False
                                     eval_verbose: 0
                                     eval_verbose_print: False
                                     exp_id: 11626685
                                     exp_name: treelstm_50k_numenc
                                     export_data: False
                                     fp16: False
                                     global_rank: 2
                                     int_base: 10
                                     is_master: False
                                     is_slurm_job: True
                                     leaf_probs: 0.75,0,0.25,0
                                     local_rank: 2
                                     master_addr: 127.0.0.1
                                     master_port: 29500
                                     max_epoch: 50
                                     max_int: 10000
                                     max_len: 512
                                     max_ops: 10
                                     max_ops_G: 4
                                     multi_gpu: True
                                     multi_node: False
                                     n_coefficients: 0
                                     n_dec_layers: 6
                                     n_enc_layers: 4
                                     n_gpu_per_node: 4
                                     n_heads: 8
                                     n_nodes: 1
                                     n_variables: 1
                                     node_id: 0
                                     num_bit: 10
                                     num_workers: 10
                                     operators: add:2,sub:1
                                     optimizer: adam,lr=0.0001
                                     order: 1
                                     positive: False
                                     precision: 10
                                     reload_checkpoint: 
                                     reload_data: prim_fwd,fwd_small/fwd_small.train,fwd_small/fwd_small.valid,fwd_small/fwd_small.test
                                     reload_model: 
                                     reload_size: 50000
                                     rewrite_functions: 
                                     same_nb_ops_per_batch: False
                                     save_periodic: 0
                                     share_inout_emb: True
                                     sinusoidal_embeddings: False
                                     stopping_criterion: 
                                     symmetric: True
                                     tasks: prim_fwd
                                     treelstm: True
                                     treesmu: False
                                     validation_metrics: 
                                     vars: 1
                                     world_size: 4
INFO - 09/21/20 12:06:22 - 0:00:00 - The experiment will be stored in ./dumped/treelstm_50k_numenc/11626685
                                     
INFO - 09/21/20 12:06:22 - 0:00:00 - Running command: python main.py --local_rank=2 --exp_name treelstm_50k_numenc --emb_dim 128 --n_dec_layers 6 --n_heads 8 --dropout '0.1' --symmetric --treelstm --character_rnn --optimizer 'adam,lr=0.0001' --batch_size 64 --tasks prim_fwd --reload_data 'prim_fwd,fwd_small/fwd_small.train,fwd_small/fwd_small.valid,fwd_small/fwd_small.test' --reload_size 50000 --epoch_size 50000 --max_epoch 50

WARNING - 09/21/20 12:06:22 - 0:00:00 - Signal handler installed.
dict_items([('add', 2), ('sub', 2), ('mul', 2), ('div', 2), ('pow', 2), ('rac', 2), ('inv', 1), ('pow2', 1), ('pow3', 1), ('pow4', 1), ('pow5', 1), ('sqrt', 1), ('exp', 1), ('ln', 1), ('abs', 1), ('sign', 1), ('sin', 1), ('cos', 1), ('tan', 1), ('cot', 1), ('sec', 1), ('csc', 1), ('asin', 1), ('acos', 1), ('atan', 1), ('acot', 1), ('asec', 1), ('acsc', 1), ('sinh', 1), ('cosh', 1), ('tanh', 1), ('coth', 1), ('sech', 1), ('csch', 1), ('asinh', 1), ('acosh', 1), ('atanh', 1), ('acoth', 1), ('asech', 1), ('acsch', 1), ('derivative', 2), ('f', 1), ('g', 2)])
INFO - 09/21/20 12:06:23 - 0:00:00 - Unary operators: ['inv', 'pow2', 'pow3', 'pow4', 'pow5', 'sqrt', 'exp', 'ln', 'abs', 'sign', 'sin', 'cos', 'tan', 'cot', 'sec', 'csc', 'asin', 'acos', 'atan', 'acot', 'asec', 'acsc', 'sinh', 'cosh', 'tanh', 'coth', 'sech', 'csch', 'asinh', 'acosh', 'atanh', 'acoth', 'asech', 'acsch', 'f']
INFO - 09/21/20 12:06:23 - 0:00:00 - Binary operators: ['add', 'sub', 'mul', 'div', 'pow', 'rac', 'derivative', 'g']
INFO - 09/21/20 12:06:23 - 0:00:00 - words: {'<s>': 0, '</s>': 1, '<pad>': 2, '(': 3, ')': 4, '<SPECIAL_5>': 5, '<SPECIAL_6>': 6, '<SPECIAL_7>': 7, '<SPECIAL_8>': 8, '<SPECIAL_9>': 9, 'pi': 10, 'E': 11, 'x': 12, 'y': 13, 'z': 14, 't': 15, 'a0': 16, 'a1': 17, 'a2': 18, 'a3': 19, 'a4': 20, 'a5': 21, 'a6': 22, 'a7': 23, 'a8': 24, 'a9': 25, 'abs': 26, 'acos': 27, 'acosh': 28, 'acot': 29, 'acoth': 30, 'acsc': 31, 'acsch': 32, 'add': 33, 'asec': 34, 'asech': 35, 'asin': 36, 'asinh': 37, 'atan': 38, 'atanh': 39, 'cos': 40, 'cosh': 41, 'cot': 42, 'coth': 43, 'csc': 44, 'csch': 45, 'derivative': 46, 'div': 47, 'exp': 48, 'f': 49, 'g': 50, 'inv': 51, 'ln': 52, 'mul': 53, 'pow': 54, 'pow2': 55, 'pow3': 56, 'pow4': 57, 'pow5': 58, 'rac': 59, 'sec': 60, 'sech': 61, 'sign': 62, 'sin': 63, 'sinh': 64, 'sqrt': 65, 'sub': 66, 'tan': 67, 'tanh': 68, 'I': 69, 'INT+': 70, 'INT-': 71, 'INT': 72, 'FLOAT': 73, '-': 74, '.': 75, '10^': 76, 'Y': 77, "Y'": 78, "Y''": 79, '0': 80, '1': 81, '2': 82, '3': 83, '4': 84, '5': 85, '6': 86, '7': 87, '8': 88, '9': 89}
INFO - 09/21/20 12:06:23 - 0:00:00 - 20001 possible leaves.
INFO - 09/21/20 12:06:23 - 0:00:00 - Checking expressions in [0.01, 0.1, 0.3, 0.5, 0.7, 0.9, 1.1, 2.1, 3.1, -0.01, -0.1, -0.3, -0.5, -0.7, -0.9, -1.1, -2.1, -3.1]
INFO - 09/21/20 12:06:23 - 0:00:00 - Training tasks: prim_fwd
/home/aypan/miniconda3/lib/python3.7/site-packages/torch/nn/modules/rnn.py:50: UserWarning: dropout option adds dropout after all but last recurrent layer, so non-zero dropout expects num_layers greater than 1, but got dropout=0.1 and num_layers=1
  "num_layers={}".format(dropout, num_layers))
/home/aypan/miniconda3/lib/python3.7/site-packages/torch/nn/modules/rnn.py:50: UserWarning: dropout option adds dropout after all but last recurrent layer, so non-zero dropout expects num_layers greater than 1, but got dropout=0.1 and num_layers=1
  "num_layers={}".format(dropout, num_layers))
INFO - 09/21/20 12:06:23 - 0:00:00 - Number of parameters (encoder): 3688832
INFO - 09/21/20 12:06:23 - 0:00:00 - Number of parameters (decoder): 2123610
INFO - 09/21/20 12:06:23 - 0:00:00 - Number of parameters (encoder): 3688832
INFO - 09/21/20 12:06:23 - 0:00:00 - Number of parameters (decoder): 2123610
INFO - 09/21/20 12:06:23 - 0:00:00 - ============ Initialized logger ============
INFO - 09/21/20 12:06:23 - 0:00:00 - ============ Initialized logger ============
INFO - 09/21/20 12:06:23 - 0:00:00 - accumulate_gradients: 1
                                     amp: -1
                                     attention_dropout: 0
                                     balanced: False
                                     batch_size: 64
                                     beam_early_stopping: True
                                     beam_eval: False
                                     beam_length_penalty: 1
                                     beam_size: 1
                                     character_rnn: True
                                     clean_prefix_expr: True
                                     clip_grad_norm: 5
                                     command: python main.py --local_rank=1 --exp_name treelstm_50k_numenc --emb_dim 128 --n_dec_layers 6 --n_heads 8 --dropout '0.1' --symmetric --treelstm --character_rnn --optimizer 'adam,lr=0.0001' --batch_size 64 --tasks prim_fwd --reload_data 'prim_fwd,fwd_small/fwd_small.train,fwd_small/fwd_small.valid,fwd_small/fwd_small.test' --reload_size 50000 --epoch_size 50000 --max_epoch 50 --exp_id "11626685"
                                     cpu: False
                                     debug: False
                                     debug_slurm: False
                                     dropout: 0.1
                                     dump_path: ./dumped/treelstm_50k_numenc/11626685
                                     emb_dim: 128
                                     env_base_seed: 0
                                     env_name: char_sp
                                     epoch_size: 50000
                                     eval_only: False
                                     eval_verbose: 0
                                     eval_verbose_print: False
                                     exp_id: 11626685
                                     exp_name: treelstm_50k_numenc
                                     export_data: False
                                     fp16: False
                                     global_rank: 1
                                     int_base: 10
                                     is_master: False
                                     is_slurm_job: True
                                     leaf_probs: 0.75,0,0.25,0
                                     local_rank: 1
                                     master_addr: 127.0.0.1
                                     master_port: 29500
                                     max_epoch: 50
                                     max_int: 10000
                                     max_len: 512
                                     max_ops: 10
                                     max_ops_G: 4
                                     multi_gpu: True
                                     multi_node: False
                                     n_coefficients: 0
                                     n_dec_layers: 6
                                     n_enc_layers: 4
                                     n_gpu_per_node: 4
                                     n_heads: 8
                                     n_nodes: 1
                                     n_variables: 1
                                     node_id: 0
                                     num_bit: 10
                                     num_workers: 10
                                     operators: add:2,sub:1
                                     optimizer: adam,lr=0.0001
                                     order: 1
                                     positive: False
                                     precision: 10
                                     reload_checkpoint: 
                                     reload_data: prim_fwd,fwd_small/fwd_small.train,fwd_small/fwd_small.valid,fwd_small/fwd_small.test
                                     reload_model: 
                                     reload_size: 50000
                                     rewrite_functions: 
                                     same_nb_ops_per_batch: False
                                     save_periodic: 0
                                     share_inout_emb: True
                                     sinusoidal_embeddings: False
                                     stopping_criterion: 
                                     symmetric: True
                                     tasks: prim_fwd
                                     treelstm: True
                                     treesmu: False
                                     validation_metrics: 
                                     vars: 1
                                     world_size: 4
INFO - 09/21/20 12:06:23 - 0:00:00 - The experiment will be stored in ./dumped/treelstm_50k_numenc/11626685
                                     
INFO - 09/21/20 12:06:23 - 0:00:00 - Running command: python main.py --local_rank=1 --exp_name treelstm_50k_numenc --emb_dim 128 --n_dec_layers 6 --n_heads 8 --dropout '0.1' --symmetric --treelstm --character_rnn --optimizer 'adam,lr=0.0001' --batch_size 64 --tasks prim_fwd --reload_data 'prim_fwd,fwd_small/fwd_small.train,fwd_small/fwd_small.valid,fwd_small/fwd_small.test' --reload_size 50000 --epoch_size 50000 --max_epoch 50

WARNING - 09/21/20 12:06:23 - 0:00:00 - Signal handler installed.
dict_items([('add', 2), ('sub', 2), ('mul', 2), ('div', 2), ('pow', 2), ('rac', 2), ('inv', 1), ('pow2', 1), ('pow3', 1), ('pow4', 1), ('pow5', 1), ('sqrt', 1), ('exp', 1), ('ln', 1), ('abs', 1), ('sign', 1), ('sin', 1), ('cos', 1), ('tan', 1), ('cot', 1), ('sec', 1), ('csc', 1), ('asin', 1), ('acos', 1), ('atan', 1), ('acot', 1), ('asec', 1), ('acsc', 1), ('sinh', 1), ('cosh', 1), ('tanh', 1), ('coth', 1), ('sech', 1), ('csch', 1), ('asinh', 1), ('acosh', 1), ('atanh', 1), ('acoth', 1), ('asech', 1), ('acsch', 1), ('derivative', 2), ('f', 1), ('g', 2)])
INFO - 09/21/20 12:06:23 - 0:00:00 - Unary operators: ['inv', 'pow2', 'pow3', 'pow4', 'pow5', 'sqrt', 'exp', 'ln', 'abs', 'sign', 'sin', 'cos', 'tan', 'cot', 'sec', 'csc', 'asin', 'acos', 'atan', 'acot', 'asec', 'acsc', 'sinh', 'cosh', 'tanh', 'coth', 'sech', 'csch', 'asinh', 'acosh', 'atanh', 'acoth', 'asech', 'acsch', 'f']
INFO - 09/21/20 12:06:23 - 0:00:00 - Binary operators: ['add', 'sub', 'mul', 'div', 'pow', 'rac', 'derivative', 'g']
INFO - 09/21/20 12:06:23 - 0:00:00 - words: {'<s>': 0, '</s>': 1, '<pad>': 2, '(': 3, ')': 4, '<SPECIAL_5>': 5, '<SPECIAL_6>': 6, '<SPECIAL_7>': 7, '<SPECIAL_8>': 8, '<SPECIAL_9>': 9, 'pi': 10, 'E': 11, 'x': 12, 'y': 13, 'z': 14, 't': 15, 'a0': 16, 'a1': 17, 'a2': 18, 'a3': 19, 'a4': 20, 'a5': 21, 'a6': 22, 'a7': 23, 'a8': 24, 'a9': 25, 'abs': 26, 'acos': 27, 'acosh': 28, 'acot': 29, 'acoth': 30, 'acsc': 31, 'acsch': 32, 'add': 33, 'asec': 34, 'asech': 35, 'asin': 36, 'asinh': 37, 'atan': 38, 'atanh': 39, 'cos': 40, 'cosh': 41, 'cot': 42, 'coth': 43, 'csc': 44, 'csch': 45, 'derivative': 46, 'div': 47, 'exp': 48, 'f': 49, 'g': 50, 'inv': 51, 'ln': 52, 'mul': 53, 'pow': 54, 'pow2': 55, 'pow3': 56, 'pow4': 57, 'pow5': 58, 'rac': 59, 'sec': 60, 'sech': 61, 'sign': 62, 'sin': 63, 'sinh': 64, 'sqrt': 65, 'sub': 66, 'tan': 67, 'tanh': 68, 'I': 69, 'INT+': 70, 'INT-': 71, 'INT': 72, 'FLOAT': 73, '-': 74, '.': 75, '10^': 76, 'Y': 77, "Y'": 78, "Y''": 79, '0': 80, '1': 81, '2': 82, '3': 83, '4': 84, '5': 85, '6': 86, '7': 87, '8': 88, '9': 89}
INFO - 09/21/20 12:06:23 - 0:00:00 - 20001 possible leaves.
INFO - 09/21/20 12:06:23 - 0:00:00 - accumulate_gradients: 1
                                     amp: -1
                                     attention_dropout: 0
                                     balanced: False
                                     batch_size: 64
                                     beam_early_stopping: True
                                     beam_eval: False
                                     beam_length_penalty: 1
                                     beam_size: 1
                                     character_rnn: True
                                     clean_prefix_expr: True
                                     clip_grad_norm: 5
                                     command: python main.py --local_rank=0 --exp_name treelstm_50k_numenc --emb_dim 128 --n_dec_layers 6 --n_heads 8 --dropout '0.1' --symmetric --treelstm --character_rnn --optimizer 'adam,lr=0.0001' --batch_size 64 --tasks prim_fwd --reload_data 'prim_fwd,fwd_small/fwd_small.train,fwd_small/fwd_small.valid,fwd_small/fwd_small.test' --reload_size 50000 --epoch_size 50000 --max_epoch 50 --exp_id "11626685"
                                     cpu: False
                                     debug: False
                                     debug_slurm: False
                                     dropout: 0.1
                                     dump_path: ./dumped/treelstm_50k_numenc/11626685
                                     emb_dim: 128
                                     env_base_seed: 0
                                     env_name: char_sp
                                     epoch_size: 50000
                                     eval_only: False
                                     eval_verbose: 0
                                     eval_verbose_print: False
                                     exp_id: 11626685
                                     exp_name: treelstm_50k_numenc
                                     export_data: False
                                     fp16: False
                                     global_rank: 0
                                     int_base: 10
                                     is_master: True
                                     is_slurm_job: True
                                     leaf_probs: 0.75,0,0.25,0
                                     local_rank: 0
                                     master_addr: 127.0.0.1
                                     master_port: 29500
                                     max_epoch: 50
                                     max_int: 10000
                                     max_len: 512
                                     max_ops: 10
                                     max_ops_G: 4
                                     multi_gpu: True
                                     multi_node: False
                                     n_coefficients: 0
                                     n_dec_layers: 6
                                     n_enc_layers: 4
                                     n_gpu_per_node: 4
                                     n_heads: 8
                                     n_nodes: 1
                                     n_variables: 1
                                     node_id: 0
                                     num_bit: 10
                                     num_workers: 10
                                     operators: add:2,sub:1
                                     optimizer: adam,lr=0.0001
                                     order: 1
                                     positive: False
                                     precision: 10
                                     reload_checkpoint: 
                                     reload_data: prim_fwd,fwd_small/fwd_small.train,fwd_small/fwd_small.valid,fwd_small/fwd_small.test
                                     reload_model: 
                                     reload_size: 50000
                                     rewrite_functions: 
                                     same_nb_ops_per_batch: False
                                     save_periodic: 0
                                     share_inout_emb: True
                                     sinusoidal_embeddings: False
                                     stopping_criterion: 
                                     symmetric: True
                                     tasks: prim_fwd
                                     treelstm: True
                                     treesmu: False
                                     validation_metrics: 
                                     vars: 1
                                     world_size: 4
INFO - 09/21/20 12:06:23 - 0:00:00 - The experiment will be stored in ./dumped/treelstm_50k_numenc/11626685
                                     
INFO - 09/21/20 12:06:23 - 0:00:00 - Running command: python main.py --local_rank=0 --exp_name treelstm_50k_numenc --emb_dim 128 --n_dec_layers 6 --n_heads 8 --dropout '0.1' --symmetric --treelstm --character_rnn --optimizer 'adam,lr=0.0001' --batch_size 64 --tasks prim_fwd --reload_data 'prim_fwd,fwd_small/fwd_small.train,fwd_small/fwd_small.valid,fwd_small/fwd_small.test' --reload_size 50000 --epoch_size 50000 --max_epoch 50

WARNING - 09/21/20 12:06:23 - 0:00:00 - Signal handler installed.
dict_items([('add', 2), ('sub', 2), ('mul', 2), ('div', 2), ('pow', 2), ('rac', 2), ('inv', 1), ('pow2', 1), ('pow3', 1), ('pow4', 1), ('pow5', 1), ('sqrt', 1), ('exp', 1), ('ln', 1), ('abs', 1), ('sign', 1), ('sin', 1), ('cos', 1), ('tan', 1), ('cot', 1), ('sec', 1), ('csc', 1), ('asin', 1), ('acos', 1), ('atan', 1), ('acot', 1), ('asec', 1), ('acsc', 1), ('sinh', 1), ('cosh', 1), ('tanh', 1), ('coth', 1), ('sech', 1), ('csch', 1), ('asinh', 1), ('acosh', 1), ('atanh', 1), ('acoth', 1), ('asech', 1), ('acsch', 1), ('derivative', 2), ('f', 1), ('g', 2)])
INFO - 09/21/20 12:06:23 - 0:00:00 - Unary operators: ['inv', 'pow2', 'pow3', 'pow4', 'pow5', 'sqrt', 'exp', 'ln', 'abs', 'sign', 'sin', 'cos', 'tan', 'cot', 'sec', 'csc', 'asin', 'acos', 'atan', 'acot', 'asec', 'acsc', 'sinh', 'cosh', 'tanh', 'coth', 'sech', 'csch', 'asinh', 'acosh', 'atanh', 'acoth', 'asech', 'acsch', 'f']
INFO - 09/21/20 12:06:23 - 0:00:00 - Binary operators: ['add', 'sub', 'mul', 'div', 'pow', 'rac', 'derivative', 'g']
INFO - 09/21/20 12:06:23 - 0:00:00 - words: {'<s>': 0, '</s>': 1, '<pad>': 2, '(': 3, ')': 4, '<SPECIAL_5>': 5, '<SPECIAL_6>': 6, '<SPECIAL_7>': 7, '<SPECIAL_8>': 8, '<SPECIAL_9>': 9, 'pi': 10, 'E': 11, 'x': 12, 'y': 13, 'z': 14, 't': 15, 'a0': 16, 'a1': 17, 'a2': 18, 'a3': 19, 'a4': 20, 'a5': 21, 'a6': 22, 'a7': 23, 'a8': 24, 'a9': 25, 'abs': 26, 'acos': 27, 'acosh': 28, 'acot': 29, 'acoth': 30, 'acsc': 31, 'acsch': 32, 'add': 33, 'asec': 34, 'asech': 35, 'asin': 36, 'asinh': 37, 'atan': 38, 'atanh': 39, 'cos': 40, 'cosh': 41, 'cot': 42, 'coth': 43, 'csc': 44, 'csch': 45, 'derivative': 46, 'div': 47, 'exp': 48, 'f': 49, 'g': 50, 'inv': 51, 'ln': 52, 'mul': 53, 'pow': 54, 'pow2': 55, 'pow3': 56, 'pow4': 57, 'pow5': 58, 'rac': 59, 'sec': 60, 'sech': 61, 'sign': 62, 'sin': 63, 'sinh': 64, 'sqrt': 65, 'sub': 66, 'tan': 67, 'tanh': 68, 'I': 69, 'INT+': 70, 'INT-': 71, 'INT': 72, 'FLOAT': 73, '-': 74, '.': 75, '10^': 76, 'Y': 77, "Y'": 78, "Y''": 79, '0': 80, '1': 81, '2': 82, '3': 83, '4': 84, '5': 85, '6': 86, '7': 87, '8': 88, '9': 89}
INFO - 09/21/20 12:06:23 - 0:00:00 - 20001 possible leaves.
INFO - 09/21/20 12:06:23 - 0:00:00 - Checking expressions in [0.01, 0.1, 0.3, 0.5, 0.7, 0.9, 1.1, 2.1, 3.1, -0.01, -0.1, -0.3, -0.5, -0.7, -0.9, -1.1, -2.1, -3.1]
INFO - 09/21/20 12:06:23 - 0:00:00 - Training tasks: prim_fwd
INFO - 09/21/20 12:06:23 - 0:00:00 - Checking expressions in [0.01, 0.1, 0.3, 0.5, 0.7, 0.9, 1.1, 2.1, 3.1, -0.01, -0.1, -0.3, -0.5, -0.7, -0.9, -1.1, -2.1, -3.1]
INFO - 09/21/20 12:06:23 - 0:00:00 - Training tasks: prim_fwd
/home/aypan/miniconda3/lib/python3.7/site-packages/torch/nn/modules/rnn.py:50: UserWarning: dropout option adds dropout after all but last recurrent layer, so non-zero dropout expects num_layers greater than 1, but got dropout=0.1 and num_layers=1
  "num_layers={}".format(dropout, num_layers))
/home/aypan/miniconda3/lib/python3.7/site-packages/torch/nn/modules/rnn.py:50: UserWarning: dropout option adds dropout after all but last recurrent layer, so non-zero dropout expects num_layers greater than 1, but got dropout=0.1 and num_layers=1
  "num_layers={}".format(dropout, num_layers))
INFO - 09/21/20 12:06:24 - 0:00:00 - Number of parameters (encoder): 3688832
INFO - 09/21/20 12:06:24 - 0:00:00 - Number of parameters (decoder): 2123610
INFO - 09/21/20 12:06:24 - 0:00:00 - Number of parameters (encoder): 3688832
INFO - 09/21/20 12:06:24 - 0:00:00 - Number of parameters (decoder): 2123610
INFO - 09/21/20 12:06:28 - 0:00:06 - Found 570 parameters in model.
INFO - 09/21/20 12:06:28 - 0:00:06 - Using nn.parallel.DistributedDataParallel ...
INFO - 09/21/20 12:06:29 - 0:00:06 - Found 570 parameters in model.
INFO - 09/21/20 12:06:29 - 0:00:06 - Using nn.parallel.DistributedDataParallel ...
INFO - 09/21/20 12:06:30 - 0:00:07 - Found 570 parameters in model.
INFO - 09/21/20 12:06:30 - 0:00:07 - Using nn.parallel.DistributedDataParallel ...
INFO - 09/21/20 12:06:30 - 0:00:07 - Found 570 parameters in model.
INFO - 09/21/20 12:06:30 - 0:00:07 - Using nn.parallel.DistributedDataParallel ...
INFO - 09/21/20 12:06:31 - 0:00:07 - Optimizers: model
INFO - 09/21/20 12:06:31 - 0:00:08 - Optimizers: model
INFO - 09/21/20 12:06:31 - 0:00:08 - Optimizers: model
INFO - 09/21/20 12:06:31 - 0:00:07 - Creating train iterator for prim_fwd ...
['abs', 'acos', 'acosh', 'acot', 'acoth', 'acsc', 'acsch', 'add', 'asec', 'asech', 'asin', 'asinh', 'atan', 'atanh', 'cos', 'cosh', 'cot', 'coth', 'csc', 'csch', 'derivative', 'div', 'exp', 'f', 'g', 'inv', 'ln', 'mul', 'pow', 'pow2', 'pow3', 'pow4', 'pow5', 'rac', 'sec', 'sech', 'sign', 'sin', 'sinh', 'sqrt', 'sub', 'tan', 'tanh']
INFO - 09/21/20 12:06:31 - 0:00:08 - Creating train iterator for prim_fwd ...
INFO - 09/21/20 12:06:31 - 0:00:07 - Loading data from fwd_small/fwd_small.train ...
['abs', 'acos', 'acosh', 'acot', 'acoth', 'acsc', 'acsch', 'add', 'asec', 'asech', 'asin', 'asinh', 'atan', 'atanh', 'cos', 'cosh', 'cot', 'coth', 'csc', 'csch', 'derivative', 'div', 'exp', 'f', 'g', 'inv', 'ln', 'mul', 'pow', 'pow2', 'pow3', 'pow4', 'pow5', 'rac', 'sec', 'sech', 'sign', 'sin', 'sinh', 'sqrt', 'sub', 'tan', 'tanh']
INFO - 09/21/20 12:06:31 - 0:00:08 - Creating train iterator for prim_fwd ...
['abs', 'acos', 'acosh', 'acot', 'acoth', 'acsc', 'acsch', 'add', 'asec', 'asech', 'asin', 'asinh', 'atan', 'atanh', 'cos', 'cosh', 'cot', 'coth', 'csc', 'csch', 'derivative', 'div', 'exp', 'f', 'g', 'inv', 'ln', 'mul', 'pow', 'pow2', 'pow3', 'pow4', 'pow5', 'rac', 'sec', 'sech', 'sign', 'sin', 'sinh', 'sqrt', 'sub', 'tan', 'tanh']
INFO - 09/21/20 12:06:31 - 0:00:08 - Loading data from fwd_small/fwd_small.train ...
INFO - 09/21/20 12:06:31 - 0:00:08 - Loading data from fwd_small/fwd_small.train ...
INFO - 09/21/20 12:06:31 - 0:00:07 - Optimizers: model
INFO - 09/21/20 12:06:31 - 0:00:07 - Creating train iterator for prim_fwd ...
['abs', 'acos', 'acosh', 'acot', 'acoth', 'acsc', 'acsch', 'add', 'asec', 'asech', 'asin', 'asinh', 'atan', 'atanh', 'cos', 'cosh', 'cot', 'coth', 'csc', 'csch', 'derivative', 'div', 'exp', 'f', 'g', 'inv', 'ln', 'mul', 'pow', 'pow2', 'pow3', 'pow4', 'pow5', 'rac', 'sec', 'sech', 'sign', 'sin', 'sinh', 'sqrt', 'sub', 'tan', 'tanh']
INFO - 09/21/20 12:06:31 - 0:00:07 - Loading data from fwd_small/fwd_small.train ...
INFO - 09/21/20 12:06:31 - 0:00:07 - Loaded 12500 equations from the disk.
INFO - 09/21/20 12:06:31 - 0:00:07 - Loaded 12500 equations from the disk.
INFO - 09/21/20 12:06:31 - 0:00:08 - Loaded 12500 equations from the disk.
INFO - 09/21/20 12:06:31 - 0:00:08 - Loaded 12500 equations from the disk.
INFO - 09/21/20 12:06:31 - 0:00:08 - ============ Starting epoch 0 ... ============
INFO - 09/21/20 12:06:31 - 0:00:08 - ============ Starting epoch 0 ... ============
INFO - 09/21/20 12:06:31 - 0:00:08 - ============ Starting epoch 0 ... ============
INFO - 09/21/20 12:06:31 - 0:00:08 - ============ Starting epoch 0 ... ============
INFO - 09/21/20 12:06:31 - 0:00:08 - Initialized random generator for worker 0, with seed [0, 1, 0] (base seed=0).
INFO - 09/21/20 12:06:31 - 0:00:09 - Initialized random generator for worker 0, with seed [0, 2, 0] (base seed=0).
INFO - 09/21/20 12:06:31 - 0:00:09 - Initialized random generator for worker 0, with seed [0, 3, 0] (base seed=0).
INFO - 09/21/20 12:06:31 - 0:00:08 - Initialized random generator for worker 0, with seed [0, 0, 0] (base seed=0).
/opt/conda/conda-bld/pytorch_1587428266983/work/torch/csrc/utils/python_arg_parser.cpp:756: UserWarning: This overload of add_ is deprecated:
	add_(Number alpha, Tensor other)
Consider using one of the following signatures instead:
	add_(Tensor other, *, Number alpha)
/opt/conda/conda-bld/pytorch_1587428266983/work/torch/csrc/utils/python_arg_parser.cpp:756: UserWarning: This overload of add_ is deprecated:
	add_(Number alpha, Tensor other)
Consider using one of the following signatures instead:
	add_(Tensor other, *, Number alpha)
/opt/conda/conda-bld/pytorch_1587428266983/work/torch/csrc/utils/python_arg_parser.cpp:756: UserWarning: This overload of add_ is deprecated:
	add_(Number alpha, Tensor other)
Consider using one of the following signatures instead:
	add_(Tensor other, *, Number alpha)
/opt/conda/conda-bld/pytorch_1587428266983/work/torch/csrc/utils/python_arg_parser.cpp:756: UserWarning: This overload of add_ is deprecated:
	add_(Number alpha, Tensor other)
Consider using one of the following signatures instead:
	add_(Tensor other, *, Number alpha)
INFO - 09/21/20 12:07:11 - 0:00:48 -      20 -   32.00 equations/s -  1294.94 words/s - PRIM-FWD:  4.0049 - model LR: 1.0000e-04
INFO - 09/21/20 12:07:11 - 0:00:48 -      20 -   32.00 equations/s -  1281.90 words/s - PRIM-FWD:  4.0190 - model LR: 1.0000e-04
INFO - 09/21/20 12:07:11 - 0:00:47 -      20 -   32.00 equations/s -  1270.89 words/s - PRIM-FWD:  4.0195 - model LR: 1.0000e-04
INFO - 09/21/20 12:07:11 - 0:00:47 -      20 -   31.97 equations/s -  1258.67 words/s - PRIM-FWD:  4.0115 - model LR: 1.0000e-04
INFO - 09/21/20 12:07:50 - 0:01:26 -      40 -   32.77 equations/s -  1264.28 words/s - PRIM-FWD:  2.6992 - model LR: 1.0000e-04
INFO - 09/21/20 12:07:50 - 0:01:27 -      40 -   32.76 equations/s -  1307.49 words/s - PRIM-FWD:  2.7236 - model LR: 1.0000e-04
INFO - 09/21/20 12:07:50 - 0:01:27 -      40 -   32.78 equations/s -  1331.23 words/s - PRIM-FWD:  2.7148 - model LR: 1.0000e-04
INFO - 09/21/20 12:07:50 - 0:01:26 -      40 -   32.81 equations/s -  1305.84 words/s - PRIM-FWD:  2.7152 - model LR: 1.0000e-04
INFO - 09/21/20 12:08:28 - 0:02:05 -      60 -   33.45 equations/s -  1302.02 words/s - PRIM-FWD:  2.3421 - model LR: 1.0000e-04
INFO - 09/21/20 12:08:28 - 0:02:05 -      60 -   33.47 equations/s -  1324.52 words/s - PRIM-FWD:  2.3555 - model LR: 1.0000e-04
INFO - 09/21/20 12:08:28 - 0:02:04 -      60 -   33.45 equations/s -  1331.02 words/s - PRIM-FWD:  2.3579 - model LR: 1.0000e-04
INFO - 09/21/20 12:08:28 - 0:02:04 -      60 -   33.46 equations/s -  1325.76 words/s - PRIM-FWD:  2.3563 - model LR: 1.0000e-04
INFO - 09/21/20 12:09:06 - 0:02:44 -      80 -   33.58 equations/s -  1327.85 words/s - PRIM-FWD:  1.9705 - model LR: 1.0000e-04
INFO - 09/21/20 12:09:06 - 0:02:43 -      80 -   33.58 equations/s -  1352.65 words/s - PRIM-FWD:  2.0007 - model LR: 1.0000e-04
INFO - 09/21/20 12:09:06 - 0:02:43 -      80 -   33.57 equations/s -  1314.29 words/s - PRIM-FWD:  1.9835 - model LR: 1.0000e-04
INFO - 09/21/20 12:09:06 - 0:02:44 -      80 -   33.57 equations/s -  1298.40 words/s - PRIM-FWD:  1.9657 - model LR: 1.0000e-04
INFO - 09/21/20 12:09:45 - 0:03:22 -     100 -   33.22 equations/s -  1298.71 words/s - PRIM-FWD:  1.7774 - model LR: 1.0000e-04
INFO - 09/21/20 12:09:45 - 0:03:21 -     100 -   33.22 equations/s -  1293.38 words/s - PRIM-FWD:  1.7662 - model LR: 1.0000e-04
INFO - 09/21/20 12:09:45 - 0:03:22 -     100 -   33.21 equations/s -  1331.24 words/s - PRIM-FWD:  1.7856 - model LR: 1.0000e-04
INFO - 09/21/20 12:09:45 - 0:03:21 -     100 -   33.21 equations/s -  1341.57 words/s - PRIM-FWD:  1.7908 - model LR: 1.0000e-04
INFO - 09/21/20 12:10:23 - 0:03:59 -     120 -   33.73 equations/s -  1350.82 words/s - PRIM-FWD:  1.6679 - model LR: 1.0000e-04
INFO - 09/21/20 12:10:23 - 0:04:00 -     120 -   33.72 equations/s -  1355.65 words/s - PRIM-FWD:  1.6977 - model LR: 1.0000e-04
INFO - 09/21/20 12:10:23 - 0:04:00 -     120 -   33.71 equations/s -  1367.45 words/s - PRIM-FWD:  1.7293 - model LR: 1.0000e-04
INFO - 09/21/20 12:10:23 - 0:03:59 -     120 -   33.72 equations/s -  1302.97 words/s - PRIM-FWD:  1.6741 - model LR: 1.0000e-04
INFO - 09/21/20 12:11:02 - 0:04:39 -     140 -   32.64 equations/s -  1291.57 words/s - PRIM-FWD:  1.6330 - model LR: 1.0000e-04
INFO - 09/21/20 12:11:02 - 0:04:39 -     140 -   32.65 equations/s -  1294.00 words/s - PRIM-FWD:  1.6488 - model LR: 1.0000e-04
INFO - 09/21/20 12:11:02 - 0:04:38 -     140 -   32.64 equations/s -  1316.55 words/s - PRIM-FWD:  1.6514 - model LR: 1.0000e-04
INFO - 09/21/20 12:11:02 - 0:04:38 -     140 -   32.63 equations/s -  1289.76 words/s - PRIM-FWD:  1.6358 - model LR: 1.0000e-04
INFO - 09/21/20 12:11:40 - 0:05:17 -     160 -   33.41 equations/s -  1295.42 words/s - PRIM-FWD:  1.5943 - model LR: 1.0000e-04
INFO - 09/21/20 12:11:40 - 0:05:18 -     160 -   33.39 equations/s -  1314.93 words/s - PRIM-FWD:  1.6007 - model LR: 1.0000e-04
INFO - 09/21/20 12:11:40 - 0:05:18 -     160 -   33.39 equations/s -  1312.23 words/s - PRIM-FWD:  1.5791 - model LR: 1.0000e-04
INFO - 09/21/20 12:11:40 - 0:05:17 -     160 -   33.39 equations/s -  1313.90 words/s - PRIM-FWD:  1.5731 - model LR: 1.0000e-04
INFO - 09/21/20 12:12:18 - 0:05:56 -     180 -   33.54 equations/s -  1334.01 words/s - PRIM-FWD:  1.5496 - model LR: 1.0000e-04
INFO - 09/21/20 12:12:18 - 0:05:56 -     180 -   33.56 equations/s -  1339.47 words/s - PRIM-FWD:  1.5928 - model LR: 1.0000e-04
INFO - 09/21/20 12:12:18 - 0:05:55 -     180 -   33.55 equations/s -  1309.54 words/s - PRIM-FWD:  1.5370 - model LR: 1.0000e-04
INFO - 09/21/20 12:12:18 - 0:05:55 -     180 -   33.53 equations/s -  1348.62 words/s - PRIM-FWD:  1.5561 - model LR: 1.0000e-04
INFO - 09/21/20 12:12:57 - 0:06:34 -     200 -   33.15 equations/s -  1284.27 words/s - PRIM-FWD:  1.5145 - model LR: 1.0000e-04
INFO - 09/21/20 12:12:57 - 0:06:33 -     200 -   33.16 equations/s -  1330.30 words/s - PRIM-FWD:  1.5145 - model LR: 1.0000e-04
INFO - 09/21/20 12:12:57 - 0:06:34 -     200 -   33.15 equations/s -  1317.16 words/s - PRIM-FWD:  1.5164 - model LR: 1.0000e-04
INFO - 09/21/20 12:12:57 - 0:06:33 -     200 -   33.15 equations/s -  1308.60 words/s - PRIM-FWD:  1.5237 - model LR: 1.0000e-04
INFO - 09/21/20 12:13:35 - 0:07:13 -     220 -   33.15 equations/s -  1306.42 words/s - PRIM-FWD:  1.4604 - model LR: 1.0000e-04
INFO - 09/21/20 12:13:35 - 0:07:12 -     220 -   33.15 equations/s -  1333.01 words/s - PRIM-FWD:  1.4921 - model LR: 1.0000e-04
INFO - 09/21/20 12:13:35 - 0:07:13 -     220 -   33.15 equations/s -  1321.45 words/s - PRIM-FWD:  1.4799 - model LR: 1.0000e-04
INFO - 09/21/20 12:13:35 - 0:07:12 -     220 -   33.14 equations/s -  1314.06 words/s - PRIM-FWD:  1.4854 - model LR: 1.0000e-04
INFO - 09/21/20 12:14:15 - 0:07:53 -     240 -   32.39 equations/s -  1296.13 words/s - PRIM-FWD:  1.4526 - model LR: 1.0000e-04
INFO - 09/21/20 12:14:15 - 0:07:53 -     240 -   32.38 equations/s -  1293.59 words/s - PRIM-FWD:  1.4081 - model LR: 1.0000e-04
INFO - 09/21/20 12:14:15 - 0:07:52 -     240 -   32.39 equations/s -  1292.10 words/s - PRIM-FWD:  1.4396 - model LR: 1.0000e-04
INFO - 09/21/20 12:14:15 - 0:07:52 -     240 -   32.38 equations/s -  1318.51 words/s - PRIM-FWD:  1.4677 - model LR: 1.0000e-04
INFO - 09/21/20 12:14:53 - 0:08:31 -     260 -   33.35 equations/s -  1354.84 words/s - PRIM-FWD:  1.3948 - model LR: 1.0000e-04
INFO - 09/21/20 12:14:53 - 0:08:30 -     260 -   33.35 equations/s -  1348.96 words/s - PRIM-FWD:  1.4138 - model LR: 1.0000e-04
INFO - 09/21/20 12:14:53 - 0:08:31 -     260 -   33.36 equations/s -  1330.29 words/s - PRIM-FWD:  1.3892 - model LR: 1.0000e-04
INFO - 09/21/20 12:14:53 - 0:08:30 -     260 -   33.36 equations/s -  1350.16 words/s - PRIM-FWD:  1.4165 - model LR: 1.0000e-04
INFO - 09/21/20 12:15:32 - 0:09:09 -     280 -   33.12 equations/s -  1337.68 words/s - PRIM-FWD:  1.3733 - model LR: 1.0000e-04
INFO - 09/21/20 12:15:32 - 0:09:10 -     280 -   33.11 equations/s -  1320.65 words/s - PRIM-FWD:  1.4030 - model LR: 1.0000e-04
INFO - 09/21/20 12:15:32 - 0:09:09 -     280 -   33.12 equations/s -  1312.01 words/s - PRIM-FWD:  1.3888 - model LR: 1.0000e-04
INFO - 09/21/20 12:15:32 - 0:09:10 -     280 -   33.13 equations/s -  1309.85 words/s - PRIM-FWD:  1.3697 - model LR: 1.0000e-04
INFO - 09/21/20 12:16:11 - 0:09:48 -     300 -   32.93 equations/s -  1314.07 words/s - PRIM-FWD:  1.3617 - model LR: 1.0000e-04
INFO - 09/21/20 12:16:11 - 0:09:48 -     300 -   32.94 equations/s -  1282.99 words/s - PRIM-FWD:  1.3199 - model LR: 1.0000e-04
INFO - 09/21/20 12:16:11 - 0:09:47 -     300 -   32.94 equations/s -  1303.03 words/s - PRIM-FWD:  1.3306 - model LR: 1.0000e-04
INFO - 09/21/20 12:16:11 - 0:09:47 -     300 -   32.93 equations/s -  1288.40 words/s - PRIM-FWD:  1.3108 - model LR: 1.0000e-04
INFO - 09/21/20 12:16:49 - 0:10:27 -     320 -   33.46 equations/s -  1279.08 words/s - PRIM-FWD:  1.3105 - model LR: 1.0000e-04
INFO - 09/21/20 12:16:49 - 0:10:26 -     320 -   33.46 equations/s -  1330.26 words/s - PRIM-FWD:  1.2929 - model LR: 1.0000e-04
INFO - 09/21/20 12:16:49 - 0:10:27 -     320 -   33.45 equations/s -  1328.35 words/s - PRIM-FWD:  1.3234 - model LR: 1.0000e-04
INFO - 09/21/20 12:16:49 - 0:10:26 -     320 -   33.45 equations/s -  1339.44 words/s - PRIM-FWD:  1.3042 - model LR: 1.0000e-04
INFO - 09/21/20 12:17:28 - 0:11:05 -     340 -   33.30 equations/s -  1285.08 words/s - PRIM-FWD:  1.2522 - model LR: 1.0000e-04
INFO - 09/21/20 12:17:28 - 0:11:04 -     340 -   33.30 equations/s -  1345.72 words/s - PRIM-FWD:  1.2978 - model LR: 1.0000e-04
INFO - 09/21/20 12:17:28 - 0:11:05 -     340 -   33.29 equations/s -  1292.58 words/s - PRIM-FWD:  1.2667 - model LR: 1.0000e-04
INFO - 09/21/20 12:17:28 - 0:11:04 -     340 -   33.29 equations/s -  1314.98 words/s - PRIM-FWD:  1.2613 - model LR: 1.0000e-04
INFO - 09/21/20 12:18:05 - 0:11:43 -     360 -   33.83 equations/s -  1340.85 words/s - PRIM-FWD:  1.2415 - model LR: 1.0000e-04
INFO - 09/21/20 12:18:05 - 0:11:42 -     360 -   33.83 equations/s -  1332.87 words/s - PRIM-FWD:  1.2609 - model LR: 1.0000e-04
INFO - 09/21/20 12:18:05 - 0:11:42 -     360 -   33.83 equations/s -  1363.70 words/s - PRIM-FWD:  1.2615 - model LR: 1.0000e-04
INFO - 09/21/20 12:18:05 - 0:11:43 -     360 -   33.83 equations/s -  1337.74 words/s - PRIM-FWD:  1.2937 - model LR: 1.0000e-04
INFO - 09/21/20 12:18:44 - 0:12:21 -     380 -   33.14 equations/s -  1288.77 words/s - PRIM-FWD:  1.2107 - model LR: 1.0000e-04
INFO - 09/21/20 12:18:44 - 0:12:22 -     380 -   33.13 equations/s -  1330.24 words/s - PRIM-FWD:  1.2225 - model LR: 1.0000e-04
INFO - 09/21/20 12:18:44 - 0:12:22 -     380 -   33.12 equations/s -  1327.53 words/s - PRIM-FWD:  1.2574 - model LR: 1.0000e-04
INFO - 09/21/20 12:18:44 - 0:12:21 -     380 -   33.12 equations/s -  1326.95 words/s - PRIM-FWD:  1.2404 - model LR: 1.0000e-04
INFO - 09/21/20 12:19:22 - 0:13:00 -     400 -   33.66 equations/s -  1339.96 words/s - PRIM-FWD:  1.2345 - model LR: 1.0000e-04
INFO - 09/21/20 12:19:22 - 0:13:00 -     400 -   33.66 equations/s -  1334.00 words/s - PRIM-FWD:  1.2143 - model LR: 1.0000e-04
INFO - 09/21/20 12:19:22 - 0:12:59 -     400 -   33.65 equations/s -  1356.51 words/s - PRIM-FWD:  1.2334 - model LR: 1.0000e-04
INFO - 09/21/20 12:19:22 - 0:12:59 -     400 -   33.66 equations/s -  1364.61 words/s - PRIM-FWD:  1.2225 - model LR: 1.0000e-04
INFO - 09/21/20 12:20:01 - 0:13:39 -     420 -   32.87 equations/s -  1342.23 words/s - PRIM-FWD:  1.2369 - model LR: 1.0000e-04
INFO - 09/21/20 12:20:01 - 0:13:39 -     420 -   32.87 equations/s -  1297.85 words/s - PRIM-FWD:  1.1989 - model LR: 1.0000e-04
INFO - 09/21/20 12:20:01 - 0:13:38 -     420 -   32.87 equations/s -  1315.17 words/s - PRIM-FWD:  1.1994 - model LR: 1.0000e-04
INFO - 09/21/20 12:20:01 - 0:13:38 -     420 -   32.87 equations/s -  1298.55 words/s - PRIM-FWD:  1.2063 - model LR: 1.0000e-04
INFO - 09/21/20 12:20:39 - 0:14:16 -     440 -   33.74 equations/s -  1328.94 words/s - PRIM-FWD:  1.1736 - model LR: 1.0000e-04
INFO - 09/21/20 12:20:39 - 0:14:16 -     440 -   33.73 equations/s -  1308.41 words/s - PRIM-FWD:  1.1825 - model LR: 1.0000e-04
INFO - 09/21/20 12:20:39 - 0:14:17 -     440 -   33.73 equations/s -  1328.84 words/s - PRIM-FWD:  1.1841 - model LR: 1.0000e-04
INFO - 09/21/20 12:20:39 - 0:14:16 -     440 -   33.73 equations/s -  1343.98 words/s - PRIM-FWD:  1.1955 - model LR: 1.0000e-04
INFO - 09/21/20 12:21:17 - 0:14:55 -     460 -   33.40 equations/s -  1332.73 words/s - PRIM-FWD:  1.1608 - model LR: 1.0000e-04
INFO - 09/21/20 12:21:17 - 0:14:55 -     460 -   33.39 equations/s -  1312.50 words/s - PRIM-FWD:  1.1481 - model LR: 1.0000e-04
INFO - 09/21/20 12:21:17 - 0:14:54 -     460 -   33.39 equations/s -  1300.01 words/s - PRIM-FWD:  1.1429 - model LR: 1.0000e-04
INFO - 09/21/20 12:21:17 - 0:14:54 -     460 -   33.38 equations/s -  1319.02 words/s - PRIM-FWD:  1.1659 - model LR: 1.0000e-04
INFO - 09/21/20 12:21:56 - 0:15:33 -     480 -   33.43 equations/s -  1307.57 words/s - PRIM-FWD:  1.1353 - model LR: 1.0000e-04
INFO - 09/21/20 12:21:56 - 0:15:33 -     480 -   33.41 equations/s -  1317.47 words/s - PRIM-FWD:  1.1206 - model LR: 1.0000e-04
INFO - 09/21/20 12:21:56 - 0:15:32 -     480 -   33.42 equations/s -  1351.30 words/s - PRIM-FWD:  1.1710 - model LR: 1.0000e-04
INFO - 09/21/20 12:21:56 - 0:15:32 -     480 -   33.41 equations/s -  1338.73 words/s - PRIM-FWD:  1.1548 - model LR: 1.0000e-04
INFO - 09/21/20 12:22:34 - 0:16:11 -     500 -   33.39 equations/s -  1309.13 words/s - PRIM-FWD:  1.1040 - model LR: 1.0000e-04
INFO - 09/21/20 12:22:34 - 0:16:11 -     500 -   33.38 equations/s -  1331.11 words/s - PRIM-FWD:  1.1166 - model LR: 1.0000e-04
INFO - 09/21/20 12:22:34 - 0:16:11 -     500 -   33.39 equations/s -  1330.29 words/s - PRIM-FWD:  1.1290 - model LR: 1.0000e-04
INFO - 09/21/20 12:22:34 - 0:16:10 -     500 -   33.40 equations/s -  1318.06 words/s - PRIM-FWD:  1.1188 - model LR: 1.0000e-04
INFO - 09/21/20 12:23:13 - 0:16:50 -     520 -   33.19 equations/s -  1347.56 words/s - PRIM-FWD:  1.1117 - model LR: 1.0000e-04
INFO - 09/21/20 12:23:13 - 0:16:49 -     520 -   33.17 equations/s -  1307.63 words/s - PRIM-FWD:  1.1172 - model LR: 1.0000e-04
INFO - 09/21/20 12:23:13 - 0:16:50 -     520 -   33.17 equations/s -  1334.86 words/s - PRIM-FWD:  1.1436 - model LR: 1.0000e-04
INFO - 09/21/20 12:23:13 - 0:16:49 -     520 -   33.18 equations/s -  1293.15 words/s - PRIM-FWD:  1.0955 - model LR: 1.0000e-04
INFO - 09/21/20 12:23:51 - 0:17:28 -     540 -   33.16 equations/s -  1311.73 words/s - PRIM-FWD:  1.0591 - model LR: 1.0000e-04
INFO - 09/21/20 12:23:51 - 0:17:28 -     540 -   33.15 equations/s -  1327.55 words/s - PRIM-FWD:  1.0953 - model LR: 1.0000e-04
INFO - 09/21/20 12:23:51 - 0:17:29 -     540 -   33.14 equations/s -  1322.31 words/s - PRIM-FWD:  1.0850 - model LR: 1.0000e-04
INFO - 09/21/20 12:23:51 - 0:17:29 -     540 -   33.15 equations/s -  1307.31 words/s - PRIM-FWD:  1.0772 - model LR: 1.0000e-04
INFO - 09/21/20 12:24:29 - 0:18:07 -     560 -   33.44 equations/s -  1308.12 words/s - PRIM-FWD:  1.0655 - model LR: 1.0000e-04
INFO - 09/21/20 12:24:29 - 0:18:06 -     560 -   33.42 equations/s -  1305.36 words/s - PRIM-FWD:  1.0506 - model LR: 1.0000e-04
INFO - 09/21/20 12:24:29 - 0:18:06 -     560 -   33.42 equations/s -  1297.09 words/s - PRIM-FWD:  1.1186 - model LR: 1.0000e-04
INFO - 09/21/20 12:24:29 - 0:18:07 -     560 -   33.43 equations/s -  1317.64 words/s - PRIM-FWD:  1.0935 - model LR: 1.0000e-04
INFO - 09/21/20 12:25:08 - 0:18:45 -     580 -   33.32 equations/s -  1301.33 words/s - PRIM-FWD:  1.0673 - model LR: 1.0000e-04
INFO - 09/21/20 12:25:08 - 0:18:44 -     580 -   33.32 equations/s -  1357.68 words/s - PRIM-FWD:  1.0803 - model LR: 1.0000e-04
INFO - 09/21/20 12:25:08 - 0:18:45 -     580 -   33.30 equations/s -  1346.86 words/s - PRIM-FWD:  1.0753 - model LR: 1.0000e-04
INFO - 09/21/20 12:25:08 - 0:18:44 -     580 -   33.31 equations/s -  1310.53 words/s - PRIM-FWD:  1.0512 - model LR: 1.0000e-04
INFO - 09/21/20 12:25:46 - 0:19:23 -     600 -   33.56 equations/s -  1335.38 words/s - PRIM-FWD:  1.0602 - model LR: 1.0000e-04
INFO - 09/21/20 12:25:46 - 0:19:24 -     600 -   33.55 equations/s -  1302.75 words/s - PRIM-FWD:  1.0296 - model LR: 1.0000e-04
INFO - 09/21/20 12:25:46 - 0:19:23 -     600 -   33.54 equations/s -  1363.47 words/s - PRIM-FWD:  1.0641 - model LR: 1.0000e-04
INFO - 09/21/20 12:25:46 - 0:19:24 -     600 -   33.53 equations/s -  1327.11 words/s - PRIM-FWD:  1.0471 - model LR: 1.0000e-04
INFO - 09/21/20 12:26:25 - 0:20:02 -     620 -   32.94 equations/s -  1301.03 words/s - PRIM-FWD:  1.0729 - model LR: 1.0000e-04
INFO - 09/21/20 12:26:25 - 0:20:01 -     620 -   32.93 equations/s -  1339.89 words/s - PRIM-FWD:  1.0602 - model LR: 1.0000e-04
INFO - 09/21/20 12:26:25 - 0:20:02 -     620 -   32.94 equations/s -  1307.78 words/s - PRIM-FWD:  1.0533 - model LR: 1.0000e-04
INFO - 09/21/20 12:26:25 - 0:20:01 -     620 -   32.92 equations/s -  1308.70 words/s - PRIM-FWD:  1.0370 - model LR: 1.0000e-04
INFO - 09/21/20 12:27:03 - 0:20:40 -     640 -   33.21 equations/s -  1297.64 words/s - PRIM-FWD:  1.0179 - model LR: 1.0000e-04
INFO - 09/21/20 12:27:03 - 0:20:41 -     640 -   33.21 equations/s -  1294.22 words/s - PRIM-FWD:  1.0529 - model LR: 1.0000e-04
INFO - 09/21/20 12:27:03 - 0:20:40 -     640 -   33.21 equations/s -  1295.80 words/s - PRIM-FWD:  1.0202 - model LR: 1.0000e-04
INFO - 09/21/20 12:27:03 - 0:20:41 -     640 -   33.17 equations/s -  1314.36 words/s - PRIM-FWD:  1.0300 - model LR: 1.0000e-04
INFO - 09/21/20 12:27:42 - 0:21:19 -     660 -   33.37 equations/s -  1320.50 words/s - PRIM-FWD:  1.0429 - model LR: 1.0000e-04
INFO - 09/21/20 12:27:42 - 0:21:19 -     660 -   33.40 equations/s -  1322.49 words/s - PRIM-FWD:  1.0029 - model LR: 1.0000e-04
INFO - 09/21/20 12:27:42 - 0:21:18 -     660 -   33.37 equations/s -  1295.81 words/s - PRIM-FWD:  1.0240 - model LR: 1.0000e-04
INFO - 09/21/20 12:27:42 - 0:21:18 -     660 -   33.36 equations/s -  1311.04 words/s - PRIM-FWD:  1.0018 - model LR: 1.0000e-04
INFO - 09/21/20 12:28:21 - 0:21:57 -     680 -   32.90 equations/s -  1290.24 words/s - PRIM-FWD:  1.0087 - model LR: 1.0000e-04
INFO - 09/21/20 12:28:21 - 0:21:58 -     680 -   32.90 equations/s -  1282.10 words/s - PRIM-FWD:  0.9996 - model LR: 1.0000e-04
INFO - 09/21/20 12:28:21 - 0:21:58 -     680 -   32.88 equations/s -  1272.54 words/s - PRIM-FWD:  1.0092 - model LR: 1.0000e-04
INFO - 09/21/20 12:28:21 - 0:21:57 -     680 -   32.88 equations/s -  1308.54 words/s - PRIM-FWD:  1.0079 - model LR: 1.0000e-04
INFO - 09/21/20 12:28:59 - 0:22:37 -     700 -   33.07 equations/s -  1349.44 words/s - PRIM-FWD:  1.0044 - model LR: 1.0000e-04
INFO - 09/21/20 12:28:59 - 0:22:37 -     700 -   33.08 equations/s -  1307.24 words/s - PRIM-FWD:  0.9940 - model LR: 1.0000e-04
INFO - 09/21/20 12:28:59 - 0:22:36 -     700 -   33.07 equations/s -  1327.11 words/s - PRIM-FWD:  1.0147 - model LR: 1.0000e-04
INFO - 09/21/20 12:28:59 - 0:22:36 -     700 -   33.09 equations/s -  1328.13 words/s - PRIM-FWD:  0.9956 - model LR: 1.0000e-04
INFO - 09/21/20 12:29:38 - 0:23:15 -     720 -   33.31 equations/s -  1309.43 words/s - PRIM-FWD:  0.9825 - model LR: 1.0000e-04
INFO - 09/21/20 12:29:38 - 0:23:14 -     720 -   33.32 equations/s -  1327.65 words/s - PRIM-FWD:  0.9865 - model LR: 1.0000e-04
INFO - 09/21/20 12:29:38 - 0:23:15 -     720 -   33.32 equations/s -  1303.94 words/s - PRIM-FWD:  0.9717 - model LR: 1.0000e-04
INFO - 09/21/20 12:29:38 - 0:23:14 -     720 -   33.31 equations/s -  1293.03 words/s - PRIM-FWD:  0.9598 - model LR: 1.0000e-04
INFO - 09/21/20 12:30:16 - 0:23:53 -     740 -   33.59 equations/s -  1336.79 words/s - PRIM-FWD:  0.9513 - model LR: 1.0000e-04
INFO - 09/21/20 12:30:16 - 0:23:52 -     740 -   33.60 equations/s -  1317.16 words/s - PRIM-FWD:  0.9551 - model LR: 1.0000e-04
INFO - 09/21/20 12:30:16 - 0:23:52 -     740 -   33.58 equations/s -  1320.11 words/s - PRIM-FWD:  0.9686 - model LR: 1.0000e-04
INFO - 09/21/20 12:30:16 - 0:23:53 -     740 -   33.58 equations/s -  1297.71 words/s - PRIM-FWD:  0.9751 - model LR: 1.0000e-04
INFO - 09/21/20 12:30:54 - 0:24:32 -     760 -   33.35 equations/s -  1314.27 words/s - PRIM-FWD:  0.9733 - model LR: 1.0000e-04
INFO - 09/21/20 12:30:54 - 0:24:32 -     760 -   33.33 equations/s -  1285.42 words/s - PRIM-FWD:  0.9647 - model LR: 1.0000e-04
INFO - 09/21/20 12:30:54 - 0:24:31 -     760 -   33.33 equations/s -  1302.18 words/s - PRIM-FWD:  0.9787 - model LR: 1.0000e-04
INFO - 09/21/20 12:30:54 - 0:24:31 -     760 -   33.30 equations/s -  1308.33 words/s - PRIM-FWD:  0.9625 - model LR: 1.0000e-04
INFO - 09/21/20 12:31:32 - 0:25:09 -     780 -   33.78 equations/s -  1324.30 words/s - PRIM-FWD:  0.9617 - model LR: 1.0000e-04
INFO - 09/21/20 12:31:32 - 0:25:10 -     780 -   33.73 equations/s -  1345.42 words/s - PRIM-FWD:  0.9886 - model LR: 1.0000e-04
INFO - 09/21/20 12:31:32 - 0:25:10 -     780 -   33.73 equations/s -  1366.06 words/s - PRIM-FWD:  0.9659 - model LR: 1.0000e-04
INFO - 09/21/20 12:31:32 - 0:25:09 -     780 -   33.74 equations/s -  1312.07 words/s - PRIM-FWD:  0.9330 - model LR: 1.0000e-04
INFO - 09/21/20 12:31:36 - 0:25:13 - ============ End of epoch 0 ============
INFO - 09/21/20 12:31:36 - 0:25:14 - ============ End of epoch 0 ============
INFO - 09/21/20 12:31:36 - 0:25:14 - Creating valid iterator for prim_fwd ...
INFO - 09/21/20 12:31:36 - 0:25:14 - Loading data from fwd_small/fwd_small.valid ...
INFO - 09/21/20 12:31:36 - 0:25:14 - ============ End of epoch 0 ============
INFO - 09/21/20 12:31:36 - 0:25:13 - Creating valid iterator for prim_fwd ...
INFO - 09/21/20 12:31:36 - 0:25:13 - Loading data from fwd_small/fwd_small.valid ...
INFO - 09/21/20 12:31:36 - 0:25:14 - Creating valid iterator for prim_fwd ...
INFO - 09/21/20 12:31:36 - 0:25:14 - Loading data from fwd_small/fwd_small.valid ...
INFO - 09/21/20 12:31:36 - 0:25:13 - Loaded 500 equations from the disk.
INFO - 09/21/20 12:31:36 - 0:25:14 - Loaded 500 equations from the disk.
INFO - 09/21/20 12:31:36 - 0:25:13 - ============ End of epoch 0 ============
INFO - 09/21/20 12:31:36 - 0:25:13 - Creating valid iterator for prim_fwd ...
INFO - 09/21/20 12:31:36 - 0:25:13 - Loading data from fwd_small/fwd_small.valid ...
INFO - 09/21/20 12:31:36 - 0:25:14 - Loaded 500 equations from the disk.
INFO - 09/21/20 12:31:36 - 0:25:13 - Loaded 500 equations from the disk.
INFO - 09/21/20 12:31:37 - 0:25:13 - 0/500
INFO - 09/21/20 12:31:37 - 0:25:13 - 0/500
INFO - 09/21/20 12:31:37 - 0:25:14 - 0/500
INFO - 09/21/20 12:31:37 - 0:25:14 - 0/500
INFO - 09/21/20 12:31:38 - 0:25:15 - 128/500
INFO - 09/21/20 12:31:38 - 0:25:15 - 128/500
INFO - 09/21/20 12:31:38 - 0:25:16 - 128/500
INFO - 09/21/20 12:31:39 - 0:25:16 - 128/500
INFO - 09/21/20 12:31:40 - 0:25:16 - 256/500
INFO - 09/21/20 12:31:40 - 0:25:16 - 256/500
INFO - 09/21/20 12:31:40 - 0:25:17 - 256/500
INFO - 09/21/20 12:31:41 - 0:25:18 - 256/500
INFO - 09/21/20 12:31:41 - 0:25:17 - 320/500
INFO - 09/21/20 12:31:41 - 0:25:17 - 320/500
INFO - 09/21/20 12:31:41 - 0:25:18 - 320/500
INFO - 09/21/20 12:31:42 - 0:25:19 - 320/500
INFO - 09/21/20 12:31:43 - 0:25:20 - 448/500
INFO - 09/21/20 12:31:43 - 0:25:19 - 448/500
INFO - 09/21/20 12:31:43 - 0:25:19 - 448/500
INFO - 09/21/20 12:31:43 - 0:25:20 - 0/500 (0.0%) equations were evaluated correctly.
INFO - 09/21/20 12:31:43 - 0:25:20 - Creating test iterator for prim_fwd ...
INFO - 09/21/20 12:31:43 - 0:25:20 - Loading data from fwd_small/fwd_small.test ...
INFO - 09/21/20 12:31:43 - 0:25:21 - Loaded 1000 equations from the disk.
INFO - 09/21/20 12:31:43 - 0:25:20 - 0/500 (0.0%) equations were evaluated correctly.
INFO - 09/21/20 12:31:43 - 0:25:20 - Creating test iterator for prim_fwd ...
INFO - 09/21/20 12:31:43 - 0:25:20 - Loading data from fwd_small/fwd_small.test ...
INFO - 09/21/20 12:31:43 - 0:25:20 - 0/500 (0.0%) equations were evaluated correctly.
INFO - 09/21/20 12:31:43 - 0:25:20 - Creating test iterator for prim_fwd ...
INFO - 09/21/20 12:31:43 - 0:25:20 - Loading data from fwd_small/fwd_small.test ...
INFO - 09/21/20 12:31:43 - 0:25:20 - Loaded 1000 equations from the disk.
INFO - 09/21/20 12:31:43 - 0:25:20 - Loaded 1000 equations from the disk.
INFO - 09/21/20 12:31:43 - 0:25:21 - 448/500
INFO - 09/21/20 12:31:44 - 0:25:21 - 0/1000
INFO - 09/21/20 12:31:44 - 0:25:20 - 0/1000
INFO - 09/21/20 12:31:44 - 0:25:20 - 0/1000
INFO - 09/21/20 12:31:44 - 0:25:22 - 0/500 (0.0%) equations were evaluated correctly.
INFO - 09/21/20 12:31:44 - 0:25:22 - Creating test iterator for prim_fwd ...
INFO - 09/21/20 12:31:44 - 0:25:22 - Loading data from fwd_small/fwd_small.test ...
INFO - 09/21/20 12:31:44 - 0:25:22 - Loaded 1000 equations from the disk.
INFO - 09/21/20 12:31:45 - 0:25:22 - 128/1000
INFO - 09/21/20 12:31:45 - 0:25:21 - 128/1000
INFO - 09/21/20 12:31:45 - 0:25:22 - 0/1000
INFO - 09/21/20 12:31:45 - 0:25:22 - 128/1000
INFO - 09/21/20 12:31:47 - 0:25:23 - 256/1000
INFO - 09/21/20 12:31:47 - 0:25:24 - 256/1000
INFO - 09/21/20 12:31:47 - 0:25:23 - 256/1000
INFO - 09/21/20 12:31:47 - 0:25:24 - 128/1000
INFO - 09/21/20 12:31:48 - 0:25:25 - 320/1000
INFO - 09/21/20 12:31:48 - 0:25:24 - 320/1000
INFO - 09/21/20 12:31:48 - 0:25:24 - 320/1000
INFO - 09/21/20 12:31:49 - 0:25:26 - 256/1000
INFO - 09/21/20 12:31:50 - 0:25:27 - 448/1000
INFO - 09/21/20 12:31:50 - 0:25:26 - 448/1000
INFO - 09/21/20 12:31:50 - 0:25:26 - 448/1000
INFO - 09/21/20 12:31:50 - 0:25:28 - 320/1000
INFO - 09/21/20 12:31:51 - 0:25:28 - 512/1000
INFO - 09/21/20 12:31:51 - 0:25:27 - 512/1000
INFO - 09/21/20 12:31:51 - 0:25:27 - 512/1000
INFO - 09/21/20 12:31:52 - 0:25:30 - 448/1000
INFO - 09/21/20 12:31:52 - 0:25:30 - 640/1000
INFO - 09/21/20 12:31:53 - 0:25:29 - 640/1000
INFO - 09/21/20 12:31:53 - 0:25:29 - 640/1000
INFO - 09/21/20 12:31:53 - 0:25:31 - 704/1000
INFO - 09/21/20 12:31:53 - 0:25:31 - 512/1000
INFO - 09/21/20 12:31:54 - 0:25:30 - 704/1000
INFO - 09/21/20 12:31:54 - 0:25:30 - 704/1000
INFO - 09/21/20 12:31:55 - 0:25:33 - 832/1000
INFO - 09/21/20 12:31:55 - 0:25:32 - 832/1000
INFO - 09/21/20 12:31:55 - 0:25:32 - 832/1000
INFO - 09/21/20 12:31:56 - 0:25:33 - 640/1000
INFO - 09/21/20 12:31:57 - 0:25:34 - 704/1000
INFO - 09/21/20 12:31:57 - 0:25:34 - 960/1000
INFO - 09/21/20 12:31:57 - 0:25:34 - 960/1000
INFO - 09/21/20 12:31:57 - 0:25:34 - 960/1000
INFO - 09/21/20 12:31:57 - 0:25:35 - 0/1000 (0.0%) equations were evaluated correctly.
INFO - 09/21/20 12:31:57 - 0:25:35 - epoch -> 0.000000
INFO - 09/21/20 12:31:57 - 0:25:35 - valid_prim_fwd_xe_loss -> 26.199605
INFO - 09/21/20 12:31:57 - 0:25:35 - valid_prim_fwd_acc -> 0.000000
INFO - 09/21/20 12:31:57 - 0:25:35 - valid_prim_fwd_acc_2 -> 0.000000
INFO - 09/21/20 12:31:57 - 0:25:35 - valid_prim_fwd_acc_3 -> 0.000000
INFO - 09/21/20 12:31:57 - 0:25:35 - valid_prim_fwd_acc_4 -> 0.000000
INFO - 09/21/20 12:31:57 - 0:25:35 - valid_prim_fwd_acc_5 -> 0.000000
INFO - 09/21/20 12:31:57 - 0:25:35 - valid_prim_fwd_acc_6 -> 0.000000
INFO - 09/21/20 12:31:57 - 0:25:35 - valid_prim_fwd_acc_7 -> 0.000000
INFO - 09/21/20 12:31:57 - 0:25:35 - valid_prim_fwd_acc_8 -> 0.000000
INFO - 09/21/20 12:31:57 - 0:25:35 - valid_prim_fwd_acc_9 -> 0.000000
INFO - 09/21/20 12:31:57 - 0:25:35 - test_prim_fwd_xe_loss -> 31.549522
INFO - 09/21/20 12:31:57 - 0:25:35 - test_prim_fwd_acc -> 0.000000
INFO - 09/21/20 12:31:57 - 0:25:35 - test_prim_fwd_acc_2 -> 0.000000
INFO - 09/21/20 12:31:57 - 0:25:35 - test_prim_fwd_acc_3 -> 0.000000
INFO - 09/21/20 12:31:57 - 0:25:35 - test_prim_fwd_acc_4 -> 0.000000
INFO - 09/21/20 12:31:57 - 0:25:35 - test_prim_fwd_acc_5 -> 0.000000
INFO - 09/21/20 12:31:57 - 0:25:35 - test_prim_fwd_acc_6 -> 0.000000
INFO - 09/21/20 12:31:57 - 0:25:35 - test_prim_fwd_acc_7 -> 0.000000
INFO - 09/21/20 12:31:57 - 0:25:35 - test_prim_fwd_acc_8 -> 0.000000
INFO - 09/21/20 12:31:57 - 0:25:35 - test_prim_fwd_acc_9 -> 0.000000
INFO - 09/21/20 12:31:57 - 0:25:35 - ============ Starting epoch 1 ... ============
INFO - 09/21/20 12:31:58 - 0:25:34 - 0/1000 (0.0%) equations were evaluated correctly.
INFO - 09/21/20 12:31:58 - 0:25:34 - epoch -> 0.000000
INFO - 09/21/20 12:31:58 - 0:25:34 - valid_prim_fwd_xe_loss -> 26.219187
INFO - 09/21/20 12:31:58 - 0:25:34 - valid_prim_fwd_acc -> 0.000000
INFO - 09/21/20 12:31:58 - 0:25:34 - valid_prim_fwd_acc_2 -> 0.000000
INFO - 09/21/20 12:31:58 - 0:25:34 - valid_prim_fwd_acc_3 -> 0.000000
INFO - 09/21/20 12:31:58 - 0:25:34 - valid_prim_fwd_acc_4 -> 0.000000
INFO - 09/21/20 12:31:58 - 0:25:34 - valid_prim_fwd_acc_5 -> 0.000000
INFO - 09/21/20 12:31:58 - 0:25:34 - valid_prim_fwd_acc_6 -> 0.000000
INFO - 09/21/20 12:31:58 - 0:25:34 - valid_prim_fwd_acc_7 -> 0.000000
INFO - 09/21/20 12:31:58 - 0:25:34 - valid_prim_fwd_acc_8 -> 0.000000
INFO - 09/21/20 12:31:58 - 0:25:34 - valid_prim_fwd_acc_9 -> 0.000000
INFO - 09/21/20 12:31:58 - 0:25:34 - test_prim_fwd_xe_loss -> 31.558827
INFO - 09/21/20 12:31:58 - 0:25:34 - test_prim_fwd_acc -> 0.000000
INFO - 09/21/20 12:31:58 - 0:25:34 - test_prim_fwd_acc_2 -> 0.000000
INFO - 09/21/20 12:31:58 - 0:25:34 - test_prim_fwd_acc_3 -> 0.000000
INFO - 09/21/20 12:31:58 - 0:25:34 - test_prim_fwd_acc_4 -> 0.000000
INFO - 09/21/20 12:31:58 - 0:25:34 - test_prim_fwd_acc_5 -> 0.000000
INFO - 09/21/20 12:31:58 - 0:25:34 - test_prim_fwd_acc_6 -> 0.000000
INFO - 09/21/20 12:31:58 - 0:25:34 - test_prim_fwd_acc_7 -> 0.000000
INFO - 09/21/20 12:31:58 - 0:25:34 - test_prim_fwd_acc_8 -> 0.000000
INFO - 09/21/20 12:31:58 - 0:25:34 - test_prim_fwd_acc_9 -> 0.000000
INFO - 09/21/20 12:31:58 - 0:25:34 - ============ Starting epoch 1 ... ============
INFO - 09/21/20 12:31:58 - 0:25:34 - 0/1000 (0.0%) equations were evaluated correctly.
INFO - 09/21/20 12:31:58 - 0:25:34 - epoch -> 0.000000
INFO - 09/21/20 12:31:58 - 0:25:34 - valid_prim_fwd_xe_loss -> 26.184500
INFO - 09/21/20 12:31:58 - 0:25:34 - valid_prim_fwd_acc -> 0.000000
INFO - 09/21/20 12:31:58 - 0:25:34 - valid_prim_fwd_acc_2 -> 0.000000
INFO - 09/21/20 12:31:58 - 0:25:34 - valid_prim_fwd_acc_3 -> 0.000000
INFO - 09/21/20 12:31:58 - 0:25:34 - valid_prim_fwd_acc_4 -> 0.000000
INFO - 09/21/20 12:31:58 - 0:25:34 - valid_prim_fwd_acc_5 -> 0.000000
INFO - 09/21/20 12:31:58 - 0:25:34 - valid_prim_fwd_acc_6 -> 0.000000
INFO - 09/21/20 12:31:58 - 0:25:34 - valid_prim_fwd_acc_7 -> 0.000000
INFO - 09/21/20 12:31:58 - 0:25:34 - valid_prim_fwd_acc_8 -> 0.000000
INFO - 09/21/20 12:31:58 - 0:25:34 - valid_prim_fwd_acc_9 -> 0.000000
INFO - 09/21/20 12:31:58 - 0:25:34 - test_prim_fwd_xe_loss -> 31.534769
INFO - 09/21/20 12:31:58 - 0:25:34 - test_prim_fwd_acc -> 0.000000
INFO - 09/21/20 12:31:58 - 0:25:34 - test_prim_fwd_acc_2 -> 0.000000
INFO - 09/21/20 12:31:58 - 0:25:34 - test_prim_fwd_acc_3 -> 0.000000
INFO - 09/21/20 12:31:58 - 0:25:34 - test_prim_fwd_acc_4 -> 0.000000
INFO - 09/21/20 12:31:58 - 0:25:34 - test_prim_fwd_acc_5 -> 0.000000
INFO - 09/21/20 12:31:58 - 0:25:34 - test_prim_fwd_acc_6 -> 0.000000
INFO - 09/21/20 12:31:58 - 0:25:34 - test_prim_fwd_acc_7 -> 0.000000
INFO - 09/21/20 12:31:58 - 0:25:34 - test_prim_fwd_acc_8 -> 0.000000
INFO - 09/21/20 12:31:58 - 0:25:34 - test_prim_fwd_acc_9 -> 0.000000
INFO - 09/21/20 12:31:58 - 0:25:34 - __log__:{"epoch": 0, "valid_prim_fwd_xe_loss": 26.18449959218502, "valid_prim_fwd_acc": 0.0, "valid_prim_fwd_acc_2": 0.0, "valid_prim_fwd_acc_3": 0.0, "valid_prim_fwd_acc_4": 0.0, "valid_prim_fwd_acc_5": 0.0, "valid_prim_fwd_acc_6": 0.0, "valid_prim_fwd_acc_7": 0.0, "valid_prim_fwd_acc_8": 0.0, "valid_prim_fwd_acc_9": 0.0, "test_prim_fwd_xe_loss": 31.53476900279522, "test_prim_fwd_acc": 0.0, "test_prim_fwd_acc_2": 0.0, "test_prim_fwd_acc_3": 0.0, "test_prim_fwd_acc_4": 0.0, "test_prim_fwd_acc_5": 0.0, "test_prim_fwd_acc_6": 0.0, "test_prim_fwd_acc_7": 0.0, "test_prim_fwd_acc_8": 0.0, "test_prim_fwd_acc_9": 0.0}
INFO - 09/21/20 12:31:58 - 0:25:34 - Saving checkpoint to ./dumped/treelstm_50k_numenc/11626685/checkpoint.pth ...
WARNING - 09/21/20 12:31:58 - 0:25:34 - Saving encoder parameters ...
WARNING - 09/21/20 12:31:58 - 0:25:34 - Saving decoder parameters ...
WARNING - 09/21/20 12:31:58 - 0:25:34 - Saving model optimizer ...
INFO - 09/21/20 12:31:58 - 0:25:35 - ============ Starting epoch 1 ... ============
INFO - 09/21/20 12:31:58 - 0:25:36 - 832/1000
INFO - 09/21/20 12:32:00 - 0:25:37 - 960/1000
INFO - 09/21/20 12:32:00 - 0:25:38 - 0/1000 (0.0%) equations were evaluated correctly.
INFO - 09/21/20 12:32:00 - 0:25:38 - epoch -> 0.000000
INFO - 09/21/20 12:32:00 - 0:25:38 - valid_prim_fwd_xe_loss -> 26.452343
INFO - 09/21/20 12:32:00 - 0:25:38 - valid_prim_fwd_acc -> 0.000000
INFO - 09/21/20 12:32:00 - 0:25:38 - valid_prim_fwd_acc_2 -> 0.000000
INFO - 09/21/20 12:32:00 - 0:25:38 - valid_prim_fwd_acc_3 -> 0.000000
INFO - 09/21/20 12:32:00 - 0:25:38 - valid_prim_fwd_acc_4 -> 0.000000
INFO - 09/21/20 12:32:00 - 0:25:38 - valid_prim_fwd_acc_5 -> 0.000000
INFO - 09/21/20 12:32:00 - 0:25:38 - valid_prim_fwd_acc_6 -> 0.000000
INFO - 09/21/20 12:32:00 - 0:25:38 - valid_prim_fwd_acc_7 -> 0.000000
INFO - 09/21/20 12:32:00 - 0:25:38 - valid_prim_fwd_acc_8 -> 0.000000
INFO - 09/21/20 12:32:00 - 0:25:38 - valid_prim_fwd_acc_9 -> 0.000000
INFO - 09/21/20 12:32:00 - 0:25:38 - test_prim_fwd_xe_loss -> 31.821416
INFO - 09/21/20 12:32:00 - 0:25:38 - test_prim_fwd_acc -> 0.000000
INFO - 09/21/20 12:32:00 - 0:25:38 - test_prim_fwd_acc_2 -> 0.000000
INFO - 09/21/20 12:32:00 - 0:25:38 - test_prim_fwd_acc_3 -> 0.000000
INFO - 09/21/20 12:32:00 - 0:25:38 - test_prim_fwd_acc_4 -> 0.000000
INFO - 09/21/20 12:32:00 - 0:25:38 - test_prim_fwd_acc_5 -> 0.000000
INFO - 09/21/20 12:32:00 - 0:25:38 - test_prim_fwd_acc_6 -> 0.000000
INFO - 09/21/20 12:32:00 - 0:25:38 - test_prim_fwd_acc_7 -> 0.000000
INFO - 09/21/20 12:32:00 - 0:25:38 - test_prim_fwd_acc_8 -> 0.000000
INFO - 09/21/20 12:32:00 - 0:25:38 - test_prim_fwd_acc_9 -> 0.000000
INFO - 09/21/20 12:32:00 - 0:25:38 - ============ Starting epoch 1 ... ============
INFO - 09/21/20 12:32:35 - 0:26:11 -     800 -   20.53 equations/s -   811.65 words/s - PRIM-FWD:  0.9341 - model LR: 1.0000e-04
INFO - 09/21/20 12:32:35 - 0:26:11 -     800 -   20.53 equations/s -   790.87 words/s - PRIM-FWD:  0.9393 - model LR: 1.0000e-04
INFO - 09/21/20 12:32:35 - 0:26:12 -     800 -   20.53 equations/s -   796.69 words/s - PRIM-FWD:  0.9187 - model LR: 1.0000e-04
INFO - 09/21/20 12:32:35 - 0:26:12 -     800 -   20.53 equations/s -   806.44 words/s - PRIM-FWD:  0.9231 - model LR: 1.0000e-04
INFO - 09/21/20 12:33:13 - 0:26:51 -     820 -   33.03 equations/s -  1315.27 words/s - PRIM-FWD:  0.9315 - model LR: 1.0000e-04
INFO - 09/21/20 12:33:13 - 0:26:51 -     820 -   33.03 equations/s -  1322.01 words/s - PRIM-FWD:  0.9732 - model LR: 1.0000e-04
INFO - 09/21/20 12:33:13 - 0:26:50 -     820 -   33.02 equations/s -  1338.60 words/s - PRIM-FWD:  0.9424 - model LR: 1.0000e-04
INFO - 09/21/20 12:33:13 - 0:26:50 -     820 -   33.01 equations/s -  1280.50 words/s - PRIM-FWD:  0.9376 - model LR: 1.0000e-04
INFO - 09/21/20 12:33:52 - 0:27:30 -     840 -   32.96 equations/s -  1298.05 words/s - PRIM-FWD:  0.9061 - model LR: 1.0000e-04
INFO - 09/21/20 12:33:52 - 0:27:29 -     840 -   32.97 equations/s -  1342.06 words/s - PRIM-FWD:  0.9589 - model LR: 1.0000e-04
INFO - 09/21/20 12:33:52 - 0:27:30 -     840 -   32.95 equations/s -  1288.46 words/s - PRIM-FWD:  0.9273 - model LR: 1.0000e-04
INFO - 09/21/20 12:33:52 - 0:27:29 -     840 -   32.95 equations/s -  1313.73 words/s - PRIM-FWD:  0.9361 - model LR: 1.0000e-04
INFO - 09/21/20 12:34:31 - 0:28:08 -     860 -   33.12 equations/s -  1316.44 words/s - PRIM-FWD:  0.9242 - model LR: 1.0000e-04
INFO - 09/21/20 12:34:31 - 0:28:07 -     860 -   33.11 equations/s -  1311.18 words/s - PRIM-FWD:  0.9082 - model LR: 1.0000e-04
INFO - 09/21/20 12:34:31 - 0:28:08 -     860 -   33.11 equations/s -  1312.84 words/s - PRIM-FWD:  0.9416 - model LR: 1.0000e-04
INFO - 09/21/20 12:34:31 - 0:28:07 -     860 -   33.11 equations/s -  1315.30 words/s - PRIM-FWD:  0.9344 - model LR: 1.0000e-04
INFO - 09/21/20 12:35:09 - 0:28:46 -     880 -   33.62 equations/s -  1307.43 words/s - PRIM-FWD:  0.9021 - model LR: 1.0000e-04
INFO - 09/21/20 12:35:09 - 0:28:46 -     880 -   33.59 equations/s -  1318.40 words/s - PRIM-FWD:  0.8981 - model LR: 1.0000e-04
INFO - 09/21/20 12:35:09 - 0:28:46 -     880 -   33.60 equations/s -  1345.11 words/s - PRIM-FWD:  0.9122 - model LR: 1.0000e-04
INFO - 09/21/20 12:35:09 - 0:28:46 -     880 -   33.59 equations/s -  1347.09 words/s - PRIM-FWD:  0.9245 - model LR: 1.0000e-04
INFO - 09/21/20 12:35:47 - 0:29:24 -     900 -   33.33 equations/s -  1340.41 words/s - PRIM-FWD:  0.9041 - model LR: 1.0000e-04
INFO - 09/21/20 12:35:47 - 0:29:25 -     900 -   33.31 equations/s -  1299.59 words/s - PRIM-FWD:  0.8870 - model LR: 1.0000e-04
INFO - 09/21/20 12:35:47 - 0:29:25 -     900 -   33.30 equations/s -  1313.58 words/s - PRIM-FWD:  0.9110 - model LR: 1.0000e-04
INFO - 09/21/20 12:35:47 - 0:29:24 -     900 -   33.33 equations/s -  1316.46 words/s - PRIM-FWD:  0.9198 - model LR: 1.0000e-04
INFO - 09/21/20 12:36:25 - 0:30:03 -     920 -   33.72 equations/s -  1308.71 words/s - PRIM-FWD:  0.8816 - model LR: 1.0000e-04
INFO - 09/21/20 12:36:25 - 0:30:02 -     920 -   33.70 equations/s -  1355.17 words/s - PRIM-FWD:  0.8927 - model LR: 1.0000e-04
INFO - 09/21/20 12:36:25 - 0:30:03 -     920 -   33.70 equations/s -  1304.24 words/s - PRIM-FWD:  0.8964 - model LR: 1.0000e-04
INFO - 09/21/20 12:36:25 - 0:30:02 -     920 -   33.70 equations/s -  1326.03 words/s - PRIM-FWD:  0.8999 - model LR: 1.0000e-04
INFO - 09/21/20 12:37:04 - 0:30:41 -     940 -   33.56 equations/s -  1318.58 words/s - PRIM-FWD:  0.8714 - model LR: 1.0000e-04
INFO - 09/21/20 12:37:04 - 0:30:40 -     940 -   33.56 equations/s -  1352.45 words/s - PRIM-FWD:  0.8920 - model LR: 1.0000e-04
INFO - 09/21/20 12:37:04 - 0:30:40 -     940 -   33.56 equations/s -  1303.29 words/s - PRIM-FWD:  0.9234 - model LR: 1.0000e-04
INFO - 09/21/20 12:37:04 - 0:30:41 -     940 -   33.56 equations/s -  1327.83 words/s - PRIM-FWD:  0.8820 - model LR: 1.0000e-04
INFO - 09/21/20 12:37:42 - 0:31:19 -     960 -   33.40 equations/s -  1321.87 words/s - PRIM-FWD:  0.8560 - model LR: 1.0000e-04
INFO - 09/21/20 12:37:42 - 0:31:19 -     960 -   33.41 equations/s -  1283.66 words/s - PRIM-FWD:  0.8439 - model LR: 1.0000e-04
INFO - 09/21/20 12:37:42 - 0:31:18 -     960 -   33.40 equations/s -  1336.75 words/s - PRIM-FWD:  0.8851 - model LR: 1.0000e-04
INFO - 09/21/20 12:37:42 - 0:31:18 -     960 -   33.40 equations/s -  1316.93 words/s - PRIM-FWD:  0.8845 - model LR: 1.0000e-04
INFO - 09/21/20 12:38:20 - 0:31:57 -     980 -   33.29 equations/s -  1357.88 words/s - PRIM-FWD:  0.9108 - model LR: 1.0000e-04
INFO - 09/21/20 12:38:20 - 0:31:58 -     980 -   33.27 equations/s -  1312.75 words/s - PRIM-FWD:  0.8562 - model LR: 1.0000e-04
INFO - 09/21/20 12:38:20 - 0:31:57 -     980 -   33.27 equations/s -  1322.49 words/s - PRIM-FWD:  0.8447 - model LR: 1.0000e-04
INFO - 09/21/20 12:38:20 - 0:31:58 -     980 -   33.28 equations/s -  1297.61 words/s - PRIM-FWD:  0.8718 - model LR: 1.0000e-04
INFO - 09/21/20 12:38:59 - 0:32:36 -    1000 -   33.15 equations/s -  1309.30 words/s - PRIM-FWD:  0.8513 - model LR: 1.0000e-04
INFO - 09/21/20 12:38:59 - 0:32:35 -    1000 -   33.15 equations/s -  1302.19 words/s - PRIM-FWD:  0.8678 - model LR: 1.0000e-04
INFO - 09/21/20 12:38:59 - 0:32:35 -    1000 -   33.14 equations/s -  1353.09 words/s - PRIM-FWD:  0.8803 - model LR: 1.0000e-04
INFO - 09/21/20 12:38:59 - 0:32:36 -    1000 -   33.13 equations/s -  1327.77 words/s - PRIM-FWD:  0.8731 - model LR: 1.0000e-04
INFO - 09/21/20 12:39:37 - 0:33:15 -    1020 -   33.64 equations/s -  1332.10 words/s - PRIM-FWD:  0.8870 - model LR: 1.0000e-04
INFO - 09/21/20 12:39:37 - 0:33:14 -    1020 -   33.62 equations/s -  1338.26 words/s - PRIM-FWD:  0.8546 - model LR: 1.0000e-04
INFO - 09/21/20 12:39:37 - 0:33:14 -    1020 -   33.62 equations/s -  1353.28 words/s - PRIM-FWD:  0.8776 - model LR: 1.0000e-04
INFO - 09/21/20 12:39:37 - 0:33:15 -    1020 -   33.60 equations/s -  1347.18 words/s - PRIM-FWD:  0.8717 - model LR: 1.0000e-04
INFO - 09/21/20 12:40:16 - 0:33:53 -    1040 -   32.99 equations/s -  1311.85 words/s - PRIM-FWD:  0.8582 - model LR: 1.0000e-04
INFO - 09/21/20 12:40:16 - 0:33:53 -    1040 -   32.97 equations/s -  1309.92 words/s - PRIM-FWD:  0.8623 - model LR: 1.0000e-04
INFO - 09/21/20 12:40:16 - 0:33:52 -    1040 -   32.98 equations/s -  1304.78 words/s - PRIM-FWD:  0.8341 - model LR: 1.0000e-04
INFO - 09/21/20 12:40:16 - 0:33:52 -    1040 -   32.97 equations/s -  1320.13 words/s - PRIM-FWD:  0.8584 - model LR: 1.0000e-04
INFO - 09/21/20 12:40:54 - 0:34:32 -    1060 -   33.23 equations/s -  1345.35 words/s - PRIM-FWD:  0.8484 - model LR: 1.0000e-04
INFO - 09/21/20 12:40:54 - 0:34:32 -    1060 -   33.22 equations/s -  1329.63 words/s - PRIM-FWD:  0.8407 - model LR: 1.0000e-04
INFO - 09/21/20 12:40:54 - 0:34:31 -    1060 -   33.25 equations/s -  1341.25 words/s - PRIM-FWD:  0.8409 - model LR: 1.0000e-04
INFO - 09/21/20 12:40:54 - 0:34:31 -    1060 -   33.23 equations/s -  1335.07 words/s - PRIM-FWD:  0.8348 - model LR: 1.0000e-04
INFO - 09/21/20 12:41:33 - 0:35:10 -    1080 -   33.43 equations/s -  1328.66 words/s - PRIM-FWD:  0.8168 - model LR: 1.0000e-04
INFO - 09/21/20 12:41:33 - 0:35:10 -    1080 -   33.42 equations/s -  1323.77 words/s - PRIM-FWD:  0.8378 - model LR: 1.0000e-04
INFO - 09/21/20 12:41:33 - 0:35:09 -    1080 -   33.41 equations/s -  1315.54 words/s - PRIM-FWD:  0.8380 - model LR: 1.0000e-04
INFO - 09/21/20 12:41:33 - 0:35:09 -    1080 -   33.42 equations/s -  1349.81 words/s - PRIM-FWD:  0.8694 - model LR: 1.0000e-04
INFO - 09/21/20 12:42:11 - 0:35:48 -    1100 -   33.66 equations/s -  1336.74 words/s - PRIM-FWD:  0.8103 - model LR: 1.0000e-04
INFO - 09/21/20 12:42:11 - 0:35:48 -    1100 -   33.66 equations/s -  1370.64 words/s - PRIM-FWD:  0.8469 - model LR: 1.0000e-04
INFO - 09/21/20 12:42:11 - 0:35:47 -    1100 -   33.66 equations/s -  1399.56 words/s - PRIM-FWD:  0.8521 - model LR: 1.0000e-04
INFO - 09/21/20 12:42:11 - 0:35:47 -    1100 -   33.59 equations/s -  1362.62 words/s - PRIM-FWD:  0.8436 - model LR: 1.0000e-04
INFO - 09/21/20 12:42:49 - 0:36:25 -    1120 -   33.76 equations/s -  1336.62 words/s - PRIM-FWD:  0.8170 - model LR: 1.0000e-04
INFO - 09/21/20 12:42:49 - 0:36:26 -    1120 -   33.75 equations/s -  1337.73 words/s - PRIM-FWD:  0.8371 - model LR: 1.0000e-04
INFO - 09/21/20 12:42:49 - 0:36:25 -    1120 -   33.83 equations/s -  1348.96 words/s - PRIM-FWD:  0.8359 - model LR: 1.0000e-04
INFO - 09/21/20 12:42:49 - 0:36:26 -    1120 -   33.69 equations/s -  1340.55 words/s - PRIM-FWD:  0.8253 - model LR: 1.0000e-04
INFO - 09/21/20 12:43:27 - 0:37:05 -    1140 -   33.21 equations/s -  1326.73 words/s - PRIM-FWD:  0.8217 - model LR: 1.0000e-04
INFO - 09/21/20 12:43:27 - 0:37:05 -    1140 -   33.25 equations/s -  1339.19 words/s - PRIM-FWD:  0.8092 - model LR: 1.0000e-04
INFO - 09/21/20 12:43:27 - 0:37:04 -    1140 -   33.20 equations/s -  1295.00 words/s - PRIM-FWD:  0.7909 - model LR: 1.0000e-04
INFO - 09/21/20 12:43:27 - 0:37:04 -    1140 -   33.19 equations/s -  1282.41 words/s - PRIM-FWD:  0.7884 - model LR: 1.0000e-04
INFO - 09/21/20 12:44:05 - 0:37:42 -    1160 -   33.93 equations/s -  1339.65 words/s - PRIM-FWD:  0.7836 - model LR: 1.0000e-04
INFO - 09/21/20 12:44:05 - 0:37:41 -    1160 -   33.94 equations/s -  1376.95 words/s - PRIM-FWD:  0.8070 - model LR: 1.0000e-04
INFO - 09/21/20 12:44:05 - 0:37:41 -    1160 -   33.92 equations/s -  1345.71 words/s - PRIM-FWD:  0.7823 - model LR: 1.0000e-04
INFO - 09/21/20 12:44:05 - 0:37:42 -    1160 -   33.90 equations/s -  1368.62 words/s - PRIM-FWD:  0.8149 - model LR: 1.0000e-04
INFO - 09/21/20 12:44:43 - 0:38:20 -    1180 -   33.35 equations/s -  1312.62 words/s - PRIM-FWD:  0.7836 - model LR: 1.0000e-04
INFO - 09/21/20 12:44:43 - 0:38:21 -    1180 -   33.34 equations/s -  1350.76 words/s - PRIM-FWD:  0.8192 - model LR: 1.0000e-04
INFO - 09/21/20 12:44:43 - 0:38:21 -    1180 -   33.33 equations/s -  1288.76 words/s - PRIM-FWD:  0.7924 - model LR: 1.0000e-04
INFO - 09/21/20 12:44:43 - 0:38:20 -    1180 -   33.33 equations/s -  1330.14 words/s - PRIM-FWD:  0.7961 - model LR: 1.0000e-04
INFO - 09/21/20 12:45:22 - 0:38:59 -    1200 -   33.35 equations/s -  1320.17 words/s - PRIM-FWD:  0.7782 - model LR: 1.0000e-04
INFO - 09/21/20 12:45:22 - 0:38:59 -    1200 -   33.34 equations/s -  1354.18 words/s - PRIM-FWD:  0.8022 - model LR: 1.0000e-04
INFO - 09/21/20 12:45:22 - 0:38:58 -    1200 -   33.32 equations/s -  1314.40 words/s - PRIM-FWD:  0.7926 - model LR: 1.0000e-04
INFO - 09/21/20 12:45:22 - 0:38:58 -    1200 -   33.31 equations/s -  1312.65 words/s - PRIM-FWD:  0.7852 - model LR: 1.0000e-04
INFO - 09/21/20 12:46:00 - 0:39:38 -    1220 -   33.35 equations/s -  1328.71 words/s - PRIM-FWD:  0.7554 - model LR: 1.0000e-04
INFO - 09/21/20 12:46:00 - 0:39:38 -    1220 -   33.35 equations/s -  1329.77 words/s - PRIM-FWD:  0.7803 - model LR: 1.0000e-04
INFO - 09/21/20 12:46:00 - 0:39:37 -    1220 -   33.36 equations/s -  1316.42 words/s - PRIM-FWD:  0.7618 - model LR: 1.0000e-04
INFO - 09/21/20 12:46:00 - 0:39:37 -    1220 -   33.38 equations/s -  1320.51 words/s - PRIM-FWD:  0.7587 - model LR: 1.0000e-04
INFO - 09/21/20 12:46:39 - 0:40:15 -    1240 -   33.25 equations/s -  1328.87 words/s - PRIM-FWD:  0.7704 - model LR: 1.0000e-04
INFO - 09/21/20 12:46:39 - 0:40:16 -    1240 -   33.24 equations/s -  1339.99 words/s - PRIM-FWD:  0.7693 - model LR: 1.0000e-04
INFO - 09/21/20 12:46:39 - 0:40:15 -    1240 -   33.24 equations/s -  1337.54 words/s - PRIM-FWD:  0.7904 - model LR: 1.0000e-04
INFO - 09/21/20 12:46:39 - 0:40:16 -    1240 -   33.21 equations/s -  1303.78 words/s - PRIM-FWD:  0.7737 - model LR: 1.0000e-04
INFO - 09/21/20 12:47:17 - 0:40:53 -    1260 -   33.34 equations/s -  1318.34 words/s - PRIM-FWD:  0.7502 - model LR: 1.0000e-04
INFO - 09/21/20 12:47:17 - 0:40:54 -    1260 -   33.34 equations/s -  1354.51 words/s - PRIM-FWD:  0.7963 - model LR: 1.0000e-04
INFO - 09/21/20 12:47:17 - 0:40:53 -    1260 -   33.32 equations/s -  1295.51 words/s - PRIM-FWD:  0.7430 - model LR: 1.0000e-04
INFO - 09/21/20 12:47:17 - 0:40:54 -    1260 -   33.37 equations/s -  1334.37 words/s - PRIM-FWD:  0.7796 - model LR: 1.0000e-04
INFO - 09/21/20 12:47:56 - 0:41:33 -    1280 -   33.02 equations/s -  1330.38 words/s - PRIM-FWD:  0.7299 - model LR: 1.0000e-04
INFO - 09/21/20 12:47:56 - 0:41:33 -    1280 -   33.02 equations/s -  1312.77 words/s - PRIM-FWD:  0.7489 - model LR: 1.0000e-04
INFO - 09/21/20 12:47:56 - 0:41:32 -    1280 -   33.03 equations/s -  1308.44 words/s - PRIM-FWD:  0.7709 - model LR: 1.0000e-04
INFO - 09/21/20 12:47:56 - 0:41:32 -    1280 -   33.01 equations/s -  1302.23 words/s - PRIM-FWD:  0.7759 - model LR: 1.0000e-04
INFO - 09/21/20 12:48:34 - 0:42:11 -    1300 -   33.43 equations/s -  1352.16 words/s - PRIM-FWD:  0.7454 - model LR: 1.0000e-04
INFO - 09/21/20 12:48:34 - 0:42:12 -    1300 -   33.41 equations/s -  1298.99 words/s - PRIM-FWD:  0.7701 - model LR: 1.0000e-04
INFO - 09/21/20 12:48:34 - 0:42:11 -    1300 -   33.43 equations/s -  1336.30 words/s - PRIM-FWD:  0.7658 - model LR: 1.0000e-04
INFO - 09/21/20 12:48:34 - 0:42:11 -    1300 -   33.42 equations/s -  1304.80 words/s - PRIM-FWD:  0.7325 - model LR: 1.0000e-04
INFO - 09/21/20 12:49:12 - 0:42:49 -    1320 -   33.28 equations/s -  1311.50 words/s - PRIM-FWD:  0.7063 - model LR: 1.0000e-04
INFO - 09/21/20 12:49:12 - 0:42:50 -    1320 -   33.27 equations/s -  1298.18 words/s - PRIM-FWD:  0.7224 - model LR: 1.0000e-04
INFO - 09/21/20 12:49:12 - 0:42:49 -    1320 -   33.29 equations/s -  1322.25 words/s - PRIM-FWD:  0.7562 - model LR: 1.0000e-04
INFO - 09/21/20 12:49:12 - 0:42:50 -    1320 -   33.30 equations/s -  1308.37 words/s - PRIM-FWD:  0.7240 - model LR: 1.0000e-04
INFO - 09/21/20 12:49:51 - 0:43:29 -    1340 -   33.19 equations/s -  1307.54 words/s - PRIM-FWD:  0.7157 - model LR: 1.0000e-04
INFO - 09/21/20 12:49:51 - 0:43:28 -    1340 -   33.19 equations/s -  1336.60 words/s - PRIM-FWD:  0.7518 - model LR: 1.0000e-04
INFO - 09/21/20 12:49:51 - 0:43:29 -    1340 -   33.17 equations/s -  1319.29 words/s - PRIM-FWD:  0.7297 - model LR: 1.0000e-04
INFO - 09/21/20 12:49:51 - 0:43:28 -    1340 -   33.17 equations/s -  1333.60 words/s - PRIM-FWD:  0.7502 - model LR: 1.0000e-04
INFO - 09/21/20 12:50:29 - 0:44:07 -    1360 -   33.53 equations/s -  1335.16 words/s - PRIM-FWD:  0.7173 - model LR: 1.0000e-04
INFO - 09/21/20 12:50:29 - 0:44:07 -    1360 -   33.53 equations/s -  1355.10 words/s - PRIM-FWD:  0.7482 - model LR: 1.0000e-04
INFO - 09/21/20 12:50:29 - 0:44:06 -    1360 -   33.52 equations/s -  1334.67 words/s - PRIM-FWD:  0.7358 - model LR: 1.0000e-04
INFO - 09/21/20 12:50:29 - 0:44:06 -    1360 -   33.53 equations/s -  1312.98 words/s - PRIM-FWD:  0.7140 - model LR: 1.0000e-04
INFO - 09/21/20 12:51:08 - 0:44:44 -    1380 -   33.25 equations/s -  1299.28 words/s - PRIM-FWD:  0.7221 - model LR: 1.0000e-04
INFO - 09/21/20 12:51:08 - 0:44:45 -    1380 -   33.23 equations/s -  1352.61 words/s - PRIM-FWD:  0.7187 - model LR: 1.0000e-04
INFO - 09/21/20 12:51:08 - 0:44:45 -    1380 -   33.22 equations/s -  1297.96 words/s - PRIM-FWD:  0.7182 - model LR: 1.0000e-04
INFO - 09/21/20 12:51:08 - 0:44:44 -    1380 -   33.23 equations/s -  1333.49 words/s - PRIM-FWD:  0.7308 - model LR: 1.0000e-04
INFO - 09/21/20 12:51:47 - 0:45:24 -    1400 -   32.77 equations/s -  1330.34 words/s - PRIM-FWD:  0.7782 - model LR: 1.0000e-04
INFO - 09/21/20 12:51:47 - 0:45:23 -    1400 -   32.76 equations/s -  1314.03 words/s - PRIM-FWD:  0.7317 - model LR: 1.0000e-04
INFO - 09/21/20 12:51:47 - 0:45:24 -    1400 -   32.77 equations/s -  1309.91 words/s - PRIM-FWD:  0.7003 - model LR: 1.0000e-04
INFO - 09/21/20 12:51:47 - 0:45:23 -    1400 -   32.76 equations/s -  1308.20 words/s - PRIM-FWD:  0.7126 - model LR: 1.0000e-04
INFO - 09/21/20 12:52:25 - 0:46:02 -    1420 -   33.36 equations/s -  1356.77 words/s - PRIM-FWD:  0.7577 - model LR: 1.0000e-04
INFO - 09/21/20 12:52:25 - 0:46:02 -    1420 -   33.34 equations/s -  1330.53 words/s - PRIM-FWD:  0.7221 - model LR: 1.0000e-04
INFO - 09/21/20 12:52:25 - 0:46:03 -    1420 -   33.34 equations/s -  1315.98 words/s - PRIM-FWD:  0.7005 - model LR: 1.0000e-04
INFO - 09/21/20 12:52:25 - 0:46:03 -    1420 -   33.33 equations/s -  1316.60 words/s - PRIM-FWD:  0.7070 - model LR: 1.0000e-04
Traceback (most recent call last):
  File "main.py", line 246, in <module>
    main(params)
  File "main.py", line 209, in main
    trainer.enc_dec_step(task)
  File "/central/home/aypan/enc_dec/src/trainer.py", line 515, in enc_dec_step
    encoded = encoder(x=tensors, lengths=len1, seq_num=params.character_rnn)
  File "/home/aypan/miniconda3/lib/python3.7/site-packages/torch/nn/modules/module.py", line 550, in __call__
    result = self.forward(*input, **kwargs)
  File "/home/aypan/miniconda3/lib/python3.7/site-packages/torch/nn/parallel/distributed.py", line 445, in forward
    output = self.module(*inputs[0], **kwargs[0])
  File "/home/aypan/miniconda3/lib/python3.7/site-packages/torch/nn/modules/module.py", line 550, in __call__
    result = self.forward(*input, **kwargs)
  File "/central/home/aypan/enc_dec/src/model/transformer.py", line 766, in forward
    return self.forward_(x, lengths, seq_num)
  File "/central/home/aypan/enc_dec/src/model/transformer.py", line 842, in forward_
    assert len(hidden) == num_nodes + sum(int_lens).item() - len(int_lens)	
AssertionError
slurmstepd: error: *** JOB 11626685 ON hpc-25-17 CANCELLED AT 2020-09-21T14:10:11 ***
