0 - SLURM_JOB_ID: 11089554
0 - SLURM_JOB_NODELIST: hpc-25-17
0 - SLURM_JOB_NUM_NODES: 1
0 - SLURM_NTASKS: 1
0 - SLURM_TASKS_PER_NODE: 4
0 - SLURM_MEM_PER_NODE: None
0 - SLURM_MEM_PER_CPU: 4096
0 - SLURM_NODEID: 0
0 - SLURM_PROCID: 0
0 - SLURM_LOCALID: 0
0 - SLURM_TASK_PID: 30393
0 - Master address: 127.0.0.1
0 - Master port   : 29500
0 - Number of nodes: 1
0 - Node ID					   : 0
0 - Local rank				   : 0
0 - Global rank    : 0
0 - World size				   : 1
0 - GPUs per node  : 1
0 - Master					   : True
0 - Multi-node				   : False
0 - Multi-GPU				   : False
0 - Hostname				   : hpc-25-17.cm.cluster
INFO - 08/24/20 20:33:35 - 0:00:00 - ============ Initialized logger ============
INFO - 08/24/20 20:33:35 - 0:00:00 - accumulate_gradients: 1
                                     amp: -1
                                     attention_dropout: 0
                                     balanced: False
                                     batch_size: 32
                                     beam_early_stopping: True
                                     beam_eval: True
                                     beam_length_penalty: 1.0
                                     beam_size: 10
                                     clean_prefix_expr: True
                                     clip_grad_norm: 5
                                     command: python main.py --local_rank=0 --exp_name treelstm_noparaminit_eval --eval_only true --reload_model 'dumped/treelstm_noinit/10976003/best-valid_ode2_acc.pth' --beam_eval true --beam_size 10 --beam_length_penalty '1.0' --beam_early_stopping 1 --eval_verbose 1 --eval_verbose_print false --emb_dim 256 --n_dec_layers 6 --n_heads 8 --dropout '0.1' --treelstm --symmetric --num_bit 10 --optimizer 'adam,lr=0.0001' --batch_size 32 --tasks ode2 --reload_data 'ode2,ode2.train,ode2.valid,ode2.test' --exp_id "11089554"
                                     cpu: False
                                     debug: False
                                     debug_slurm: False
                                     dropout: 0.1
                                     dump_path: ./dumped/treelstm_noparaminit_eval/11089554
                                     emb_dim: 256
                                     env_base_seed: 0
                                     env_name: char_sp
                                     epoch_size: 300000
                                     eval_only: True
                                     eval_verbose: 1
                                     eval_verbose_print: False
                                     exp_id: 11089554
                                     exp_name: treelstm_noparaminit_eval
                                     export_data: False
                                     fp16: False
                                     global_rank: 0
                                     int_base: 10
                                     is_master: True
                                     is_slurm_job: True
                                     leaf_probs: 0.75,0,0.25,0
                                     local_rank: 0
                                     master_addr: 127.0.0.1
                                     master_port: 29500
                                     max_epoch: 100000
                                     max_int: 10000
                                     max_len: 512
                                     max_ops: 10
                                     max_ops_G: 4
                                     multi_gpu: False
                                     multi_node: False
                                     n_coefficients: 0
                                     n_dec_layers: 6
                                     n_enc_layers: 4
                                     n_gpu_per_node: 1
                                     n_heads: 8
                                     n_nodes: 1
                                     n_variables: 1
                                     node_id: 0
                                     num_bit: 10
                                     num_workers: 10
                                     operators: add:2,sub:1
                                     optimizer: adam,lr=0.0001
                                     order: 1
                                     positive: False
                                     precision: 10
                                     reload_checkpoint: 
                                     reload_data: ode2,ode2.train,ode2.valid,ode2.test
                                     reload_model: dumped/treelstm_noinit/10976003/best-valid_ode2_acc.pth
                                     reload_size: -1
                                     rewrite_functions: 
                                     same_nb_ops_per_batch: False
                                     save_periodic: 0
                                     share_inout_emb: True
                                     sinusoidal_embeddings: False
                                     stopping_criterion: 
                                     symmetric: True
                                     tasks: ode2
                                     treelstm: True
                                     validation_metrics: 
                                     vars: 1
                                     world_size: 1
INFO - 08/24/20 20:33:35 - 0:00:00 - The experiment will be stored in ./dumped/treelstm_noparaminit_eval/11089554
                                     
INFO - 08/24/20 20:33:35 - 0:00:00 - Running command: python main.py --local_rank=0 --exp_name treelstm_noparaminit_eval --eval_only true --reload_model 'dumped/treelstm_noinit/10976003/best-valid_ode2_acc.pth' --beam_eval true --beam_size 10 --beam_length_penalty '1.0' --beam_early_stopping 1 --eval_verbose 1 --eval_verbose_print false --emb_dim 256 --n_dec_layers 6 --n_heads 8 --dropout '0.1' --treelstm --symmetric --num_bit 10 --optimizer 'adam,lr=0.0001' --batch_size 32 --tasks ode2 --reload_data 'ode2,ode2.train,ode2.valid,ode2.test'

WARNING - 08/24/20 20:33:35 - 0:00:00 - Signal handler installed.
INFO - 08/24/20 20:33:35 - 0:00:00 - Unary operators: []
INFO - 08/24/20 20:33:35 - 0:00:00 - Binary operators: ['add', 'sub']
INFO - 08/24/20 20:33:35 - 0:00:00 - words: {'<s>': 0, '</s>': 1, '<pad>': 2, '(': 3, ')': 4, '<SPECIAL_5>': 5, '<SPECIAL_6>': 6, '<SPECIAL_7>': 7, '<SPECIAL_8>': 8, '<SPECIAL_9>': 9, 'pi': 10, 'E': 11, 'x': 12, 'y': 13, 'z': 14, 't': 15, 'a0': 16, 'a1': 17, 'a2': 18, 'a3': 19, 'a4': 20, 'a5': 21, 'a6': 22, 'a7': 23, 'a8': 24, 'a9': 25, 'abs': 26, 'acos': 27, 'acosh': 28, 'acot': 29, 'acoth': 30, 'acsc': 31, 'acsch': 32, 'add': 33, 'asec': 34, 'asech': 35, 'asin': 36, 'asinh': 37, 'atan': 38, 'atanh': 39, 'cos': 40, 'cosh': 41, 'cot': 42, 'coth': 43, 'csc': 44, 'csch': 45, 'derivative': 46, 'div': 47, 'exp': 48, 'f': 49, 'g': 50, 'h': 51, 'inv': 52, 'ln': 53, 'mul': 54, 'pow': 55, 'pow2': 56, 'pow3': 57, 'pow4': 58, 'pow5': 59, 'rac': 60, 'sec': 61, 'sech': 62, 'sign': 63, 'sin': 64, 'sinh': 65, 'sqrt': 66, 'sub': 67, 'tan': 68, 'tanh': 69, 'I': 70, 'INT+': 71, 'INT-': 72, 'INT': 73, 'FLOAT': 74, '-': 75, '.': 76, '10^': 77, 'Y': 78, "Y'": 79, "Y''": 80, '0': 81, '1': 82, '2': 83, '3': 84, '4': 85, '5': 86, '6': 87, '7': 88, '8': 89, '9': 90}
INFO - 08/24/20 20:33:35 - 0:00:00 - 20001 possible leaves.
INFO - 08/24/20 20:33:35 - 0:00:00 - Checking expressions in [0.01, 0.1, 0.3, 0.5, 0.7, 0.9, 1.1, 2.1, 3.1, -0.01, -0.1, -0.3, -0.5, -0.7, -0.9, -1.1, -2.1, -3.1]
INFO - 08/24/20 20:33:35 - 0:00:00 - Training tasks: ode2
INFO - 08/24/20 20:33:36 - 0:00:00 - Reloading modules from dumped/treelstm_noinit/10976003/best-valid_ode2_acc.pth ...
INFO - 08/24/20 20:33:37 - 0:00:02 - Number of parameters (encoder): 14867712
INFO - 08/24/20 20:33:37 - 0:00:02 - Number of parameters (decoder): 7393115
INFO - 08/24/20 20:33:37 - 0:00:02 - Found 583 parameters in model.
INFO - 08/24/20 20:33:37 - 0:00:02 - Optimizers: model
INFO - 08/24/20 20:33:37 - 0:00:02 - Writing evaluation results in ./dumped/treelstm_noparaminit_eval/11089554/eval.ode2.0 ...
INFO - 08/24/20 20:33:37 - 0:00:02 - Creating valid iterator for ode2 ...
INFO - 08/24/20 20:33:37 - 0:00:02 - Loading data from ode2.valid ...
INFO - 08/24/20 20:33:37 - 0:00:02 - Loaded 8941 equations from the disk.
INFO - 08/24/20 20:33:39 - 0:00:03 - (32/8941) Found 0/32 valid top-1 predictions. Generating solutions ...
attempting to generate
we are getting the hypotheses
current length: 1
now entering forward pass
just finished forward pass with time: 0.01380014419555664
not all done with time 0.0954427719116211
current length: 2
now entering forward pass
just finished forward pass with time: 0.022123336791992188
not all done with time 0.06158900260925293
current length: 3
now entering forward pass
just finished forward pass with time: 0.021103620529174805
not all done with time 0.06077766418457031
current length: 4
now entering forward pass
just finished forward pass with time: 0.02081918716430664
not all done with time 0.06252384185791016
current length: 5
now entering forward pass
just finished forward pass with time: 0.020905256271362305
not all done with time 0.06062507629394531
current length: 6
now entering forward pass
just finished forward pass with time: 0.02085733413696289
not all done with time 0.06052231788635254
current length: 7
now entering forward pass
just finished forward pass with time: 0.02084970474243164
not all done with time 0.06062054634094238
current length: 8
now entering forward pass
just finished forward pass with time: 0.020930767059326172
not all done with time 0.061446428298950195
current length: 9
now entering forward pass
just finished forward pass with time: 0.020947933197021484
not all done with time 0.061249494552612305
current length: 10
now entering forward pass
just finished forward pass with time: 0.02097916603088379
not all done with time 0.07067108154296875
current length: 11
now entering forward pass
just finished forward pass with time: 0.02096700668334961
not all done with time 0.06649398803710938
current length: 12
now entering forward pass
just finished forward pass with time: 0.021047592163085938
not all done with time 0.07345151901245117
current length: 13
now entering forward pass
just finished forward pass with time: 0.0210111141204834
not all done with time 0.057427167892456055
current length: 14
now entering forward pass
just finished forward pass with time: 0.020793437957763672
not all done with time 0.06032395362854004
current length: 15
now entering forward pass
just finished forward pass with time: 0.021219730377197266
not all done with time 0.04611778259277344
current length: 16
now entering forward pass
just finished forward pass with time: 0.021170616149902344
not all done with time 0.033258676528930664
current length: 17
now entering forward pass
just finished forward pass with time: 0.021637678146362305
not all done with time 0.0314326286315918
current length: 18
now entering forward pass
just finished forward pass with time: 0.021326780319213867
not all done with time 0.01549983024597168
current length: 19
now entering forward pass
just finished forward pass with time: 0.021310806274414062
not all done with time 0.013568401336669922
finished generation
INFO - 08/24/20 20:33:42 - 0:00:07 - now checking hypotheses
hi
{'i': 0, 'j': 0, 'score': -0.052405929565429686, 'src': 32*x**3*Derivative(f(x), x) - 32*x**3 - 16*x**2*sqrt(4*x**2 - 2*x*Derivative(f(x), x) + 6*x - Derivative(f(x), x) + 2)*Derivative(f(x), x) + 16*x**2*sqrt(4*x**2 - 2*x*Derivative(f(x), x) + 6*x - Derivative(f(x), x) + 2) - 16*x**2*Derivative(f(x), x)**2 + 80*x**2*Derivative(f(x), x) + 8*x**2*Derivative(f(x), (x, 2)) - 64*x**2 + 4*x*sqrt(4*x**2 - 2*x*Derivative(f(x), x) + 6*x - Derivative(f(x), x) + 2)*Derivative(f(x), x)**2 - 24*x*sqrt(4*x**2 - 2*x*Derivative(f(x), x) + 6*x - Derivative(f(x), x) + 2)*Derivative(f(x), x) - 4*x*sqrt(4*x**2 - 2*x*Derivative(f(x), x) + 6*x - Derivative(f(x), x) + 2)*Derivative(f(x), (x, 2)) + 20*x*sqrt(4*x**2 - 2*x*Derivative(f(x), x) + 6*x - Derivative(f(x), x) + 2) - 16*x*Derivative(f(x), x)**2 - 2*x*Derivative(f(x), x)*Derivative(f(x), (x, 2)) + 48*x*Derivative(f(x), x) + 10*x*Derivative(f(x), (x, 2)) - 32*x + 2*sqrt(4*x**2 - 2*x*Derivative(f(x), x) + 6*x - Derivative(f(x), x) + 2)*Derivative(f(x), x)**2 - 4*sqrt(4*x**2 - 2*x*Derivative(f(x), x) + 6*x - Derivative(f(x), x) + 2)*Derivative(f(x), x) - 2*sqrt(4*x**2 - 2*x*Derivative(f(x), x) + 6*x - Derivative(f(x), x) + 2)*Derivative(f(x), (x, 2)) + 2*sqrt(4*x**2 - 2*x*Derivative(f(x), x) + 6*x - Derivative(f(x), x) + 2) - 2*Derivative(f(x), x)**2 - Derivative(f(x), x)*Derivative(f(x), (x, 2)) + 4*Derivative(f(x), x) + 3*Derivative(f(x), (x, 2)) - 2, 'tgt': [33, 24, 33, 12, 69, 33, 25, 33, 12, 55, 12, 71, 83], 'hyp': [33, 25, 33, 12, 54, 12, 54, 33, 71, 85, 12, 33, 24, 12]}
Traceback (most recent call last):
  File "main.py", line 242, in <module>
    main(params)
  File "main.py", line 184, in main
    scores = evaluator.run_all_evals()
  File "/central/home/aypan/enc_dec/src/evaluator.py", line 130, in run_all_evals
    self.enc_dec_step_beam(data_type, task, scores)
  File "/central/home/aypan/enc_dec/src/evaluator.py", line 391, in enc_dec_step_beam
    outputs.append(check_hypothesis(inp))
  File "/central/home/aypan/enc_dec/src/evaluator.py", line 69, in check_hypothesis
    src = idx_to_sp(env, eq['src'])
  File "/central/home/aypan/enc_dec/src/evaluator.py", line 32, in idx_to_sp
    prefix = [env.id2word[wid] for wid in idx]
TypeError: 'Add' object is not iterable
Traceback (most recent call last):
  File "/home/aypan/miniconda3/lib/python3.7/runpy.py", line 193, in _run_module_as_main
    "__main__", mod_spec)
  File "/home/aypan/miniconda3/lib/python3.7/runpy.py", line 85, in _run_code
    exec(code, run_globals)
  File "/home/aypan/miniconda3/lib/python3.7/site-packages/torch/distributed/launch.py", line 263, in <module>
    main()
  File "/home/aypan/miniconda3/lib/python3.7/site-packages/torch/distributed/launch.py", line 259, in main
    cmd=cmd)
subprocess.CalledProcessError: Command '['/home/aypan/miniconda3/bin/python3', '-u', 'main.py', '--local_rank=0', '--exp_name', 'treelstm_noparaminit_eval', '--eval_only', 'true', '--reload_model', 'dumped/treelstm_noinit/10976003/best-valid_ode2_acc.pth', '--beam_eval', 'true', '--beam_size', '10', '--beam_length_penalty', '1.0', '--beam_early_stopping', '1', '--eval_verbose', '1', '--eval_verbose_print', 'false', '--emb_dim', '256', '--n_dec_layers', '6', '--n_heads', '8', '--dropout', '0.1', '--treelstm', '--symmetric', '--num_bit', '10', '--optimizer', 'adam,lr=0.0001', '--batch_size', '32', '--tasks', 'ode2', '--reload_data', 'ode2,ode2.train,ode2.valid,ode2.test']' returned non-zero exit status 1.
done
