0 - SLURM_JOB_ID: 11241562
0 - SLURM_JOB_NODELIST: hpc-25-17
0 - SLURM_JOB_NUM_NODES: 1
0 - SLURM_NTASKS: 28
0 - SLURM_TASKS_PER_NODE: 28
0 - SLURM_MEM_PER_NODE: None
0 - SLURM_MEM_PER_CPU: 4096
0 - SLURM_NODEID: 0
0 - SLURM_PROCID: 0
0 - SLURM_LOCALID: 0
0 - SLURM_TASK_PID: 32604
environ({'SLURM_NODELIST': 'hpc-25-17', 'SLURM_JOB_NAME': 'fwd_data_gen', 'MANPATH': '/central/slurm/install/current/share/man/:/usr/local/share/man:/usr/share/man/overrides:/usr/share/man:/opt/ibutils/share/man:/cm/local/apps/environment-modules/current/share/man', 'XDG_SESSION_ID': '377251', 'SLURMD_NODENAME': 'hpc-25-17', 'SLURM_TOPOLOGY_ADDR': 'hpc-25-17', 'HOSTNAME': 'hpc-25-17', 'SLURM_PRIO_PROCESS': '0', 'SLURM_NODE_ALIASES': '(null)', 'SHELL': '/bin/bash', 'TERM': 'xterm-256color', 'SLURM_JOB_QOS': 'normal', 'HISTSIZE': '1000', 'TMPDIR': '/tmp', 'SLURM_TOPOLOGY_ADDR_PATTERN': 'node', 'SSH_CLIENT': '131.215.249.48 60892 22', 'CONDA_SHLVL': '1', 'CONDA_PROMPT_MODIFIER': '(base) ', 'QTDIR': '/usr/lib64/qt-3.3', 'QTINC': '/usr/lib64/qt-3.3/include', 'SSH_TTY': '/dev/pts/119', 'SLURM_MEM_PER_CPU': '4096', 'QT_GRAPHICSSYSTEM_CHECKED': '1', 'SLURM_NNODES': '1', 'USER': 'aypan', 'LS_COLORS': 'rs=0:di=38;5;27:ln=38;5;51:mh=44;38;5;15:pi=40;38;5;11:so=38;5;13:do=38;5;5:bd=48;5;232;38;5;11:cd=48;5;232;38;5;3:or=48;5;232;38;5;9:mi=05;48;5;232;38;5;15:su=48;5;196;38;5;15:sg=48;5;11;38;5;16:ca=48;5;196;38;5;226:tw=48;5;10;38;5;16:ow=48;5;10;38;5;21:st=48;5;21;38;5;15:ex=38;5;34:*.tar=38;5;9:*.tgz=38;5;9:*.arc=38;5;9:*.arj=38;5;9:*.taz=38;5;9:*.lha=38;5;9:*.lz4=38;5;9:*.lzh=38;5;9:*.lzma=38;5;9:*.tlz=38;5;9:*.txz=38;5;9:*.tzo=38;5;9:*.t7z=38;5;9:*.zip=38;5;9:*.z=38;5;9:*.Z=38;5;9:*.dz=38;5;9:*.gz=38;5;9:*.lrz=38;5;9:*.lz=38;5;9:*.lzo=38;5;9:*.xz=38;5;9:*.bz2=38;5;9:*.bz=38;5;9:*.tbz=38;5;9:*.tbz2=38;5;9:*.tz=38;5;9:*.deb=38;5;9:*.rpm=38;5;9:*.jar=38;5;9:*.war=38;5;9:*.ear=38;5;9:*.sar=38;5;9:*.rar=38;5;9:*.alz=38;5;9:*.ace=38;5;9:*.zoo=38;5;9:*.cpio=38;5;9:*.7z=38;5;9:*.rz=38;5;9:*.cab=38;5;9:*.jpg=38;5;13:*.jpeg=38;5;13:*.gif=38;5;13:*.bmp=38;5;13:*.pbm=38;5;13:*.pgm=38;5;13:*.ppm=38;5;13:*.tga=38;5;13:*.xbm=38;5;13:*.xpm=38;5;13:*.tif=38;5;13:*.tiff=38;5;13:*.png=38;5;13:*.svg=38;5;13:*.svgz=38;5;13:*.mng=38;5;13:*.pcx=38;5;13:*.mov=38;5;13:*.mpg=38;5;13:*.mpeg=38;5;13:*.m2v=38;5;13:*.mkv=38;5;13:*.webm=38;5;13:*.ogm=38;5;13:*.mp4=38;5;13:*.m4v=38;5;13:*.mp4v=38;5;13:*.vob=38;5;13:*.qt=38;5;13:*.nuv=38;5;13:*.wmv=38;5;13:*.asf=38;5;13:*.rm=38;5;13:*.rmvb=38;5;13:*.flc=38;5;13:*.avi=38;5;13:*.fli=38;5;13:*.flv=38;5;13:*.gl=38;5;13:*.dl=38;5;13:*.xcf=38;5;13:*.xwd=38;5;13:*.yuv=38;5;13:*.cgm=38;5;13:*.emf=38;5;13:*.axv=38;5;13:*.anx=38;5;13:*.ogv=38;5;13:*.ogx=38;5;13:*.aac=38;5;45:*.au=38;5;45:*.flac=38;5;45:*.mid=38;5;45:*.midi=38;5;45:*.mka=38;5;45:*.mp3=38;5;45:*.mpc=38;5;45:*.ogg=38;5;45:*.ra=38;5;45:*.wav=38;5;45:*.axa=38;5;45:*.oga=38;5;45:*.spx=38;5;45:*.xspf=38;5;45:', 'CONDA_EXE': '/home/aypan/miniconda3/bin/conda', 'SLURM_JOBID': '11241562', 'SLURM_NTASKS': '28', '_CE_CONDA': '', 'SLURM_TASKS_PER_NODE': '28', 'PATH': '/home/aypan/miniconda3/bin:/home/aypan/miniconda3/condabin:/central/slurm/install/current/bin:/usr/lib64/qt-3.3/bin:/usr/local/bin:/usr/bin:/usr/local/sbin:/usr/sbin:/usr/lpp/mmfs/bin:/opt/ibutils/bin:/opt/dell/srvadmin/bin:/home/aypan/.local/bin:/home/aypan/bin', 'MAIL': '/var/spool/mail/aypan', 'SLURM_WORKING_CLUSTER': 'central:head1:6817:8960:109', 'SLURM_CONF': '/central/slurm/etc/slurm.conf', 'SLURM_JOB_ID': '11241562', '_': '/home/aypan/miniconda3/bin/python3', 'CONDA_PREFIX': '/home/aypan/miniconda3', 'SLURM_JOB_USER': 'aypan', 'PWD': '/home/aypan/enc_dec', 'LANG': 'C.UTF-8', 'MODULEPATH': '/software/Modules/modulefiles/biology:/software/Modules/modulefiles/chemistry:/software/Modules/modulefiles/compilers:/software/Modules/modulefiles/data:/software/Modules/modulefiles/debuggers:/software/Modules/modulefiles/developement:/software/Modules/modulefiles/geo:/software/Modules/modulefiles/languages:/software/Modules/modulefiles/libraries:/software/Modules/modulefiles/math:/software/Modules/modulefiles/misc:/software/Modules/modulefiles/mpi:/software/Modules/modulefiles/profilers:/software/Modules/modulefiles/tools:/software/Modules/modulefiles/visualization:/software/Modules/modulefiles/testing:/software/Modules/modulefiles/cloud:/software/Modules/modulefiles/groups', 'SLURM_JOB_UID': '8901', 'LOADEDMODULES': '', 'SLURM_NODEID': '0', 'SLURM_SUBMIT_DIR': '/central/home/aypan/enc_dec', 'SLURM_TASK_PID': '32604', 'SLURM_NPROCS': '28', 'SLURM_CPUS_ON_NODE': '28', 'SLURM_PROCID': '0', 'ENVIRONMENT': 'BATCH', 'HISTCONTROL': 'ignoredups', 'SSH_ASKPASS': '/usr/libexec/openssh/gnome-ssh-askpass', '_CE_M': '', 'SLURM_JOB_NODELIST': 'hpc-25-17', 'HOME': '/home/aypan', 'SHLVL': '2', 'SLURM_LOCALID': '0', 'SLURM_JOB_GID': '105', 'SLURM_JOB_CPUS_PER_NODE': '28', 'SLURM_CLUSTER_NAME': 'central', 'SLURM_GTIDS': '0', 'SLURM_SUBMIT_HOST': 'login2', 'SLURM_JOB_PARTITION': 'tensortest', 'LOGNAME': 'aypan', 'CONDA_PYTHON_EXE': '/home/aypan/miniconda3/bin/python', 'QTLIB': '/usr/lib64/qt-3.3/lib', 'SLURM_JOB_ACCOUNT': 'tensorlab', 'SSH_CONNECTION': '131.215.249.48 60892 131.215.148.23 22', 'XDG_DATA_DIRS': '/home/aypan/.local/share/flatpak/exports/share:/var/lib/flatpak/exports/share:/usr/local/share:/usr/share', 'SLURM_JOB_NUM_NODES': '1', 'MODULESHOME': '/software/Modules', 'LESSOPEN': '||/usr/bin/lesspipe.sh %s', 'CONDA_DEFAULT_ENV': 'base', 'XDG_RUNTIME_DIR': '/run/user/8901', 'BASH_FUNC_module()': '() {  eval `/software/Modules/bin/modulecmd bash $*`\n}'})
Traceback (most recent call last):
  File "main.py", line 242, in <module>
    main(params)
  File "main.py", line 165, in main
    init_distributed_mode(params)
  File "/central/home/aypan/enc_dec/src/slurm.py", line 92, in init_distributed_mode
    params.master_port = int(os.environ['MASTER_PORT'])
  File "/home/aypan/miniconda3/lib/python3.7/os.py", line 679, in __getitem__
    raise KeyError(key) from None
KeyError: 'MASTER_PORT'
/var/spool/slurmd/job11241562/slurm_script: line 21: --batch_size: command not found
/var/spool/slurmd/job11241562/slurm_script: line 28: --n_variables: command not found
done
