Using backend: pytorch
add:2,sub:1
0 - SLURM_JOB_ID: 2
0 - SLURM_JOB_NODELIST: tensorlab-DGX-Station
0 - SLURM_JOB_NUM_NODES: 1
0 - SLURM_NTASKS: None
0 - SLURM_TASKS_PER_NODE: 2
0 - SLURM_MEM_PER_NODE: 64000
0 - SLURM_MEM_PER_CPU: None
0 - SLURM_NODEID: 0
0 - SLURM_PROCID: 0
0 - SLURM_LOCALID: 0
0 - SLURM_TASK_PID: 26021
Traceback (most recent call last):
  File "main.py", line 277, in <module>
    main(params)
  File "main.py", line 200, in main
    init_distributed_mode(params)
  File "/home/alexander_pan/enc_dec/src/slurm.py", line 82, in init_distributed_mode
    params.local_rank = int(os.environ['LOCAL_RANK'])#int(os.environ['SLURM_LOCALID'])
  File "/home/alexander_pan/anaconda3/envs/standard/lib/python3.7/os.py", line 681, in __getitem__
    raise KeyError(key) from None
KeyError: 'LOCAL_RANK'
done
