SLURM job: True
Traceback (most recent call last):
  File "main.py", line 242, in <module>
SLURM job: True
Traceback (most recent call last):
  File "main.py", line 242, in <module>
    main(params)
  File "main.py", line 165, in main
    main(params)
  File "main.py", line 165, in main
SLURM job: True
Traceback (most recent call last):
  File "main.py", line 242, in <module>
SLURM job: True
Traceback (most recent call last):
  File "main.py", line 242, in <module>
    init_distributed_mode(params)
  File "/central/home/aypan/enc_dec/src/slurm.py", line 62, in init_distributed_mode
    main(params)
  File "main.py", line 165, in main
    init_distributed_mode(params)
  File "/central/home/aypan/enc_dec/src/slurm.py", line 62, in init_distributed_mode
    main(params)
  File "main.py", line 165, in main
    assert params.local_rank == -1   # on the cluster, this is handled by SLURM
AssertionError
    init_distributed_mode(params)
  File "/central/home/aypan/enc_dec/src/slurm.py", line 62, in init_distributed_mode
    assert params.local_rank == -1   # on the cluster, this is handled by SLURM
AssertionError
    init_distributed_mode(params)
  File "/central/home/aypan/enc_dec/src/slurm.py", line 62, in init_distributed_mode
    assert params.local_rank == -1   # on the cluster, this is handled by SLURM
AssertionError
    assert params.local_rank == -1   # on the cluster, this is handled by SLURM
AssertionError
Traceback (most recent call last):
  File "/home/aypan/miniconda3/lib/python3.7/runpy.py", line 193, in _run_module_as_main
    "__main__", mod_spec)
  File "/home/aypan/miniconda3/lib/python3.7/runpy.py", line 85, in _run_code
    exec(code, run_globals)
  File "/home/aypan/miniconda3/lib/python3.7/site-packages/torch/distributed/launch.py", line 263, in <module>
    main()
  File "/home/aypan/miniconda3/lib/python3.7/site-packages/torch/distributed/launch.py", line 259, in main
    cmd=cmd)
subprocess.CalledProcessError: Command '['/home/aypan/miniconda3/bin/python3', '-u', 'main.py', '--local_rank=3', '--exp_name', 'treelstm_noinit', '--tasks', 'ode2', '--reload_data', 'ode2,ode2.train,ode2.valid,ode2.test', '--reload_size', '100', '--emb_dim', '256', '--n_dec_layers', '6', '--n_heads', '8', '--dropout', '0.1', '--treelstm', '--symmetric', '--num_bit', '10', '--optimizer', 'adam,lr=0.0001', '--batch_size', '32', '--epoch_size', '100', '--max_epoch', '10', '--validation_metrics', 'valid_ode2_acc']' returned non-zero exit status 1.
*****************************************
Setting OMP_NUM_THREADS environment variable for each process to be 1 in default, to avoid your system being overloaded, please further tune the variable for optimal performance in your application as needed. 
*****************************************
done
